{"C:\\Users\\seydi\\TurkmenPhrasebook\\src\\components\\AudioPlayer.tsx": {"path":"C:\\Users\\seydi\\TurkmenPhrasebook\\src\\components\\AudioPlayer.tsx","statementMap":{"0":{"start":{"line":36,"column":74},"end":{"line":36,"column":84}},"1":{"start":{"line":37,"column":21},"end":{"line":37,"column":37}},"2":{"start":{"line":38,"column":50},"end":{"line":38,"column":79}},"3":{"start":{"line":40,"column":22},"end":{"line":48,"column":3}},"4":{"start":{"line":41,"column":4},"end":{"line":47,"column":5}},"5":{"start":{"line":42,"column":6},"end":{"line":42,"column":24}},"6":{"start":{"line":43,"column":6},"end":{"line":43,"column":32}},"7":{"start":{"line":45,"column":25},"end":{"line":45,"column":67}},"8":{"start":{"line":46,"column":6},"end":{"line":46,"column":38}},"9":{"start":{"line":51,"column":21},"end":{"line":53,"column":54}},"10":{"start":{"line":55,"column":25},"end":{"line":63,"column":3}},"11":{"start":{"line":56,"column":22},"end":{"line":56,"column":80}},"12":{"start":{"line":58,"column":4},"end":{"line":62,"column":5}},"13":{"start":{"line":59,"column":6},"end":{"line":59,"column":47}},"14":{"start":{"line":61,"column":6},"end":{"line":61,"column":49}},"15":{"start":{"line":65,"column":23},"end":{"line":67,"column":3}},"16":{"start":{"line":66,"column":4},"end":{"line":66,"column":68}},"17":{"start":{"line":69,"column":22},"end":{"line":71,"column":3}},"18":{"start":{"line":70,"column":4},"end":{"line":70,"column":38}},"19":{"start":{"line":73,"column":25},"end":{"line":77,"column":3}},"20":{"start":{"line":74,"column":4},"end":{"line":74,"column":49}},"21":{"start":{"line":74,"column":30},"end":{"line":74,"column":49}},"22":{"start":{"line":75,"column":4},"end":{"line":75,"column":46}},"23":{"start":{"line":75,"column":30},"end":{"line":75,"column":46}},"24":{"start":{"line":76,"column":4},"end":{"line":76,"column":32}},"25":{"start":{"line":79,"column":2},"end":{"line":115,"column":4}},"26":{"start":{"line":118,"column":15},"end":{"line":183,"column":2}}},"fnMap":{"0":{"name":"AudioPlayer","decl":{"start":{"line":27,"column":24},"end":{"line":27,"column":35}},"loc":{"start":{"line":35,"column":21},"end":{"line":116,"column":1}},"line":35},"1":{"name":"(anonymous_1)","decl":{"start":{"line":40,"column":22},"end":{"line":40,"column":23}},"loc":{"start":{"line":40,"column":34},"end":{"line":48,"column":3}},"line":40},"2":{"name":"(anonymous_2)","decl":{"start":{"line":55,"column":25},"end":{"line":55,"column":26}},"loc":{"start":{"line":55,"column":31},"end":{"line":63,"column":3}},"line":55},"3":{"name":"(anonymous_3)","decl":{"start":{"line":65,"column":23},"end":{"line":65,"column":24}},"loc":{"start":{"line":65,"column":29},"end":{"line":67,"column":3}},"line":65},"4":{"name":"(anonymous_4)","decl":{"start":{"line":69,"column":22},"end":{"line":69,"column":23}},"loc":{"start":{"line":69,"column":28},"end":{"line":71,"column":3}},"line":69},"5":{"name":"(anonymous_5)","decl":{"start":{"line":73,"column":25},"end":{"line":73,"column":26}},"loc":{"start":{"line":73,"column":31},"end":{"line":77,"column":3}},"line":73}},"branchMap":{"0":{"loc":{"start":{"line":33,"column":2},"end":{"line":33,"column":16}},"type":"default-arg","locations":[{"start":{"line":33,"column":9},"end":{"line":33,"column":16}}],"line":33},"1":{"loc":{"start":{"line":34,"column":2},"end":{"line":34,"column":18}},"type":"default-arg","locations":[{"start":{"line":34,"column":13},"end":{"line":34,"column":18}}],"line":34},"2":{"loc":{"start":{"line":41,"column":4},"end":{"line":47,"column":5}},"type":"if","locations":[{"start":{"line":41,"column":4},"end":{"line":47,"column":5}},{"start":{"line":44,"column":11},"end":{"line":47,"column":5}}],"line":41},"3":{"loc":{"start":{"line":51,"column":21},"end":{"line":53,"column":54}},"type":"binary-expr","locations":[{"start":{"line":51,"column":21},"end":{"line":51,"column":37}},{"start":{"line":52,"column":21},"end":{"line":52,"column":43}},{"start":{"line":53,"column":21},"end":{"line":53,"column":54}}],"line":51},"4":{"loc":{"start":{"line":56,"column":22},"end":{"line":56,"column":80}},"type":"cond-expr","locations":[{"start":{"line":56,"column":41},"end":{"line":56,"column":59}},{"start":{"line":56,"column":62},"end":{"line":56,"column":80}}],"line":56},"5":{"loc":{"start":{"line":58,"column":4},"end":{"line":62,"column":5}},"type":"if","locations":[{"start":{"line":58,"column":4},"end":{"line":62,"column":5}},{"start":{"line":60,"column":11},"end":{"line":62,"column":5}}],"line":58},"6":{"loc":{"start":{"line":66,"column":11},"end":{"line":66,"column":67}},"type":"cond-expr","locations":[{"start":{"line":66,"column":30},"end":{"line":66,"column":47}},{"start":{"line":66,"column":50},"end":{"line":66,"column":67}}],"line":66},"7":{"loc":{"start":{"line":70,"column":11},"end":{"line":70,"column":37}},"type":"cond-expr","locations":[{"start":{"line":70,"column":30},"end":{"line":70,"column":32}},{"start":{"line":70,"column":35},"end":{"line":70,"column":37}}],"line":70},"8":{"loc":{"start":{"line":74,"column":4},"end":{"line":74,"column":49}},"type":"if","locations":[{"start":{"line":74,"column":4},"end":{"line":74,"column":49}},{"start":{},"end":{}}],"line":74},"9":{"loc":{"start":{"line":75,"column":4},"end":{"line":75,"column":46}},"type":"if","locations":[{"start":{"line":75,"column":4},"end":{"line":75,"column":46}},{"start":{},"end":{}}],"line":75},"10":{"loc":{"start":{"line":82,"column":34},"end":{"line":82,"column":76}},"type":"binary-expr","locations":[{"start":{"line":82,"column":35},"end":{"line":82,"column":43}},{"start":{"line":82,"column":47},"end":{"line":82,"column":56}},{"start":{"line":82,"column":61},"end":{"line":82,"column":76}}],"line":82},"11":{"loc":{"start":{"line":84,"column":18},"end":{"line":84,"column":39}},"type":"binary-expr","locations":[{"start":{"line":84,"column":18},"end":{"line":84,"column":26}},{"start":{"line":84,"column":30},"end":{"line":84,"column":39}}],"line":84},"12":{"loc":{"start":{"line":88,"column":11},"end":{"line":99,"column":11}},"type":"cond-expr","locations":[{"start":{"line":89,"column":12},"end":{"line":92,"column":14}},{"start":{"line":94,"column":12},"end":{"line":98,"column":14}}],"line":88},"13":{"loc":{"start":{"line":90,"column":20},"end":{"line":90,"column":56}},"type":"cond-expr","locations":[{"start":{"line":90,"column":39},"end":{"line":90,"column":46}},{"start":{"line":90,"column":49},"end":{"line":90,"column":56}}],"line":90},"14":{"loc":{"start":{"line":95,"column":20},"end":{"line":95,"column":62}},"type":"cond-expr","locations":[{"start":{"line":95,"column":32},"end":{"line":95,"column":46}},{"start":{"line":95,"column":49},"end":{"line":95,"column":62}}],"line":95},"15":{"loc":{"start":{"line":100,"column":11},"end":{"line":104,"column":11}},"type":"binary-expr","locations":[{"start":{"line":100,"column":11},"end":{"line":100,"column":27}},{"start":{"line":101,"column":12},"end":{"line":103,"column":19}}],"line":100},"16":{"loc":{"start":{"line":102,"column":15},"end":{"line":102,"column":51}},"type":"cond-expr","locations":[{"start":{"line":102,"column":27},"end":{"line":102,"column":43}},{"start":{"line":102,"column":46},"end":{"line":102,"column":51}}],"line":102},"17":{"loc":{"start":{"line":109,"column":7},"end":{"line":113,"column":7}},"type":"binary-expr","locations":[{"start":{"line":109,"column":7},"end":{"line":109,"column":17}},{"start":{"line":109,"column":21},"end":{"line":109,"column":37}},{"start":{"line":110,"column":8},"end":{"line":112,"column":15}}],"line":109}},"s":{"0":0,"1":0,"2":0,"3":0,"4":0,"5":0,"6":0,"7":0,"8":0,"9":0,"10":0,"11":0,"12":0,"13":0,"14":0,"15":0,"16":0,"17":0,"18":0,"19":0,"20":0,"21":0,"22":0,"23":0,"24":0,"25":0,"26":0},"f":{"0":0,"1":0,"2":0,"3":0,"4":0,"5":0},"b":{"0":[0],"1":[0],"2":[0,0],"3":[0,0,0],"4":[0,0],"5":[0,0],"6":[0,0],"7":[0,0],"8":[0,0],"9":[0,0],"10":[0,0,0],"11":[0,0],"12":[0,0],"13":[0,0],"14":[0,0],"15":[0,0],"16":[0,0],"17":[0,0,0]}}
,"C:\\Users\\seydi\\TurkmenPhrasebook\\src\\components\\CategoryCard.tsx": {"path":"C:\\Users\\seydi\\TurkmenPhrasebook\\src\\components\\CategoryCard.tsx","statementMap":{"0":{"start":{"line":16,"column":29},"end":{"line":16,"column":44}},"1":{"start":{"line":17,"column":22},"end":{"line":17,"column":125}},"2":{"start":{"line":17,"column":42},"end":{"line":17,"column":66}},"3":{"start":{"line":17,"column":67},"end":{"line":17,"column":85}},"4":{"start":{"line":18,"column":26},"end":{"line":22,"column":3}},"5":{"start":{"line":19,"column":22},"end":{"line":19,"column":103}},"6":{"start":{"line":20,"column":17},"end":{"line":20,"column":36}},"7":{"start":{"line":21,"column":4},"end":{"line":21,"column":63}},"8":{"start":{"line":23,"column":16},"end":{"line":23,"column":102}},"9":{"start":{"line":23,"column":49},"end":{"line":23,"column":100}},"10":{"start":{"line":24,"column":27},"end":{"line":30,"column":3}},"11":{"start":{"line":25,"column":4},"end":{"line":29,"column":5}},"12":{"start":{"line":26,"column":6},"end":{"line":26,"column":92}},"13":{"start":{"line":28,"column":6},"end":{"line":28,"column":120}},"14":{"start":{"line":31,"column":16},"end":{"line":31,"column":34}},"15":{"start":{"line":32,"column":2},"end":{"line":44,"column":4}},"16":{"start":{"line":47,"column":15},"end":{"line":56,"column":2}}},"fnMap":{"0":{"name":"CategoryCard","decl":{"start":{"line":15,"column":24},"end":{"line":15,"column":36}},"loc":{"start":{"line":15,"column":93},"end":{"line":45,"column":1}},"line":15},"1":{"name":"(anonymous_1)","decl":{"start":{"line":17,"column":34},"end":{"line":17,"column":35}},"loc":{"start":{"line":17,"column":40},"end":{"line":17,"column":87}},"line":17},"2":{"name":"(anonymous_2)","decl":{"start":{"line":18,"column":26},"end":{"line":18,"column":27}},"loc":{"start":{"line":18,"column":56},"end":{"line":22,"column":3}},"line":18},"3":{"name":"(anonymous_3)","decl":{"start":{"line":23,"column":16},"end":{"line":23,"column":17}},"loc":{"start":{"line":23,"column":47},"end":{"line":23,"column":102}},"line":23},"4":{"name":"(anonymous_4)","decl":{"start":{"line":24,"column":27},"end":{"line":24,"column":28}},"loc":{"start":{"line":24,"column":33},"end":{"line":30,"column":3}},"line":24}},"branchMap":{"0":{"loc":{"start":{"line":21,"column":12},"end":{"line":21,"column":61}},"type":"cond-expr","locations":[{"start":{"line":21,"column":39},"end":{"line":21,"column":43}},{"start":{"line":21,"column":46},"end":{"line":21,"column":61}}],"line":21},"1":{"loc":{"start":{"line":25,"column":4},"end":{"line":29,"column":5}},"type":"if","locations":[{"start":{"line":25,"column":4},"end":{"line":29,"column":5}},{"start":{"line":27,"column":11},"end":{"line":29,"column":5}}],"line":25},"2":{"loc":{"start":{"line":39,"column":44},"end":{"line":39,"column":81}},"type":"binary-expr","locations":[{"start":{"line":39,"column":44},"end":{"line":39,"column":63}},{"start":{"line":39,"column":67},"end":{"line":39,"column":81}}],"line":39},"3":{"loc":{"start":{"line":40,"column":46},"end":{"line":40,"column":83}},"type":"binary-expr","locations":[{"start":{"line":40,"column":46},"end":{"line":40,"column":65}},{"start":{"line":40,"column":69},"end":{"line":40,"column":83}}],"line":40}},"s":{"0":0,"1":0,"2":0,"3":0,"4":0,"5":0,"6":0,"7":0,"8":0,"9":0,"10":0,"11":0,"12":0,"13":0,"14":0,"15":0,"16":0},"f":{"0":0,"1":0,"2":0,"3":0,"4":0},"b":{"0":[0,0],"1":[0,0],"2":[0,0],"3":[0,0]}}
,"C:\\Users\\seydi\\TurkmenPhrasebook\\src\\components\\ErrorBoundary.tsx": {"path":"C:\\Users\\seydi\\TurkmenPhrasebook\\src\\components\\ErrorBoundary.tsx","statementMap":{"0":{"start":{"line":21,"column":4},"end":{"line":21,"column":17}},"1":{"start":{"line":22,"column":4},"end":{"line":26,"column":6}},"2":{"start":{"line":30,"column":4},"end":{"line":34,"column":6}},"3":{"start":{"line":39,"column":4},"end":{"line":39,"column":70}},"4":{"start":{"line":41,"column":4},"end":{"line":44,"column":7}},"5":{"start":{"line":50,"column":24},"end":{"line":56,"column":3}},"6":{"start":{"line":51,"column":4},"end":{"line":55,"column":7}},"7":{"start":{"line":59,"column":4},"end":{"line":85,"column":5}},"8":{"start":{"line":60,"column":6},"end":{"line":62,"column":7}},"9":{"start":{"line":61,"column":8},"end":{"line":61,"column":44}},"10":{"start":{"line":64,"column":6},"end":{"line":84,"column":8}},"11":{"start":{"line":87,"column":4},"end":{"line":87,"column":31}},"12":{"start":{"line":91,"column":15},"end":{"line":146,"column":2}}},"fnMap":{"0":{"name":"(anonymous_0)","decl":{"start":{"line":20,"column":2},"end":{"line":20,"column":3}},"loc":{"start":{"line":20,"column":28},"end":{"line":27,"column":3}},"line":20},"1":{"name":"(anonymous_1)","decl":{"start":{"line":29,"column":2},"end":{"line":29,"column":3}},"loc":{"start":{"line":29,"column":55},"end":{"line":35,"column":3}},"line":29},"2":{"name":"(anonymous_2)","decl":{"start":{"line":37,"column":2},"end":{"line":37,"column":3}},"loc":{"start":{"line":37,"column":56},"end":{"line":48,"column":3}},"line":37},"3":{"name":"(anonymous_3)","decl":{"start":{"line":50,"column":24},"end":{"line":50,"column":25}},"loc":{"start":{"line":50,"column":30},"end":{"line":56,"column":3}},"line":50},"4":{"name":"(anonymous_4)","decl":{"start":{"line":58,"column":2},"end":{"line":58,"column":3}},"loc":{"start":{"line":58,"column":11},"end":{"line":88,"column":3}},"line":58}},"branchMap":{"0":{"loc":{"start":{"line":59,"column":4},"end":{"line":85,"column":5}},"type":"if","locations":[{"start":{"line":59,"column":4},"end":{"line":85,"column":5}},{"start":{},"end":{}}],"line":59},"1":{"loc":{"start":{"line":60,"column":6},"end":{"line":62,"column":7}},"type":"if","locations":[{"start":{"line":60,"column":6},"end":{"line":62,"column":7}},{"start":{},"end":{}}],"line":60},"2":{"loc":{"start":{"line":72,"column":11},"end":{"line":77,"column":11}},"type":"binary-expr","locations":[{"start":{"line":72,"column":11},"end":{"line":72,"column":18}},{"start":{"line":72,"column":22},"end":{"line":72,"column":38}},{"start":{"line":73,"column":12},"end":{"line":76,"column":19}}],"line":72}},"s":{"0":17,"1":17,"2":16,"3":8,"4":8,"5":17,"6":1,"7":43,"8":24,"9":3,"10":21,"11":19,"12":1},"f":{"0":17,"1":16,"2":8,"3":1,"4":43},"b":{"0":[24,19],"1":[3,21],"2":[21,21,21]},"_coverageSchema":"1a1c01bbd47fc00a2c39e90264f33305004495a9","hash":"4566b0e7c70fcaf2841443de338ddadd5815b1f5"}
,"C:\\Users\\seydi\\TurkmenPhrasebook\\src\\components\\FontSizeModal.tsx": {"path":"C:\\Users\\seydi\\TurkmenPhrasebook\\src\\components\\FontSizeModal.tsx","statementMap":{"0":{"start":{"line":17,"column":22},"end":{"line":112,"column":2}},"1":{"start":{"line":25,"column":48},"end":{"line":25,"column":73}},"2":{"start":{"line":28,"column":2},"end":{"line":32,"column":33}},"3":{"start":{"line":29,"column":4},"end":{"line":31,"column":5}},"4":{"start":{"line":30,"column":6},"end":{"line":30,"column":42}},"5":{"start":{"line":35,"column":22},"end":{"line":39,"column":19}},"6":{"start":{"line":36,"column":4},"end":{"line":38,"column":22}},"7":{"start":{"line":42,"column":29},"end":{"line":44,"column":8}},"8":{"start":{"line":43,"column":4},"end":{"line":43,"column":30}},"9":{"start":{"line":46,"column":21},"end":{"line":49,"column":40}},"10":{"start":{"line":47,"column":4},"end":{"line":47,"column":34}},"11":{"start":{"line":48,"column":4},"end":{"line":48,"column":14}},"12":{"start":{"line":51,"column":23},"end":{"line":54,"column":32}},"13":{"start":{"line":52,"column":4},"end":{"line":52,"column":40}},"14":{"start":{"line":53,"column":4},"end":{"line":53,"column":14}},"15":{"start":{"line":56,"column":2},"end":{"line":56,"column":28}},"16":{"start":{"line":56,"column":16},"end":{"line":56,"column":28}},"17":{"start":{"line":58,"column":2},"end":{"line":111,"column":4}},"18":{"start":{"line":114,"column":15},"end":{"line":197,"column":2}}},"fnMap":{"0":{"name":"(anonymous_0)","decl":{"start":{"line":17,"column":33},"end":{"line":17,"column":34}},"loc":{"start":{"line":23,"column":26},"end":{"line":112,"column":1}},"line":23},"1":{"name":"(anonymous_1)","decl":{"start":{"line":28,"column":18},"end":{"line":28,"column":19}},"loc":{"start":{"line":28,"column":24},"end":{"line":32,"column":3}},"line":28},"2":{"name":"(anonymous_2)","decl":{"start":{"line":35,"column":30},"end":{"line":35,"column":31}},"loc":{"start":{"line":35,"column":36},"end":{"line":39,"column":3}},"line":35},"3":{"name":"(anonymous_3)","decl":{"start":{"line":42,"column":41},"end":{"line":42,"column":42}},"loc":{"start":{"line":42,"column":60},"end":{"line":44,"column":3}},"line":42},"4":{"name":"(anonymous_4)","decl":{"start":{"line":46,"column":33},"end":{"line":46,"column":34}},"loc":{"start":{"line":46,"column":45},"end":{"line":49,"column":3}},"line":46},"5":{"name":"(anonymous_5)","decl":{"start":{"line":51,"column":35},"end":{"line":51,"column":36}},"loc":{"start":{"line":51,"column":41},"end":{"line":54,"column":3}},"line":51}},"branchMap":{"0":{"loc":{"start":{"line":29,"column":4},"end":{"line":31,"column":5}},"type":"if","locations":[{"start":{"line":29,"column":4},"end":{"line":31,"column":5}},{"start":{},"end":{}}],"line":29},"1":{"loc":{"start":{"line":36,"column":11},"end":{"line":38,"column":21}},"type":"cond-expr","locations":[{"start":{"line":37,"column":8},"end":{"line":37,"column":42}},{"start":{"line":38,"column":8},"end":{"line":38,"column":21}}],"line":36},"2":{"loc":{"start":{"line":56,"column":2},"end":{"line":56,"column":28}},"type":"if","locations":[{"start":{"line":56,"column":2},"end":{"line":56,"column":28}},{"start":{},"end":{}}],"line":56},"3":{"loc":{"start":{"line":68,"column":13},"end":{"line":68,"column":61}},"type":"cond-expr","locations":[{"start":{"line":68,"column":36},"end":{"line":68,"column":52}},{"start":{"line":68,"column":55},"end":{"line":68,"column":61}}],"line":68},"4":{"loc":{"start":{"line":96,"column":17},"end":{"line":96,"column":54}},"type":"cond-expr","locations":[{"start":{"line":96,"column":40},"end":{"line":96,"column":47}},{"start":{"line":96,"column":50},"end":{"line":96,"column":54}}],"line":96},"5":{"loc":{"start":{"line":104,"column":17},"end":{"line":104,"column":60}},"type":"cond-expr","locations":[{"start":{"line":104,"column":40},"end":{"line":104,"column":53}},{"start":{"line":104,"column":56},"end":{"line":104,"column":60}}],"line":104}},"s":{"0":0,"1":0,"2":0,"3":0,"4":0,"5":0,"6":0,"7":0,"8":0,"9":0,"10":0,"11":0,"12":0,"13":0,"14":0,"15":0,"16":0,"17":0,"18":0},"f":{"0":0,"1":0,"2":0,"3":0,"4":0,"5":0},"b":{"0":[0,0],"1":[0,0],"2":[0,0],"3":[0,0],"4":[0,0],"5":[0,0]}}
,"C:\\Users\\seydi\\TurkmenPhrasebook\\src\\components\\LoadingStates.tsx": {"path":"C:\\Users\\seydi\\TurkmenPhrasebook\\src\\components\\LoadingStates.tsx","statementMap":{"0":{"start":{"line":13,"column":61},"end":{"line":22,"column":1}},"1":{"start":{"line":18,"column":2},"end":{"line":21,"column":9}},"2":{"start":{"line":31,"column":49},"end":{"line":48,"column":1}},"3":{"start":{"line":37,"column":2},"end":{"line":47,"column":4}},"4":{"start":{"line":51,"column":44},"end":{"line":65,"column":1}},"5":{"start":{"line":52,"column":2},"end":{"line":64,"column":9}},"6":{"start":{"line":68,"column":66},"end":{"line":78,"column":1}},"7":{"start":{"line":69,"column":2},"end":{"line":77,"column":9}},"8":{"start":{"line":71,"column":6},"end":{"line":75,"column":13}},"9":{"start":{"line":87,"column":71},"end":{"line":111,"column":1}},"10":{"start":{"line":92,"column":2},"end":{"line":110,"column":9}},"11":{"start":{"line":119,"column":59},"end":{"line":126,"column":1}},"12":{"start":{"line":120,"column":2},"end":{"line":125,"column":9}},"13":{"start":{"line":138,"column":53},"end":{"line":163,"column":1}},"14":{"start":{"line":146,"column":2},"end":{"line":162,"column":9}},"15":{"start":{"line":165,"column":15},"end":{"line":304,"column":2}},"16":{"start":{"line":318,"column":28},"end":{"line":322,"column":4}},"17":{"start":{"line":324,"column":26},"end":{"line":324,"column":43}},"18":{"start":{"line":326,"column":18},"end":{"line":367,"column":19}},"19":{"start":{"line":334,"column":4},"end":{"line":334,"column":64}},"20":{"start":{"line":334,"column":22},"end":{"line":334,"column":61}},"21":{"start":{"line":336,"column":4},"end":{"line":366,"column":5}},"22":{"start":{"line":337,"column":21},"end":{"line":337,"column":38}},"23":{"start":{"line":339,"column":6},"end":{"line":343,"column":9}},"24":{"start":{"line":345,"column":6},"end":{"line":347,"column":7}},"25":{"start":{"line":346,"column":8},"end":{"line":346,"column":34}},"26":{"start":{"line":349,"column":6},"end":{"line":349,"column":20}},"27":{"start":{"line":351,"column":27},"end":{"line":351,"column":83}},"28":{"start":{"line":353,"column":6},"end":{"line":357,"column":9}},"29":{"start":{"line":359,"column":6},"end":{"line":359,"column":44}},"30":{"start":{"line":361,"column":6},"end":{"line":363,"column":7}},"31":{"start":{"line":362,"column":8},"end":{"line":362,"column":40}},"32":{"start":{"line":365,"column":6},"end":{"line":365,"column":18}},"33":{"start":{"line":369,"column":16},"end":{"line":375,"column":8}},"34":{"start":{"line":370,"column":4},"end":{"line":374,"column":7}},"35":{"start":{"line":377,"column":2},"end":{"line":381,"column":4}}},"fnMap":{"0":{"name":"(anonymous_0)","decl":{"start":{"line":13,"column":61},"end":{"line":13,"column":62}},"loc":{"start":{"line":18,"column":2},"end":{"line":21,"column":9}},"line":18},"1":{"name":"(anonymous_1)","decl":{"start":{"line":31,"column":49},"end":{"line":31,"column":50}},"loc":{"start":{"line":37,"column":2},"end":{"line":47,"column":4}},"line":37},"2":{"name":"(anonymous_2)","decl":{"start":{"line":51,"column":44},"end":{"line":51,"column":45}},"loc":{"start":{"line":52,"column":2},"end":{"line":64,"column":9}},"line":52},"3":{"name":"(anonymous_3)","decl":{"start":{"line":68,"column":66},"end":{"line":68,"column":67}},"loc":{"start":{"line":69,"column":2},"end":{"line":77,"column":9}},"line":69},"4":{"name":"(anonymous_4)","decl":{"start":{"line":70,"column":39},"end":{"line":70,"column":40}},"loc":{"start":{"line":71,"column":6},"end":{"line":75,"column":13}},"line":71},"5":{"name":"(anonymous_5)","decl":{"start":{"line":87,"column":71},"end":{"line":87,"column":72}},"loc":{"start":{"line":92,"column":2},"end":{"line":110,"column":9}},"line":92},"6":{"name":"(anonymous_6)","decl":{"start":{"line":119,"column":59},"end":{"line":119,"column":60}},"loc":{"start":{"line":120,"column":2},"end":{"line":125,"column":9}},"line":120},"7":{"name":"(anonymous_7)","decl":{"start":{"line":138,"column":53},"end":{"line":138,"column":54}},"loc":{"start":{"line":146,"column":2},"end":{"line":162,"column":9}},"line":146},"8":{"name":"useAsyncOperation","decl":{"start":{"line":317,"column":16},"end":{"line":317,"column":33}},"loc":{"start":{"line":317,"column":45},"end":{"line":382,"column":1}},"line":317},"9":{"name":"(anonymous_9)","decl":{"start":{"line":326,"column":30},"end":{"line":326,"column":31}},"loc":{"start":{"line":333,"column":7},"end":{"line":367,"column":3}},"line":333},"10":{"name":"(anonymous_10)","decl":{"start":{"line":334,"column":13},"end":{"line":334,"column":14}},"loc":{"start":{"line":334,"column":22},"end":{"line":334,"column":61}},"line":334},"11":{"name":"(anonymous_11)","decl":{"start":{"line":369,"column":28},"end":{"line":369,"column":29}},"loc":{"start":{"line":369,"column":34},"end":{"line":375,"column":3}},"line":369}},"branchMap":{"0":{"loc":{"start":{"line":14,"column":2},"end":{"line":14,"column":16}},"type":"default-arg","locations":[{"start":{"line":14,"column":9},"end":{"line":14,"column":16}}],"line":14},"1":{"loc":{"start":{"line":15,"column":2},"end":{"line":15,"column":24}},"type":"default-arg","locations":[{"start":{"line":15,"column":10},"end":{"line":15,"column":24}}],"line":15},"2":{"loc":{"start":{"line":20,"column":5},"end":{"line":20,"column":68}},"type":"binary-expr","locations":[{"start":{"line":20,"column":5},"end":{"line":20,"column":12}},{"start":{"line":20,"column":16},"end":{"line":20,"column":68}}],"line":20},"3":{"loc":{"start":{"line":32,"column":2},"end":{"line":32,"column":16}},"type":"default-arg","locations":[{"start":{"line":32,"column":10},"end":{"line":32,"column":16}}],"line":32},"4":{"loc":{"start":{"line":33,"column":2},"end":{"line":33,"column":13}},"type":"default-arg","locations":[{"start":{"line":33,"column":11},"end":{"line":33,"column":13}}],"line":33},"5":{"loc":{"start":{"line":34,"column":2},"end":{"line":34,"column":18}},"type":"default-arg","locations":[{"start":{"line":34,"column":17},"end":{"line":34,"column":18}}],"line":34},"6":{"loc":{"start":{"line":35,"column":2},"end":{"line":35,"column":18}},"type":"default-arg","locations":[{"start":{"line":35,"column":17},"end":{"line":35,"column":18}}],"line":35},"7":{"loc":{"start":{"line":68,"column":69},"end":{"line":68,"column":78}},"type":"default-arg","locations":[{"start":{"line":68,"column":77},"end":{"line":68,"column":78}}],"line":68},"8":{"loc":{"start":{"line":89,"column":2},"end":{"line":89,"column":25}},"type":"default-arg","locations":[{"start":{"line":89,"column":12},"end":{"line":89,"column":25}}],"line":89},"9":{"loc":{"start":{"line":95,"column":5},"end":{"line":95,"column":78}},"type":"binary-expr","locations":[{"start":{"line":95,"column":5},"end":{"line":95,"column":15}},{"start":{"line":95,"column":19},"end":{"line":95,"column":78}}],"line":95},"10":{"loc":{"start":{"line":97,"column":5},"end":{"line":109,"column":5}},"type":"binary-expr","locations":[{"start":{"line":97,"column":5},"end":{"line":97,"column":27}},{"start":{"line":98,"column":6},"end":{"line":108,"column":13}}],"line":97},"11":{"loc":{"start":{"line":121,"column":5},"end":{"line":121,"column":104}},"type":"binary-expr","locations":[{"start":{"line":121,"column":5},"end":{"line":121,"column":12}},{"start":{"line":121,"column":16},"end":{"line":121,"column":104}}],"line":121},"12":{"loc":{"start":{"line":122,"column":40},"end":{"line":122,"column":78}},"type":"binary-expr","locations":[{"start":{"line":122,"column":40},"end":{"line":122,"column":47}},{"start":{"line":122,"column":51},"end":{"line":122,"column":78}}],"line":122},"13":{"loc":{"start":{"line":139,"column":2},"end":{"line":139,"column":27}},"type":"default-arg","locations":[{"start":{"line":139,"column":9},"end":{"line":139,"column":27}}],"line":139},"14":{"loc":{"start":{"line":151,"column":5},"end":{"line":161,"column":5}},"type":"binary-expr","locations":[{"start":{"line":151,"column":5},"end":{"line":151,"column":15}},{"start":{"line":151,"column":19},"end":{"line":151,"column":27}},{"start":{"line":152,"column":6},"end":{"line":160,"column":13}}],"line":151},"15":{"loc":{"start":{"line":153,"column":9},"end":{"line":159,"column":9}},"type":"cond-expr","locations":[{"start":{"line":154,"column":10},"end":{"line":154,"column":67}},{"start":{"line":156,"column":10},"end":{"line":158,"column":17}}],"line":153},"16":{"loc":{"start":{"line":345,"column":6},"end":{"line":347,"column":7}},"type":"if","locations":[{"start":{"line":345,"column":6},"end":{"line":347,"column":7}},{"start":{},"end":{}}],"line":345},"17":{"loc":{"start":{"line":351,"column":27},"end":{"line":351,"column":83}},"type":"cond-expr","locations":[{"start":{"line":351,"column":52},"end":{"line":351,"column":65}},{"start":{"line":351,"column":68},"end":{"line":351,"column":83}}],"line":351},"18":{"loc":{"start":{"line":361,"column":6},"end":{"line":363,"column":7}},"type":"if","locations":[{"start":{"line":361,"column":6},"end":{"line":363,"column":7}},{"start":{},"end":{}}],"line":361}},"s":{"0":1,"1":5,"2":1,"3":58,"4":1,"5":1,"6":1,"7":3,"8":16,"9":1,"10":7,"11":1,"12":3,"13":1,"14":6,"15":1,"16":0,"17":0,"18":0,"19":0,"20":0,"21":0,"22":0,"23":0,"24":0,"25":0,"26":0,"27":0,"28":0,"29":0,"30":0,"31":0,"32":0,"33":0,"34":0,"35":0},"f":{"0":5,"1":58,"2":1,"3":3,"4":16,"5":7,"6":3,"7":6,"8":0,"9":0,"10":0,"11":0},"b":{"0":[3],"1":[4],"2":[5,1],"3":[1],"4":[2],"5":[38],"6":[2],"7":[1],"8":[6],"9":[7,1],"10":[7,4],"11":[3,1],"12":[3,1],"13":[5],"14":[6,3,2],"15":[1,1],"16":[0,0],"17":[0,0],"18":[0,0]},"_coverageSchema":"1a1c01bbd47fc00a2c39e90264f33305004495a9","hash":"69e14f92fdbadd59dca7a12cf45b2be148f76f73"}
,"C:\\Users\\seydi\\TurkmenPhrasebook\\src\\components\\OfflineIndicator.tsx": {"path":"C:\\Users\\seydi\\TurkmenPhrasebook\\src\\components\\OfflineIndicator.tsx","statementMap":{"0":{"start":{"line":23,"column":6},"end":{"line":23,"column":29}},"1":{"start":{"line":25,"column":62},"end":{"line":25,"column":77}},"2":{"start":{"line":26,"column":21},"end":{"line":26,"column":37}},"3":{"start":{"line":28,"column":38},"end":{"line":28,"column":53}},"4":{"start":{"line":29,"column":22},"end":{"line":29,"column":59}},"5":{"start":{"line":30,"column":21},"end":{"line":30,"column":58}},"6":{"start":{"line":31,"column":20},"end":{"line":31,"column":57}},"7":{"start":{"line":34,"column":2},"end":{"line":50,"column":56}},"8":{"start":{"line":35,"column":4},"end":{"line":49,"column":5}},"9":{"start":{"line":37,"column":6},"end":{"line":41,"column":17}},"10":{"start":{"line":44,"column":6},"end":{"line":48,"column":17}},"11":{"start":{"line":53,"column":2},"end":{"line":75,"column":29}},"12":{"start":{"line":54,"column":4},"end":{"line":74,"column":5}},"13":{"start":{"line":55,"column":20},"end":{"line":68,"column":7}},"14":{"start":{"line":69,"column":6},"end":{"line":69,"column":20}},"15":{"start":{"line":71,"column":6},"end":{"line":71,"column":32}},"16":{"start":{"line":71,"column":19},"end":{"line":71,"column":31}},"17":{"start":{"line":73,"column":6},"end":{"line":73,"column":28}},"18":{"start":{"line":78,"column":2},"end":{"line":84,"column":31}},"19":{"start":{"line":79,"column":4},"end":{"line":83,"column":15}},"20":{"start":{"line":86,"column":24},"end":{"line":133,"column":3}},"21":{"start":{"line":87,"column":4},"end":{"line":94,"column":5}},"22":{"start":{"line":88,"column":6},"end":{"line":93,"column":8}},"23":{"start":{"line":96,"column":4},"end":{"line":103,"column":5}},"24":{"start":{"line":97,"column":6},"end":{"line":102,"column":8}},"25":{"start":{"line":105,"column":4},"end":{"line":112,"column":5}},"26":{"start":{"line":106,"column":6},"end":{"line":111,"column":8}},"27":{"start":{"line":114,"column":4},"end":{"line":121,"column":5}},"28":{"start":{"line":115,"column":6},"end":{"line":120,"column":8}},"29":{"start":{"line":123,"column":4},"end":{"line":130,"column":5}},"30":{"start":{"line":124,"column":6},"end":{"line":129,"column":8}},"31":{"start":{"line":132,"column":4},"end":{"line":132,"column":16}},"32":{"start":{"line":135,"column":21},"end":{"line":135,"column":36}},"33":{"start":{"line":137,"column":2},"end":{"line":137,"column":31}},"34":{"start":{"line":137,"column":19},"end":{"line":137,"column":31}},"35":{"start":{"line":139,"column":22},"end":{"line":142,"column":3}},"36":{"start":{"line":140,"column":4},"end":{"line":140,"column":28}},"37":{"start":{"line":141,"column":4},"end":{"line":141,"column":31}},"38":{"start":{"line":144,"column":26},"end":{"line":166,"column":3}},"39":{"start":{"line":145,"column":4},"end":{"line":145,"column":29}},"40":{"start":{"line":147,"column":4},"end":{"line":155,"column":5}},"41":{"start":{"line":148,"column":6},"end":{"line":153,"column":8}},"42":{"start":{"line":154,"column":6},"end":{"line":154,"column":13}},"43":{"start":{"line":157,"column":20},"end":{"line":157,"column":36}},"44":{"start":{"line":158,"column":4},"end":{"line":165,"column":5}},"45":{"start":{"line":159,"column":6},"end":{"line":164,"column":8}},"46":{"start":{"line":168,"column":27},"end":{"line":190,"column":3}},"47":{"start":{"line":169,"column":4},"end":{"line":169,"column":28}},"48":{"start":{"line":171,"column":4},"end":{"line":189,"column":5}},"49":{"start":{"line":172,"column":20},"end":{"line":172,"column":44}},"50":{"start":{"line":173,"column":24},"end":{"line":173,"column":74}},"51":{"start":{"line":174,"column":27},"end":{"line":176,"column":19}},"52":{"start":{"line":178,"column":6},"end":{"line":186,"column":8}},"53":{"start":{"line":188,"column":6},"end":{"line":188,"column":62}},"54":{"start":{"line":192,"column":25},"end":{"line":203,"column":3}},"55":{"start":{"line":193,"column":4},"end":{"line":193,"column":29}},"56":{"start":{"line":193,"column":19},"end":{"line":193,"column":29}},"57":{"start":{"line":195,"column":16},"end":{"line":195,"column":26}},"58":{"start":{"line":196,"column":17},"end":{"line":196,"column":31}},"59":{"start":{"line":197,"column":20},"end":{"line":197,"column":50}},"60":{"start":{"line":198,"column":18},"end":{"line":198,"column":42}},"61":{"start":{"line":200,"column":4},"end":{"line":200,"column":104}},"62":{"start":{"line":200,"column":21},"end":{"line":200,"column":104}},"63":{"start":{"line":201,"column":4},"end":{"line":201,"column":108}},"64":{"start":{"line":201,"column":22},"end":{"line":201,"column":108}},"65":{"start":{"line":202,"column":4},"end":{"line":202,"column":86}},"66":{"start":{"line":205,"column":2},"end":{"line":287,"column":4}},"67":{"start":{"line":290,"column":15},"end":{"line":388,"column":2}}},"fnMap":{"0":{"name":"OfflineIndicator","decl":{"start":{"line":12,"column":24},"end":{"line":12,"column":40}},"loc":{"start":{"line":12,"column":43},"end":{"line":288,"column":1}},"line":12},"1":{"name":"(anonymous_1)","decl":{"start":{"line":34,"column":12},"end":{"line":34,"column":13}},"loc":{"start":{"line":34,"column":18},"end":{"line":50,"column":3}},"line":34},"2":{"name":"(anonymous_2)","decl":{"start":{"line":53,"column":12},"end":{"line":53,"column":13}},"loc":{"start":{"line":53,"column":18},"end":{"line":75,"column":3}},"line":53},"3":{"name":"(anonymous_3)","decl":{"start":{"line":71,"column":13},"end":{"line":71,"column":14}},"loc":{"start":{"line":71,"column":19},"end":{"line":71,"column":31}},"line":71},"4":{"name":"(anonymous_4)","decl":{"start":{"line":78,"column":12},"end":{"line":78,"column":13}},"loc":{"start":{"line":78,"column":18},"end":{"line":84,"column":3}},"line":78},"5":{"name":"(anonymous_5)","decl":{"start":{"line":86,"column":24},"end":{"line":86,"column":25}},"loc":{"start":{"line":86,"column":30},"end":{"line":133,"column":3}},"line":86},"6":{"name":"(anonymous_6)","decl":{"start":{"line":139,"column":22},"end":{"line":139,"column":23}},"loc":{"start":{"line":139,"column":34},"end":{"line":142,"column":3}},"line":139},"7":{"name":"(anonymous_7)","decl":{"start":{"line":144,"column":26},"end":{"line":144,"column":27}},"loc":{"start":{"line":144,"column":38},"end":{"line":166,"column":3}},"line":144},"8":{"name":"(anonymous_8)","decl":{"start":{"line":168,"column":27},"end":{"line":168,"column":28}},"loc":{"start":{"line":168,"column":39},"end":{"line":190,"column":3}},"line":168},"9":{"name":"(anonymous_9)","decl":{"start":{"line":192,"column":25},"end":{"line":192,"column":26}},"loc":{"start":{"line":192,"column":31},"end":{"line":203,"column":3}},"line":192}},"branchMap":{"0":{"loc":{"start":{"line":35,"column":4},"end":{"line":49,"column":5}},"type":"if","locations":[{"start":{"line":35,"column":4},"end":{"line":49,"column":5}},{"start":{"line":42,"column":11},"end":{"line":49,"column":5}}],"line":35},"1":{"loc":{"start":{"line":35,"column":8},"end":{"line":35,"column":64}},"type":"binary-expr","locations":[{"start":{"line":35,"column":8},"end":{"line":35,"column":16}},{"start":{"line":35,"column":20},"end":{"line":35,"column":35}},{"start":{"line":35,"column":39},"end":{"line":35,"column":64}}],"line":35},"2":{"loc":{"start":{"line":54,"column":4},"end":{"line":74,"column":5}},"type":"if","locations":[{"start":{"line":54,"column":4},"end":{"line":74,"column":5}},{"start":{"line":72,"column":11},"end":{"line":74,"column":5}}],"line":54},"3":{"loc":{"start":{"line":80,"column":15},"end":{"line":80,"column":33}},"type":"cond-expr","locations":[{"start":{"line":80,"column":28},"end":{"line":80,"column":29}},{"start":{"line":80,"column":32},"end":{"line":80,"column":33}}],"line":80},"4":{"loc":{"start":{"line":87,"column":4},"end":{"line":94,"column":5}},"type":"if","locations":[{"start":{"line":87,"column":4},"end":{"line":94,"column":5}},{"start":{},"end":{}}],"line":87},"5":{"loc":{"start":{"line":91,"column":15},"end":{"line":91,"column":103}},"type":"cond-expr","locations":[{"start":{"line":91,"column":38},"end":{"line":91,"column":54}},{"start":{"line":91,"column":57},"end":{"line":91,"column":103}}],"line":91},"6":{"loc":{"start":{"line":91,"column":57},"end":{"line":91,"column":103}},"type":"cond-expr","locations":[{"start":{"line":91,"column":80},"end":{"line":91,"column":85}},{"start":{"line":91,"column":88},"end":{"line":91,"column":103}}],"line":91},"7":{"loc":{"start":{"line":92,"column":18},"end":{"line":92,"column":154}},"type":"cond-expr","locations":[{"start":{"line":92,"column":41},"end":{"line":92,"column":69}},{"start":{"line":92,"column":72},"end":{"line":92,"column":154}}],"line":92},"8":{"loc":{"start":{"line":92,"column":72},"end":{"line":92,"column":154}},"type":"cond-expr","locations":[{"start":{"line":92,"column":95},"end":{"line":92,"column":105}},{"start":{"line":92,"column":108},"end":{"line":92,"column":154}}],"line":92},"9":{"loc":{"start":{"line":96,"column":4},"end":{"line":103,"column":5}},"type":"if","locations":[{"start":{"line":96,"column":4},"end":{"line":103,"column":5}},{"start":{},"end":{}}],"line":96},"10":{"loc":{"start":{"line":100,"column":15},"end":{"line":100,"column":112}},"type":"cond-expr","locations":[{"start":{"line":100,"column":38},"end":{"line":100,"column":59}},{"start":{"line":100,"column":62},"end":{"line":100,"column":112}}],"line":100},"11":{"loc":{"start":{"line":100,"column":62},"end":{"line":100,"column":112}},"type":"cond-expr","locations":[{"start":{"line":100,"column":85},"end":{"line":100,"column":92}},{"start":{"line":100,"column":95},"end":{"line":100,"column":112}}],"line":100},"12":{"loc":{"start":{"line":101,"column":18},"end":{"line":101,"column":111}},"type":"cond-expr","locations":[{"start":{"line":101,"column":41},"end":{"line":101,"column":54}},{"start":{"line":101,"column":57},"end":{"line":101,"column":111}}],"line":101},"13":{"loc":{"start":{"line":101,"column":57},"end":{"line":101,"column":111}},"type":"cond-expr","locations":[{"start":{"line":101,"column":80},"end":{"line":101,"column":86}},{"start":{"line":101,"column":89},"end":{"line":101,"column":111}}],"line":101},"14":{"loc":{"start":{"line":105,"column":4},"end":{"line":112,"column":5}},"type":"if","locations":[{"start":{"line":105,"column":4},"end":{"line":112,"column":5}},{"start":{},"end":{}}],"line":105},"15":{"loc":{"start":{"line":109,"column":15},"end":{"line":109,"column":111}},"type":"cond-expr","locations":[{"start":{"line":109,"column":38},"end":{"line":109,"column":56}},{"start":{"line":109,"column":59},"end":{"line":109,"column":111}}],"line":109},"16":{"loc":{"start":{"line":109,"column":59},"end":{"line":109,"column":111}},"type":"cond-expr","locations":[{"start":{"line":109,"column":82},"end":{"line":109,"column":90}},{"start":{"line":109,"column":93},"end":{"line":109,"column":111}}],"line":109},"17":{"loc":{"start":{"line":110,"column":18},"end":{"line":110,"column":117}},"type":"cond-expr","locations":[{"start":{"line":110,"column":41},"end":{"line":110,"column":65}},{"start":{"line":110,"column":68},"end":{"line":110,"column":117}}],"line":110},"18":{"loc":{"start":{"line":110,"column":68},"end":{"line":110,"column":117}},"type":"cond-expr","locations":[{"start":{"line":110,"column":91},"end":{"line":110,"column":97}},{"start":{"line":110,"column":100},"end":{"line":110,"column":117}}],"line":110},"19":{"loc":{"start":{"line":114,"column":4},"end":{"line":121,"column":5}},"type":"if","locations":[{"start":{"line":114,"column":4},"end":{"line":121,"column":5}},{"start":{},"end":{}}],"line":114},"20":{"loc":{"start":{"line":118,"column":15},"end":{"line":118,"column":101}},"type":"cond-expr","locations":[{"start":{"line":118,"column":38},"end":{"line":118,"column":52}},{"start":{"line":118,"column":55},"end":{"line":118,"column":101}}],"line":118},"21":{"loc":{"start":{"line":118,"column":55},"end":{"line":118,"column":101}},"type":"cond-expr","locations":[{"start":{"line":118,"column":78},"end":{"line":118,"column":84}},{"start":{"line":118,"column":87},"end":{"line":118,"column":101}}],"line":118},"22":{"loc":{"start":{"line":119,"column":18},"end":{"line":119,"column":153}},"type":"cond-expr","locations":[{"start":{"line":119,"column":41},"end":{"line":119,"column":70}},{"start":{"line":119,"column":73},"end":{"line":119,"column":153}}],"line":119},"23":{"loc":{"start":{"line":119,"column":73},"end":{"line":119,"column":153}},"type":"cond-expr","locations":[{"start":{"line":119,"column":96},"end":{"line":119,"column":121}},{"start":{"line":119,"column":124},"end":{"line":119,"column":153}}],"line":119},"24":{"loc":{"start":{"line":123,"column":4},"end":{"line":130,"column":5}},"type":"if","locations":[{"start":{"line":123,"column":4},"end":{"line":130,"column":5}},{"start":{},"end":{}}],"line":123},"25":{"loc":{"start":{"line":127,"column":15},"end":{"line":127,"column":121}},"type":"cond-expr","locations":[{"start":{"line":127,"column":38},"end":{"line":127,"column":63}},{"start":{"line":127,"column":66},"end":{"line":127,"column":121}}],"line":127},"26":{"loc":{"start":{"line":127,"column":66},"end":{"line":127,"column":121}},"type":"cond-expr","locations":[{"start":{"line":127,"column":89},"end":{"line":127,"column":95}},{"start":{"line":127,"column":98},"end":{"line":127,"column":121}}],"line":127},"27":{"loc":{"start":{"line":128,"column":34},"end":{"line":128,"column":112}},"type":"cond-expr","locations":[{"start":{"line":128,"column":57},"end":{"line":128,"column":67}},{"start":{"line":128,"column":70},"end":{"line":128,"column":112}}],"line":128},"28":{"loc":{"start":{"line":128,"column":70},"end":{"line":128,"column":112}},"type":"cond-expr","locations":[{"start":{"line":128,"column":93},"end":{"line":128,"column":98}},{"start":{"line":128,"column":101},"end":{"line":128,"column":112}}],"line":128},"29":{"loc":{"start":{"line":137,"column":2},"end":{"line":137,"column":31}},"type":"if","locations":[{"start":{"line":137,"column":2},"end":{"line":137,"column":31}},{"start":{},"end":{}}],"line":137},"30":{"loc":{"start":{"line":147,"column":4},"end":{"line":155,"column":5}},"type":"if","locations":[{"start":{"line":147,"column":4},"end":{"line":155,"column":5}},{"start":{},"end":{}}],"line":147},"31":{"loc":{"start":{"line":149,"column":8},"end":{"line":149,"column":89}},"type":"cond-expr","locations":[{"start":{"line":149,"column":31},"end":{"line":149,"column":45}},{"start":{"line":149,"column":48},"end":{"line":149,"column":89}}],"line":149},"32":{"loc":{"start":{"line":149,"column":48},"end":{"line":149,"column":89}},"type":"cond-expr","locations":[{"start":{"line":149,"column":71},"end":{"line":149,"column":76}},{"start":{"line":149,"column":79},"end":{"line":149,"column":89}}],"line":149},"33":{"loc":{"start":{"line":150,"column":8},"end":{"line":152,"column":61}},"type":"cond-expr","locations":[{"start":{"line":150,"column":31},"end":{"line":150,"column":67}},{"start":{"line":151,"column":8},"end":{"line":152,"column":61}}],"line":150},"34":{"loc":{"start":{"line":151,"column":8},"end":{"line":152,"column":61}},"type":"cond-expr","locations":[{"start":{"line":151,"column":31},"end":{"line":151,"column":41}},{"start":{"line":152,"column":8},"end":{"line":152,"column":61}}],"line":151},"35":{"loc":{"start":{"line":158,"column":4},"end":{"line":165,"column":5}},"type":"if","locations":[{"start":{"line":158,"column":4},"end":{"line":165,"column":5}},{"start":{},"end":{}}],"line":158},"36":{"loc":{"start":{"line":161,"column":8},"end":{"line":163,"column":33}},"type":"cond-expr","locations":[{"start":{"line":161,"column":31},"end":{"line":161,"column":58}},{"start":{"line":162,"column":8},"end":{"line":163,"column":33}}],"line":161},"37":{"loc":{"start":{"line":162,"column":8},"end":{"line":163,"column":33}},"type":"cond-expr","locations":[{"start":{"line":162,"column":31},"end":{"line":162,"column":37}},{"start":{"line":163,"column":8},"end":{"line":163,"column":33}}],"line":162},"38":{"loc":{"start":{"line":173,"column":24},"end":{"line":173,"column":74}},"type":"binary-expr","locations":[{"start":{"line":173,"column":24},"end":{"line":173,"column":69}},{"start":{"line":173,"column":73},"end":{"line":173,"column":74}}],"line":173},"39":{"loc":{"start":{"line":174,"column":27},"end":{"line":176,"column":19}},"type":"cond-expr","locations":[{"start":{"line":175,"column":10},"end":{"line":175,"column":51}},{"start":{"line":176,"column":10},"end":{"line":176,"column":19}}],"line":174},"40":{"loc":{"start":{"line":193,"column":4},"end":{"line":193,"column":29}},"type":"if","locations":[{"start":{"line":193,"column":4},"end":{"line":193,"column":29}},{"start":{},"end":{}}],"line":193},"41":{"loc":{"start":{"line":200,"column":4},"end":{"line":200,"column":104}},"type":"if","locations":[{"start":{"line":200,"column":4},"end":{"line":200,"column":104}},{"start":{},"end":{}}],"line":200},"42":{"loc":{"start":{"line":200,"column":28},"end":{"line":200,"column":103}},"type":"cond-expr","locations":[{"start":{"line":200,"column":51},"end":{"line":200,"column":58}},{"start":{"line":200,"column":61},"end":{"line":200,"column":103}}],"line":200},"43":{"loc":{"start":{"line":200,"column":61},"end":{"line":200,"column":103}},"type":"cond-expr","locations":[{"start":{"line":200,"column":84},"end":{"line":200,"column":88}},{"start":{"line":200,"column":91},"end":{"line":200,"column":103}}],"line":200},"44":{"loc":{"start":{"line":201,"column":4},"end":{"line":201,"column":108}},"type":"if","locations":[{"start":{"line":201,"column":4},"end":{"line":201,"column":108}},{"start":{},"end":{}}],"line":201},"45":{"loc":{"start":{"line":201,"column":42},"end":{"line":201,"column":105}},"type":"cond-expr","locations":[{"start":{"line":201,"column":65},"end":{"line":201,"column":70}},{"start":{"line":201,"column":73},"end":{"line":201,"column":105}}],"line":201},"46":{"loc":{"start":{"line":201,"column":73},"end":{"line":201,"column":105}},"type":"cond-expr","locations":[{"start":{"line":201,"column":96},"end":{"line":201,"column":99}},{"start":{"line":201,"column":102},"end":{"line":201,"column":105}}],"line":201},"47":{"loc":{"start":{"line":202,"column":22},"end":{"line":202,"column":83}},"type":"cond-expr","locations":[{"start":{"line":202,"column":45},"end":{"line":202,"column":48}},{"start":{"line":202,"column":51},"end":{"line":202,"column":83}}],"line":202},"48":{"loc":{"start":{"line":202,"column":51},"end":{"line":202,"column":83}},"type":"cond-expr","locations":[{"start":{"line":202,"column":74},"end":{"line":202,"column":77}},{"start":{"line":202,"column":80},"end":{"line":202,"column":83}}],"line":202},"49":{"loc":{"start":{"line":222,"column":11},"end":{"line":226,"column":11}},"type":"binary-expr","locations":[{"start":{"line":222,"column":11},"end":{"line":222,"column":24}},{"start":{"line":223,"column":12},"end":{"line":225,"column":19}}],"line":222},"50":{"loc":{"start":{"line":228,"column":18},"end":{"line":228,"column":60}},"type":"cond-expr","locations":[{"start":{"line":228,"column":31},"end":{"line":228,"column":43}},{"start":{"line":228,"column":46},"end":{"line":228,"column":60}}],"line":228},"51":{"loc":{"start":{"line":249,"column":11},"end":{"line":255,"column":11}},"type":"binary-expr","locations":[{"start":{"line":249,"column":11},"end":{"line":249,"column":19}},{"start":{"line":250,"column":12},"end":{"line":254,"column":19}}],"line":249},"52":{"loc":{"start":{"line":251,"column":15},"end":{"line":253,"column":42}},"type":"cond-expr","locations":[{"start":{"line":251,"column":38},"end":{"line":251,"column":62}},{"start":{"line":252,"column":15},"end":{"line":253,"column":42}}],"line":251},"53":{"loc":{"start":{"line":252,"column":15},"end":{"line":253,"column":42}},"type":"cond-expr","locations":[{"start":{"line":252,"column":38},"end":{"line":252,"column":46}},{"start":{"line":253,"column":15},"end":{"line":253,"column":42}}],"line":252},"54":{"loc":{"start":{"line":258,"column":13},"end":{"line":270,"column":13}},"type":"binary-expr","locations":[{"start":{"line":258,"column":13},"end":{"line":258,"column":26}},{"start":{"line":258,"column":30},"end":{"line":258,"column":38}},{"start":{"line":259,"column":14},"end":{"line":269,"column":33}}],"line":258},"55":{"loc":{"start":{"line":265,"column":19},"end":{"line":267,"column":37}},"type":"cond-expr","locations":[{"start":{"line":265,"column":42},"end":{"line":265,"column":58}},{"start":{"line":266,"column":19},"end":{"line":267,"column":37}}],"line":265},"56":{"loc":{"start":{"line":266,"column":19},"end":{"line":267,"column":37}},"type":"cond-expr","locations":[{"start":{"line":266,"column":42},"end":{"line":266,"column":46}},{"start":{"line":267,"column":19},"end":{"line":267,"column":37}}],"line":266},"57":{"loc":{"start":{"line":278,"column":17},"end":{"line":280,"column":28}},"type":"cond-expr","locations":[{"start":{"line":278,"column":40},"end":{"line":278,"column":50}},{"start":{"line":279,"column":17},"end":{"line":280,"column":28}}],"line":278},"58":{"loc":{"start":{"line":279,"column":17},"end":{"line":280,"column":28}},"type":"cond-expr","locations":[{"start":{"line":279,"column":40},"end":{"line":279,"column":44}},{"start":{"line":280,"column":17},"end":{"line":280,"column":28}}],"line":279}},"s":{"0":0,"1":0,"2":0,"3":0,"4":0,"5":0,"6":0,"7":0,"8":0,"9":0,"10":0,"11":0,"12":0,"13":0,"14":0,"15":0,"16":0,"17":0,"18":0,"19":0,"20":0,"21":0,"22":0,"23":0,"24":0,"25":0,"26":0,"27":0,"28":0,"29":0,"30":0,"31":0,"32":0,"33":0,"34":0,"35":0,"36":0,"37":0,"38":0,"39":0,"40":0,"41":0,"42":0,"43":0,"44":0,"45":0,"46":0,"47":0,"48":0,"49":0,"50":0,"51":0,"52":0,"53":0,"54":0,"55":0,"56":0,"57":0,"58":0,"59":0,"60":0,"61":0,"62":0,"63":0,"64":0,"65":0,"66":0,"67":0},"f":{"0":0,"1":0,"2":0,"3":0,"4":0,"5":0,"6":0,"7":0,"8":0,"9":0},"b":{"0":[0,0],"1":[0,0,0],"2":[0,0],"3":[0,0],"4":[0,0],"5":[0,0],"6":[0,0],"7":[0,0],"8":[0,0],"9":[0,0],"10":[0,0],"11":[0,0],"12":[0,0],"13":[0,0],"14":[0,0],"15":[0,0],"16":[0,0],"17":[0,0],"18":[0,0],"19":[0,0],"20":[0,0],"21":[0,0],"22":[0,0],"23":[0,0],"24":[0,0],"25":[0,0],"26":[0,0],"27":[0,0],"28":[0,0],"29":[0,0],"30":[0,0],"31":[0,0],"32":[0,0],"33":[0,0],"34":[0,0],"35":[0,0],"36":[0,0],"37":[0,0],"38":[0,0],"39":[0,0],"40":[0,0],"41":[0,0],"42":[0,0],"43":[0,0],"44":[0,0],"45":[0,0],"46":[0,0],"47":[0,0],"48":[0,0],"49":[0,0],"50":[0,0],"51":[0,0],"52":[0,0],"53":[0,0],"54":[0,0,0],"55":[0,0],"56":[0,0],"57":[0,0],"58":[0,0]}}
,"C:\\Users\\seydi\\TurkmenPhrasebook\\src\\components\\Screen.tsx": {"path":"C:\\Users\\seydi\\TurkmenPhrasebook\\src\\components\\Screen.tsx","statementMap":{"0":{"start":{"line":36,"column":36},"end":{"line":39,"column":3}},"1":{"start":{"line":42,"column":2},"end":{"line":48,"column":3}},"2":{"start":{"line":43,"column":4},"end":{"line":47,"column":6}},"3":{"start":{"line":51,"column":2},"end":{"line":66,"column":3}},"4":{"start":{"line":52,"column":36},"end":{"line":54,"column":5}},"5":{"start":{"line":57,"column":4},"end":{"line":59,"column":5}},"6":{"start":{"line":58,"column":6},"end":{"line":58,"column":63}},"7":{"start":{"line":61,"column":4},"end":{"line":65,"column":6}},"8":{"start":{"line":69,"column":2},"end":{"line":76,"column":4}},"9":{"start":{"line":88,"column":2},"end":{"line":96,"column":4}},"10":{"start":{"line":108,"column":2},"end":{"line":116,"column":4}},"11":{"start":{"line":124,"column":2},"end":{"line":126,"column":3}},"12":{"start":{"line":125,"column":4},"end":{"line":125,"column":42}},"13":{"start":{"line":127,"column":2},"end":{"line":127,"column":11}},"14":{"start":{"line":130,"column":15},"end":{"line":132,"column":2}}},"fnMap":{"0":{"name":"Screen","decl":{"start":{"line":28,"column":24},"end":{"line":28,"column":30}},"loc":{"start":{"line":34,"column":16},"end":{"line":77,"column":1}},"line":34},"1":{"name":"ModalScreen","decl":{"start":{"line":83,"column":16},"end":{"line":83,"column":27}},"loc":{"start":{"line":87,"column":51},"end":{"line":97,"column":1}},"line":87},"2":{"name":"TabScreen","decl":{"start":{"line":103,"column":16},"end":{"line":103,"column":25}},"loc":{"start":{"line":107,"column":51},"end":{"line":117,"column":1}},"line":107},"3":{"name":"getStatusBarHeight","decl":{"start":{"line":123,"column":16},"end":{"line":123,"column":34}},"loc":{"start":{"line":123,"column":45},"end":{"line":128,"column":1}},"line":123}},"branchMap":{"0":{"loc":{"start":{"line":31,"column":2},"end":{"line":31,"column":44}},"type":"default-arg","locations":[{"start":{"line":31,"column":10},"end":{"line":31,"column":44}}],"line":31},"1":{"loc":{"start":{"line":32,"column":2},"end":{"line":32,"column":43}},"type":"default-arg","locations":[{"start":{"line":32,"column":20},"end":{"line":32,"column":43}}],"line":32},"2":{"loc":{"start":{"line":33,"column":2},"end":{"line":33,"column":25}},"type":"default-arg","locations":[{"start":{"line":33,"column":20},"end":{"line":33,"column":25}}],"line":33},"3":{"loc":{"start":{"line":42,"column":2},"end":{"line":48,"column":3}},"type":"if","locations":[{"start":{"line":42,"column":2},"end":{"line":48,"column":3}},{"start":{},"end":{}}],"line":42},"4":{"loc":{"start":{"line":51,"column":2},"end":{"line":66,"column":3}},"type":"if","locations":[{"start":{"line":51,"column":2},"end":{"line":66,"column":3}},{"start":{},"end":{}}],"line":51},"5":{"loc":{"start":{"line":57,"column":4},"end":{"line":59,"column":5}},"type":"if","locations":[{"start":{"line":57,"column":4},"end":{"line":59,"column":5}},{"start":{},"end":{}}],"line":57},"6":{"loc":{"start":{"line":58,"column":32},"end":{"line":58,"column":62}},"type":"binary-expr","locations":[{"start":{"line":58,"column":32},"end":{"line":58,"column":57}},{"start":{"line":58,"column":61},"end":{"line":58,"column":62}}],"line":58},"7":{"loc":{"start":{"line":86,"column":2},"end":{"line":86,"column":43}},"type":"default-arg","locations":[{"start":{"line":86,"column":20},"end":{"line":86,"column":43}}],"line":86},"8":{"loc":{"start":{"line":106,"column":2},"end":{"line":106,"column":43}},"type":"default-arg","locations":[{"start":{"line":106,"column":20},"end":{"line":106,"column":43}}],"line":106},"9":{"loc":{"start":{"line":124,"column":2},"end":{"line":126,"column":3}},"type":"if","locations":[{"start":{"line":124,"column":2},"end":{"line":126,"column":3}},{"start":{},"end":{}}],"line":124},"10":{"loc":{"start":{"line":125,"column":11},"end":{"line":125,"column":41}},"type":"binary-expr","locations":[{"start":{"line":125,"column":11},"end":{"line":125,"column":36}},{"start":{"line":125,"column":40},"end":{"line":125,"column":41}}],"line":125}},"s":{"0":0,"1":0,"2":0,"3":0,"4":0,"5":0,"6":0,"7":0,"8":0,"9":0,"10":0,"11":0,"12":0,"13":0,"14":0},"f":{"0":0,"1":0,"2":0,"3":0},"b":{"0":[0],"1":[0],"2":[0],"3":[0,0],"4":[0,0],"5":[0,0],"6":[0,0],"7":[0],"8":[0],"9":[0,0],"10":[0,0]}}
,"C:\\Users\\seydi\\TurkmenPhrasebook\\src\\components\\SimpleCharts.tsx": {"path":"C:\\Users\\seydi\\TurkmenPhrasebook\\src\\components\\SimpleCharts.tsx","statementMap":{"0":{"start":{"line":19,"column":55},"end":{"line":29,"column":1}},"1":{"start":{"line":20,"column":2},"end":{"line":28,"column":9}},"2":{"start":{"line":25,"column":50},"end":{"line":25,"column":68}},"3":{"start":{"line":43,"column":57},"end":{"line":53,"column":1}},"4":{"start":{"line":44,"column":2},"end":{"line":52,"column":9}},"5":{"start":{"line":66,"column":55},"end":{"line":71,"column":1}},"6":{"start":{"line":67,"column":2},"end":{"line":70,"column":9}},"7":{"start":{"line":73,"column":15},"end":{"line":103,"column":2}}},"fnMap":{"0":{"name":"(anonymous_0)","decl":{"start":{"line":19,"column":55},"end":{"line":19,"column":56}},"loc":{"start":{"line":20,"column":2},"end":{"line":28,"column":9}},"line":20},"1":{"name":"(anonymous_1)","decl":{"start":{"line":25,"column":35},"end":{"line":25,"column":36}},"loc":{"start":{"line":25,"column":50},"end":{"line":25,"column":68}},"line":25},"2":{"name":"(anonymous_2)","decl":{"start":{"line":43,"column":57},"end":{"line":43,"column":58}},"loc":{"start":{"line":44,"column":2},"end":{"line":52,"column":9}},"line":44},"3":{"name":"(anonymous_3)","decl":{"start":{"line":66,"column":55},"end":{"line":66,"column":56}},"loc":{"start":{"line":67,"column":2},"end":{"line":70,"column":9}},"line":67}},"branchMap":{"0":{"loc":{"start":{"line":23,"column":5},"end":{"line":27,"column":5}},"type":"binary-expr","locations":[{"start":{"line":23,"column":5},"end":{"line":23,"column":20}},{"start":{"line":24,"column":6},"end":{"line":26,"column":13}}],"line":23},"1":{"loc":{"start":{"line":47,"column":5},"end":{"line":51,"column":5}},"type":"binary-expr","locations":[{"start":{"line":47,"column":5},"end":{"line":47,"column":20}},{"start":{"line":48,"column":6},"end":{"line":50,"column":13}}],"line":47}},"s":{"0":0,"1":0,"2":0,"3":0,"4":0,"5":0,"6":0,"7":0},"f":{"0":0,"1":0,"2":0,"3":0},"b":{"0":[0,0],"1":[0,0]}}
,"C:\\Users\\seydi\\TurkmenPhrasebook\\src\\components\\SubCategoryCard.tsx": {"path":"C:\\Users\\seydi\\TurkmenPhrasebook\\src\\components\\SubCategoryCard.tsx","statementMap":{"0":{"start":{"line":18,"column":18},"end":{"line":18,"column":42}},"1":{"start":{"line":19,"column":18},"end":{"line":19,"column":34}},"2":{"start":{"line":34,"column":21},"end":{"line":34,"column":37}},"3":{"start":{"line":35,"column":31},"end":{"line":35,"column":42}},"4":{"start":{"line":37,"column":22},"end":{"line":39,"column":3}},"5":{"start":{"line":38,"column":4},"end":{"line":38,"column":25}},"6":{"start":{"line":42,"column":26},"end":{"line":42,"column":70}},"7":{"start":{"line":45,"column":39},"end":{"line":52,"column":3}},"8":{"start":{"line":47,"column":22},"end":{"line":47,"column":104}},"9":{"start":{"line":48,"column":17},"end":{"line":48,"column":39}},"10":{"start":{"line":51,"column":4},"end":{"line":51,"column":66}},"11":{"start":{"line":54,"column":30},"end":{"line":68,"column":3}},"12":{"start":{"line":55,"column":4},"end":{"line":67,"column":5}},"13":{"start":{"line":57,"column":6},"end":{"line":60,"column":8}},"14":{"start":{"line":63,"column":6},"end":{"line":66,"column":8}},"15":{"start":{"line":70,"column":16},"end":{"line":70,"column":37}},"16":{"start":{"line":71,"column":22},"end":{"line":71,"column":35}},"17":{"start":{"line":72,"column":24},"end":{"line":72,"column":39}},"18":{"start":{"line":74,"column":2},"end":{"line":107,"column":4}},"19":{"start":{"line":110,"column":15},"end":{"line":187,"column":2}},"20":{"start":{"line":200,"column":27},"end":{"line":200,"column":29}},"21":{"start":{"line":201,"column":2},"end":{"line":206,"column":3}},"22":{"start":{"line":201,"column":15},"end":{"line":201,"column":16}},"23":{"start":{"line":202,"column":4},"end":{"line":205,"column":7}},"24":{"start":{"line":208,"column":2},"end":{"line":232,"column":4}},"25":{"start":{"line":211,"column":8},"end":{"line":229,"column":15}},"26":{"start":{"line":235,"column":19},"end":{"line":257,"column":2}},"27":{"start":{"line":265,"column":31},"end":{"line":265,"column":42}},"28":{"start":{"line":268,"column":39},"end":{"line":275,"column":3}},"29":{"start":{"line":270,"column":22},"end":{"line":270,"column":104}},"30":{"start":{"line":271,"column":17},"end":{"line":271,"column":39}},"31":{"start":{"line":274,"column":4},"end":{"line":274,"column":66}},"32":{"start":{"line":277,"column":26},"end":{"line":277,"column":72}},"33":{"start":{"line":280,"column":25},"end":{"line":293,"column":3}},"34":{"start":{"line":281,"column":52},"end":{"line":291,"column":5}},"35":{"start":{"line":292,"column":4},"end":{"line":292,"column":70}},"36":{"start":{"line":295,"column":2},"end":{"line":320,"column":4}},"37":{"start":{"line":298,"column":21},"end":{"line":298,"column":41}},"38":{"start":{"line":323,"column":19},"end":{"line":374,"column":2}}},"fnMap":{"0":{"name":"SubCategoryCard","decl":{"start":{"line":28,"column":24},"end":{"line":28,"column":39}},"loc":{"start":{"line":33,"column":25},"end":{"line":108,"column":1}},"line":33},"1":{"name":"(anonymous_1)","decl":{"start":{"line":37,"column":22},"end":{"line":37,"column":23}},"loc":{"start":{"line":37,"column":28},"end":{"line":39,"column":3}},"line":37},"2":{"name":"(anonymous_2)","decl":{"start":{"line":45,"column":39},"end":{"line":45,"column":40}},"loc":{"start":{"line":45,"column":69},"end":{"line":52,"column":3}},"line":45},"3":{"name":"(anonymous_3)","decl":{"start":{"line":54,"column":30},"end":{"line":54,"column":31}},"loc":{"start":{"line":54,"column":36},"end":{"line":68,"column":3}},"line":54},"4":{"name":"SubCategoriesGrid","decl":{"start":{"line":190,"column":16},"end":{"line":190,"column":33}},"loc":{"start":{"line":198,"column":3},"end":{"line":233,"column":1}},"line":198},"5":{"name":"(anonymous_5)","decl":{"start":{"line":210,"column":28},"end":{"line":210,"column":29}},"loc":{"start":{"line":211,"column":8},"end":{"line":229,"column":15}},"line":211},"6":{"name":"SubCategoryListItem","decl":{"start":{"line":260,"column":16},"end":{"line":260,"column":35}},"loc":{"start":{"line":264,"column":25},"end":{"line":321,"column":1}},"line":264},"7":{"name":"(anonymous_7)","decl":{"start":{"line":268,"column":39},"end":{"line":268,"column":40}},"loc":{"start":{"line":268,"column":69},"end":{"line":275,"column":3}},"line":268},"8":{"name":"(anonymous_8)","decl":{"start":{"line":280,"column":25},"end":{"line":280,"column":26}},"loc":{"start":{"line":280,"column":70},"end":{"line":293,"column":3}},"line":280},"9":{"name":"(anonymous_9)","decl":{"start":{"line":298,"column":15},"end":{"line":298,"column":16}},"loc":{"start":{"line":298,"column":21},"end":{"line":298,"column":41}},"line":298}},"branchMap":{"0":{"loc":{"start":{"line":31,"column":2},"end":{"line":31,"column":18}},"type":"default-arg","locations":[{"start":{"line":31,"column":17},"end":{"line":31,"column":18}}],"line":31},"1":{"loc":{"start":{"line":51,"column":12},"end":{"line":51,"column":64}},"type":"cond-expr","locations":[{"start":{"line":51,"column":39},"end":{"line":51,"column":43}},{"start":{"line":51,"column":46},"end":{"line":51,"column":64}}],"line":51},"2":{"loc":{"start":{"line":55,"column":4},"end":{"line":67,"column":5}},"type":"if","locations":[{"start":{"line":55,"column":4},"end":{"line":67,"column":5}},{"start":{"line":61,"column":11},"end":{"line":67,"column":5}}],"line":55},"3":{"loc":{"start":{"line":99,"column":7},"end":{"line":105,"column":7}},"type":"binary-expr","locations":[{"start":{"line":99,"column":7},"end":{"line":99,"column":23}},{"start":{"line":100,"column":8},"end":{"line":104,"column":15}}],"line":99},"4":{"loc":{"start":{"line":204,"column":6},"end":{"line":204,"column":34}},"type":"binary-expr","locations":[{"start":{"line":204,"column":6},"end":{"line":204,"column":26}},{"start":{"line":204,"column":30},"end":{"line":204,"column":34}}],"line":204},"5":{"loc":{"start":{"line":216,"column":28},"end":{"line":216,"column":77}},"type":"cond-expr","locations":[{"start":{"line":216,"column":46},"end":{"line":216,"column":73}},{"start":{"line":216,"column":76},"end":{"line":216,"column":77}}],"line":216},"6":{"loc":{"start":{"line":220,"column":11},"end":{"line":228,"column":11}},"type":"binary-expr","locations":[{"start":{"line":220,"column":11},"end":{"line":220,"column":18}},{"start":{"line":221,"column":12},"end":{"line":227,"column":19}}],"line":220},"7":{"loc":{"start":{"line":225,"column":30},"end":{"line":225,"column":79}},"type":"cond-expr","locations":[{"start":{"line":225,"column":48},"end":{"line":225,"column":75}},{"start":{"line":225,"column":78},"end":{"line":225,"column":79}}],"line":225},"8":{"loc":{"start":{"line":263,"column":2},"end":{"line":263,"column":18}},"type":"default-arg","locations":[{"start":{"line":263,"column":17},"end":{"line":263,"column":18}}],"line":263},"9":{"loc":{"start":{"line":274,"column":12},"end":{"line":274,"column":64}},"type":"cond-expr","locations":[{"start":{"line":274,"column":39},"end":{"line":274,"column":43}},{"start":{"line":274,"column":46},"end":{"line":274,"column":64}}],"line":274},"10":{"loc":{"start":{"line":292,"column":23},"end":{"line":292,"column":67}},"type":"binary-expr","locations":[{"start":{"line":292,"column":23},"end":{"line":292,"column":45}},{"start":{"line":292,"column":49},"end":{"line":292,"column":67}}],"line":292}},"s":{"0":0,"1":0,"2":0,"3":0,"4":0,"5":0,"6":0,"7":0,"8":0,"9":0,"10":0,"11":0,"12":0,"13":0,"14":0,"15":0,"16":0,"17":0,"18":0,"19":0,"20":0,"21":0,"22":0,"23":0,"24":0,"25":0,"26":0,"27":0,"28":0,"29":0,"30":0,"31":0,"32":0,"33":0,"34":0,"35":0,"36":0,"37":0,"38":0},"f":{"0":0,"1":0,"2":0,"3":0,"4":0,"5":0,"6":0,"7":0,"8":0,"9":0},"b":{"0":[0],"1":[0,0],"2":[0,0],"3":[0,0],"4":[0,0],"5":[0,0],"6":[0,0],"7":[0,0],"8":[0],"9":[0,0],"10":[0,0]}}
,"C:\\Users\\seydi\\TurkmenPhrasebook\\src\\components\\TTSWarningModal.tsx": {"path":"C:\\Users\\seydi\\TurkmenPhrasebook\\src\\components\\TTSWarningModal.tsx","statementMap":{"0":{"start":{"line":37,"column":16},"end":{"line":45,"column":3}},"1":{"start":{"line":47,"column":2},"end":{"line":131,"column":4}},"2":{"start":{"line":81,"column":18},"end":{"line":85,"column":25}},"3":{"start":{"line":134,"column":15},"end":{"line":271,"column":2}}},"fnMap":{"0":{"name":"TTSWarningModal","decl":{"start":{"line":28,"column":24},"end":{"line":28,"column":39}},"loc":{"start":{"line":36,"column":25},"end":{"line":132,"column":1}},"line":36},"1":{"name":"(anonymous_1)","decl":{"start":{"line":80,"column":34},"end":{"line":80,"column":35}},"loc":{"start":{"line":81,"column":18},"end":{"line":85,"column":25}},"line":81}},"branchMap":{"0":{"loc":{"start":{"line":38,"column":16},"end":{"line":38,"column":59}},"type":"cond-expr","locations":[{"start":{"line":38,"column":40},"end":{"line":38,"column":50}},{"start":{"line":38,"column":53},"end":{"line":38,"column":59}}],"line":38},"1":{"loc":{"start":{"line":39,"column":15},"end":{"line":39,"column":60}},"type":"cond-expr","locations":[{"start":{"line":39,"column":39},"end":{"line":39,"column":51}},{"start":{"line":39,"column":54},"end":{"line":39,"column":60}}],"line":39},"2":{"loc":{"start":{"line":40,"column":14},"end":{"line":40,"column":66}},"type":"cond-expr","locations":[{"start":{"line":40,"column":38},"end":{"line":40,"column":56}},{"start":{"line":40,"column":59},"end":{"line":40,"column":66}}],"line":40},"3":{"loc":{"start":{"line":41,"column":10},"end":{"line":41,"column":51}},"type":"cond-expr","locations":[{"start":{"line":41,"column":34},"end":{"line":41,"column":43}},{"start":{"line":41,"column":46},"end":{"line":41,"column":51}}],"line":41},"4":{"loc":{"start":{"line":42,"column":14},"end":{"line":44,"column":31}},"type":"cond-expr","locations":[{"start":{"line":43,"column":8},"end":{"line":43,"column":77}},{"start":{"line":44,"column":8},"end":{"line":44,"column":31}}],"line":42},"5":{"loc":{"start":{"line":75,"column":13},"end":{"line":88,"column":13}},"type":"binary-expr","locations":[{"start":{"line":75,"column":13},"end":{"line":75,"column":25}},{"start":{"line":75,"column":29},"end":{"line":75,"column":52}},{"start":{"line":76,"column":14},"end":{"line":87,"column":21}}],"line":75},"6":{"loc":{"start":{"line":107,"column":13},"end":{"line":117,"column":13}},"type":"binary-expr","locations":[{"start":{"line":107,"column":13},"end":{"line":107,"column":24}},{"start":{"line":108,"column":14},"end":{"line":116,"column":33}}],"line":107}},"s":{"0":0,"1":0,"2":0,"3":0},"f":{"0":0,"1":0},"b":{"0":[0,0],"1":[0,0],"2":[0,0],"3":[0,0],"4":[0,0],"5":[0,0,0],"6":[0,0]}}
,"C:\\Users\\seydi\\TurkmenPhrasebook\\src\\components\\WebWrapper.tsx": {"path":"C:\\Users\\seydi\\TurkmenPhrasebook\\src\\components\\WebWrapper.tsx","statementMap":{"0":{"start":{"line":10,"column":2},"end":{"line":12,"column":3}},"1":{"start":{"line":11,"column":4},"end":{"line":11,"column":27}},"2":{"start":{"line":14,"column":2},"end":{"line":20,"column":4}},"3":{"start":{"line":23,"column":15},"end":{"line":47,"column":2}}},"fnMap":{"0":{"name":"WebWrapper","decl":{"start":{"line":9,"column":24},"end":{"line":9,"column":34}},"loc":{"start":{"line":9,"column":66},"end":{"line":21,"column":1}},"line":9}},"branchMap":{"0":{"loc":{"start":{"line":10,"column":2},"end":{"line":12,"column":3}},"type":"if","locations":[{"start":{"line":10,"column":2},"end":{"line":12,"column":3}},{"start":{},"end":{}}],"line":10}},"s":{"0":0,"1":0,"2":0,"3":0},"f":{"0":0},"b":{"0":[0,0]}}
,"C:\\Users\\seydi\\TurkmenPhrasebook\\src\\config\\languages.config.ts": {"path":"C:\\Users\\seydi\\TurkmenPhrasebook\\src\\config\\languages.config.ts","statementMap":{"0":{"start":{"line":10,"column":43},"end":{"line":359,"column":1}},"1":{"start":{"line":368,"column":33},"end":{"line":370,"column":1}},"2":{"start":{"line":369,"column":2},"end":{"line":369,"column":52}},"3":{"start":{"line":369,"column":32},"end":{"line":369,"column":50}},"4":{"start":{"line":375,"column":37},"end":{"line":377,"column":1}},"5":{"start":{"line":376,"column":2},"end":{"line":376,"column":52}},"6":{"start":{"line":376,"column":34},"end":{"line":376,"column":50}},"7":{"start":{"line":382,"column":38},"end":{"line":384,"column":1}},"8":{"start":{"line":383,"column":2},"end":{"line":383,"column":53}},"9":{"start":{"line":383,"column":34},"end":{"line":383,"column":51}},"10":{"start":{"line":389,"column":35},"end":{"line":401,"column":1}},"11":{"start":{"line":394,"column":20},"end":{"line":394,"column":69}},"12":{"start":{"line":394,"column":45},"end":{"line":394,"column":61}},"13":{"start":{"line":395,"column":16},"end":{"line":395,"column":32}},"14":{"start":{"line":396,"column":2},"end":{"line":400,"column":4}}},"fnMap":{"0":{"name":"(anonymous_0)","decl":{"start":{"line":368,"column":33},"end":{"line":368,"column":34}},"loc":{"start":{"line":368,"column":79},"end":{"line":370,"column":1}},"line":368},"1":{"name":"(anonymous_1)","decl":{"start":{"line":369,"column":24},"end":{"line":369,"column":25}},"loc":{"start":{"line":369,"column":32},"end":{"line":369,"column":50}},"line":369},"2":{"name":"(anonymous_2)","decl":{"start":{"line":375,"column":37},"end":{"line":375,"column":38}},"loc":{"start":{"line":375,"column":61},"end":{"line":377,"column":1}},"line":375},"3":{"name":"(anonymous_3)","decl":{"start":{"line":376,"column":26},"end":{"line":376,"column":27}},"loc":{"start":{"line":376,"column":34},"end":{"line":376,"column":50}},"line":376},"4":{"name":"(anonymous_4)","decl":{"start":{"line":382,"column":38},"end":{"line":382,"column":39}},"loc":{"start":{"line":382,"column":62},"end":{"line":384,"column":1}},"line":382},"5":{"name":"(anonymous_5)","decl":{"start":{"line":383,"column":26},"end":{"line":383,"column":27}},"loc":{"start":{"line":383,"column":34},"end":{"line":383,"column":51}},"line":383},"6":{"name":"(anonymous_6)","decl":{"start":{"line":389,"column":35},"end":{"line":389,"column":36}},"loc":{"start":{"line":393,"column":5},"end":{"line":401,"column":1}},"line":393},"7":{"name":"(anonymous_7)","decl":{"start":{"line":394,"column":37},"end":{"line":394,"column":38}},"loc":{"start":{"line":394,"column":45},"end":{"line":394,"column":61}},"line":394}},"branchMap":{},"s":{"0":0,"1":0,"2":0,"3":0,"4":0,"5":0,"6":0,"7":0,"8":0,"9":0,"10":0,"11":0,"12":0,"13":0,"14":0},"f":{"0":0,"1":0,"2":0,"3":0,"4":0,"5":0,"6":0,"7":0},"b":{}}
,"C:\\Users\\seydi\\TurkmenPhrasebook\\src\\constants\\AppConstants.ts": {"path":"C:\\Users\\seydi\\TurkmenPhrasebook\\src\\constants\\AppConstants.ts","statementMap":{"0":{"start":{"line":6,"column":28},"end":{"line":17,"column":10}},"1":{"start":{"line":22,"column":26},"end":{"line":27,"column":10}},"2":{"start":{"line":32,"column":26},"end":{"line":41,"column":10}},"3":{"start":{"line":46,"column":26},"end":{"line":62,"column":10}},"4":{"start":{"line":67,"column":22},"end":{"line":86,"column":10}},"5":{"start":{"line":91,"column":28},"end":{"line":97,"column":10}},"6":{"start":{"line":102,"column":26},"end":{"line":107,"column":10}},"7":{"start":{"line":112,"column":30},"end":{"line":119,"column":10}},"8":{"start":{"line":124,"column":32},"end":{"line":130,"column":10}},"9":{"start":{"line":135,"column":24},"end":{"line":141,"column":10}},"10":{"start":{"line":146,"column":26},"end":{"line":151,"column":10}},"11":{"start":{"line":156,"column":23},"end":{"line":160,"column":10}}},"fnMap":{},"branchMap":{},"s":{"0":1,"1":1,"2":1,"3":1,"4":1,"5":1,"6":1,"7":1,"8":1,"9":1,"10":1,"11":1},"f":{},"b":{},"_coverageSchema":"1a1c01bbd47fc00a2c39e90264f33305004495a9","hash":"bdcf9261072b2970e19b107b130999eba47271d5"}
,"C:\\Users\\seydi\\TurkmenPhrasebook\\src\\constants\\Colors.ts": {"path":"C:\\Users\\seydi\\TurkmenPhrasebook\\src\\constants\\Colors.ts","statementMap":{"0":{"start":{"line":3,"column":22},"end":{"line":92,"column":10}}},"fnMap":{},"branchMap":{},"s":{"0":0},"f":{},"b":{}}
,"C:\\Users\\seydi\\TurkmenPhrasebook\\src\\constants\\Design.ts": {"path":"C:\\Users\\seydi\\TurkmenPhrasebook\\src\\constants\\Design.ts","statementMap":{"0":{"start":{"line":9,"column":28},"end":{"line":47,"column":10}},"1":{"start":{"line":52,"column":23},"end":{"line":65,"column":10}},"2":{"start":{"line":70,"column":26},"end":{"line":92,"column":10}},"3":{"start":{"line":97,"column":23},"end":{"line":129,"column":10}},"4":{"start":{"line":134,"column":28},"end":{"line":141,"column":10}},"5":{"start":{"line":146,"column":26},"end":{"line":259,"column":10}},"6":{"start":{"line":264,"column":21},"end":{"line":272,"column":10}}},"fnMap":{},"branchMap":{},"s":{"0":0,"1":0,"2":0,"3":0,"4":0,"5":0,"6":0},"f":{},"b":{}}
,"C:\\Users\\seydi\\TurkmenPhrasebook\\src\\constants\\Typography.ts": {"path":"C:\\Users\\seydi\\TurkmenPhrasebook\\src\\constants\\Typography.ts","statementMap":{"0":{"start":{"line":6,"column":15},"end":{"line":16,"column":1}},"1":{"start":{"line":21,"column":28},"end":{"line":51,"column":1}},"2":{"start":{"line":56,"column":25},"end":{"line":72,"column":10}},"3":{"start":{"line":77,"column":27},"end":{"line":86,"column":10}},"4":{"start":{"line":91,"column":27},"end":{"line":104,"column":10}},"5":{"start":{"line":109,"column":29},"end":{"line":118,"column":10}},"6":{"start":{"line":123,"column":26},"end":{"line":348,"column":1}},"7":{"start":{"line":353,"column":31},"end":{"line":424,"column":1}},"8":{"start":{"line":358,"column":21},"end":{"line":365,"column":5}},"9":{"start":{"line":366,"column":4},"end":{"line":366,"column":27}},"10":{"start":{"line":372,"column":55},"end":{"line":376,"column":3}},"11":{"start":{"line":381,"column":49},"end":{"line":384,"column":3}},"12":{"start":{"line":390,"column":21},"end":{"line":395,"column":5}},"13":{"start":{"line":396,"column":4},"end":{"line":396,"column":49}},"14":{"start":{"line":403,"column":4},"end":{"line":403,"column":49}},"15":{"start":{"line":403,"column":27},"end":{"line":403,"column":49}},"16":{"start":{"line":404,"column":4},"end":{"line":404,"column":49}},"17":{"start":{"line":404,"column":27},"end":{"line":404,"column":49}},"18":{"start":{"line":405,"column":4},"end":{"line":405,"column":20}},"19":{"start":{"line":412,"column":4},"end":{"line":422,"column":5}},"20":{"start":{"line":415,"column":8},"end":{"line":415,"column":33}},"21":{"start":{"line":419,"column":8},"end":{"line":419,"column":42}},"22":{"start":{"line":421,"column":8},"end":{"line":421,"column":33}}},"fnMap":{"0":{"name":"(anonymous_0)","decl":{"start":{"line":357,"column":19},"end":{"line":357,"column":20}},"loc":{"start":{"line":357,"column":53},"end":{"line":367,"column":3}},"line":357},"1":{"name":"(anonymous_1)","decl":{"start":{"line":372,"column":16},"end":{"line":372,"column":17}},"loc":{"start":{"line":372,"column":55},"end":{"line":376,"column":3}},"line":372},"2":{"name":"(anonymous_2)","decl":{"start":{"line":381,"column":13},"end":{"line":381,"column":14}},"loc":{"start":{"line":381,"column":49},"end":{"line":384,"column":3}},"line":381},"3":{"name":"(anonymous_3)","decl":{"start":{"line":389,"column":20},"end":{"line":389,"column":21}},"loc":{"start":{"line":389,"column":80},"end":{"line":397,"column":3}},"line":389},"4":{"name":"(anonymous_4)","decl":{"start":{"line":402,"column":25},"end":{"line":402,"column":26}},"loc":{"start":{"line":402,"column":68},"end":{"line":406,"column":3}},"line":402},"5":{"name":"(anonymous_5)","decl":{"start":{"line":411,"column":22},"end":{"line":411,"column":23}},"loc":{"start":{"line":411,"column":107},"end":{"line":423,"column":3}},"line":411}},"branchMap":{"0":{"loc":{"start":{"line":396,"column":11},"end":{"line":396,"column":48}},"type":"binary-expr","locations":[{"start":{"line":396,"column":11},"end":{"line":396,"column":29}},{"start":{"line":396,"column":33},"end":{"line":396,"column":48}}],"line":396},"1":{"loc":{"start":{"line":403,"column":4},"end":{"line":403,"column":49}},"type":"if","locations":[{"start":{"line":403,"column":4},"end":{"line":403,"column":49}},{"start":{},"end":{}}],"line":403},"2":{"loc":{"start":{"line":404,"column":4},"end":{"line":404,"column":49}},"type":"if","locations":[{"start":{"line":404,"column":4},"end":{"line":404,"column":49}},{"start":{},"end":{}}],"line":404},"3":{"loc":{"start":{"line":411,"column":23},"end":{"line":411,"column":102}},"type":"default-arg","locations":[{"start":{"line":411,"column":93},"end":{"line":411,"column":102}}],"line":411},"4":{"loc":{"start":{"line":412,"column":4},"end":{"line":422,"column":5}},"type":"switch","locations":[{"start":{"line":413,"column":6},"end":{"line":413,"column":21}},{"start":{"line":414,"column":6},"end":{"line":415,"column":33}},{"start":{"line":416,"column":6},"end":{"line":416,"column":23}},{"start":{"line":417,"column":6},"end":{"line":417,"column":21}},{"start":{"line":418,"column":6},"end":{"line":419,"column":42}},{"start":{"line":420,"column":6},"end":{"line":421,"column":33}}],"line":412}},"s":{"0":0,"1":0,"2":0,"3":0,"4":0,"5":0,"6":0,"7":0,"8":0,"9":0,"10":0,"11":0,"12":0,"13":0,"14":0,"15":0,"16":0,"17":0,"18":0,"19":0,"20":0,"21":0,"22":0},"f":{"0":0,"1":0,"2":0,"3":0,"4":0,"5":0},"b":{"0":[0,0],"1":[0,0],"2":[0,0],"3":[0],"4":[0,0,0,0,0,0]}}
[...]
,"C:\\Users\\seydi\\TurkmenPhrasebook\\src\\utils\\TTSChecker.ts": {"path":"C:\\Users\\seydi\\TurkmenPhrasebook\\src\\utils\\TTSChecker.ts","statementMap":{"0":{"start":{"line":29,"column":55},"end":{"line":29,"column":59}},"1":{"start":{"line":30,"column":41},"end":{"line":30,"column":42}},"2":{"start":{"line":31,"column":34},"end":{"line":31,"column":39}},"3":{"start":{"line":38,"column":16},"end":{"line":38,"column":26}},"4":{"start":{"line":39,"column":4},"end":{"line":44,"column":5}},"5":{"start":{"line":43,"column":6},"end":{"line":43,"column":31}},"6":{"start":{"line":46,"column":4},"end":{"line":91,"column":5}},"7":{"start":{"line":47,"column":21},"end":{"line":47,"column":59}},"8":{"start":{"line":50,"column":28},"end":{"line":52,"column":7}},"9":{"start":{"line":51,"column":8},"end":{"line":51,"column":53}},"10":{"start":{"line":54,"column":28},"end":{"line":57,"column":7}},"11":{"start":{"line":55,"column":8},"end":{"line":56,"column":53}},"12":{"start":{"line":59,"column":28},"end":{"line":61,"column":7}},"13":{"start":{"line":60,"column":8},"end":{"line":60,"column":53}},"14":{"start":{"line":63,"column":37},"end":{"line":71,"column":7}},"15":{"start":{"line":74,"column":6},"end":{"line":74,"column":33}},"16":{"start":{"line":75,"column":6},"end":{"line":75,"column":31}},"17":{"start":{"line":77,"column":6},"end":{"line":77,"column":20}},"18":{"start":{"line":79,"column":6},"end":{"line":79,"column":70}},"19":{"start":{"line":82,"column":6},"end":{"line":90,"column":8}},"20":{"start":{"line":103,"column":19},"end":{"line":103,"column":61}},"21":{"start":{"line":105,"column":4},"end":{"line":379,"column":5}},"22":{"start":{"line":107,"column":6},"end":{"line":124,"column":7}},"23":{"start":{"line":108,"column":8},"end":{"line":123,"column":10}},"24":{"start":{"line":126,"column":6},"end":{"line":130,"column":8}},"25":{"start":{"line":131,"column":11},"end":{"line":379,"column":5}},"26":{"start":{"line":133,"column":6},"end":{"line":150,"column":7}},"27":{"start":{"line":134,"column":8},"end":{"line":149,"column":10}},"28":{"start":{"line":152,"column":6},"end":{"line":156,"column":8}},"29":{"start":{"line":157,"column":11},"end":{"line":379,"column":5}},"30":{"start":{"line":159,"column":6},"end":{"line":163,"column":8}},"31":{"start":{"line":164,"column":11},"end":{"line":379,"column":5}},"32":{"start":{"line":166,"column":6},"end":{"line":170,"column":8}},"33":{"start":{"line":171,"column":11},"end":{"line":379,"column":5}},"34":{"start":{"line":173,"column":6},"end":{"line":177,"column":8}},"35":{"start":{"line":178,"column":11},"end":{"line":379,"column":5}},"36":{"start":{"line":180,"column":6},"end":{"line":184,"column":8}},"37":{"start":{"line":185,"column":11},"end":{"line":379,"column":5}},"38":{"start":{"line":187,"column":6},"end":{"line":191,"column":8}},"39":{"start":{"line":192,"column":11},"end":{"line":379,"column":5}},"40":{"start":{"line":194,"column":6},"end":{"line":198,"column":8}},"41":{"start":{"line":199,"column":11},"end":{"line":379,"column":5}},"42":{"start":{"line":201,"column":6},"end":{"line":205,"column":8}},"43":{"start":{"line":206,"column":11},"end":{"line":379,"column":5}},"44":{"start":{"line":208,"column":6},"end":{"line":212,"column":8}},"45":{"start":{"line":213,"column":11},"end":{"line":379,"column":5}},"46":{"start":{"line":215,"column":6},"end":{"line":219,"column":8}},"47":{"start":{"line":220,"column":11},"end":{"line":379,"column":5}},"48":{"start":{"line":222,"column":6},"end":{"line":226,"column":8}},"49":{"start":{"line":227,"column":11},"end":{"line":379,"column":5}},"50":{"start":{"line":229,"column":6},"end":{"line":233,"column":8}},"51":{"start":{"line":234,"column":11},"end":{"line":379,"column":5}},"52":{"start":{"line":236,"column":6},"end":{"line":240,"column":8}},"53":{"start":{"line":241,"column":11},"end":{"line":379,"column":5}},"54":{"start":{"line":243,"column":6},"end":{"line":247,"column":8}},"55":{"start":{"line":248,"column":11},"end":{"line":379,"column":5}},"56":{"start":{"line":250,"column":6},"end":{"line":254,"column":8}},"57":{"start":{"line":255,"column":11},"end":{"line":379,"column":5}},"58":{"start":{"line":257,"column":6},"end":{"line":261,"column":8}},"59":{"start":{"line":262,"column":11},"end":{"line":379,"column":5}},"60":{"start":{"line":264,"column":6},"end":{"line":268,"column":8}},"61":{"start":{"line":269,"column":11},"end":{"line":379,"column":5}},"62":{"start":{"line":271,"column":6},"end":{"line":275,"column":8}},"63":{"start":{"line":276,"column":11},"end":{"line":379,"column":5}},"64":{"start":{"line":278,"column":6},"end":{"line":282,"column":8}},"65":{"start":{"line":283,"column":11},"end":{"line":379,"column":5}},"66":{"start":{"line":285,"column":6},"end":{"line":289,"column":8}},"67":{"start":{"line":290,"column":11},"end":{"line":379,"column":5}},"68":{"start":{"line":292,"column":6},"end":{"line":296,"column":8}},"69":{"start":{"line":297,"column":11},"end":{"line":379,"column":5}},"70":{"start":{"line":299,"column":6},"end":{"line":303,"column":8}},"71":{"start":{"line":304,"column":11},"end":{"line":379,"column":5}},"72":{"start":{"line":306,"column":6},"end":{"line":310,"column":8}},"73":{"start":{"line":311,"column":11},"end":{"line":379,"column":5}},"74":{"start":{"line":313,"column":6},"end":{"line":317,"column":8}},"75":{"start":{"line":318,"column":11},"end":{"line":379,"column":5}},"76":{"start":{"line":320,"column":6},"end":{"line":324,"column":8}},"77":{"start":{"line":325,"column":11},"end":{"line":379,"column":5}},"78":{"start":{"line":327,"column":6},"end":{"line":331,"column":8}},"79":{"start":{"line":332,"column":11},"end":{"line":379,"column":5}},"80":{"start":{"line":334,"column":6},"end":{"line":338,"column":8}},"81":{"start":{"line":339,"column":11},"end":{"line":379,"column":5}},"82":{"start":{"line":341,"column":6},"end":{"line":345,"column":8}},"83":{"start":{"line":346,"column":11},"end":{"line":379,"column":5}},"84":{"start":{"line":348,"column":6},"end":{"line":352,"column":8}},"85":{"start":{"line":355,"column":6},"end":{"line":372,"column":7}},"86":{"start":{"line":356,"column":8},"end":{"line":371,"column":10}},"87":{"start":{"line":374,"column":6},"end":{"line":378,"column":8}},"88":{"start":{"line":386,"column":4},"end":{"line":386,"column":29}},"89":{"start":{"line":387,"column":4},"end":{"line":387,"column":27}},"90":{"start":{"line":394,"column":4},"end":{"line":417,"column":5}},"91":{"start":{"line":395,"column":24},"end":{"line":399,"column":7}},"92":{"start":{"line":401,"column":28},"end":{"line":405,"column":7}},"93":{"start":{"line":407,"column":6},"end":{"line":411,"column":9}},"94":{"start":{"line":413,"column":6},"end":{"line":413,"column":18}},"95":{"start":{"line":415,"column":6},"end":{"line":415,"column":81}},"96":{"start":{"line":416,"column":6},"end":{"line":416,"column":19}}},"fnMap":{"0":{"name":"(anonymous_0)","decl":{"start":{"line":36,"column":2},"end":{"line":36,"column":3}},"loc":{"start":{"line":36,"column":72},"end":{"line":92,"column":3}},"line":36},"1":{"name":"(anonymous_1)","decl":{"start":{"line":50,"column":42},"end":{"line":50,"column":43}},"loc":{"start":{"line":51,"column":8},"end":{"line":51,"column":53}},"line":51},"2":{"name":"(anonymous_2)","decl":{"start":{"line":54,"column":42},"end":{"line":54,"column":43}},"loc":{"start":{"line":55,"column":8},"end":{"line":56,"column":53}},"line":55},"3":{"name":"(anonymous_3)","decl":{"start":{"line":59,"column":42},"end":{"line":59,"column":43}},"loc":{"start":{"line":60,"column":8},"end":{"line":60,"column":53}},"line":60},"4":{"name":"(anonymous_4)","decl":{"start":{"line":97,"column":2},"end":{"line":97,"column":3}},"loc":{"start":{"line":102,"column":5},"end":{"line":380,"column":3}},"line":102},"5":{"name":"(anonymous_5)","decl":{"start":{"line":385,"column":2},"end":{"line":385,"column":3}},"loc":{"start":{"line":385,"column":28},"end":{"line":388,"column":3}},"line":385},"6":{"name":"(anonymous_6)","decl":{"start":{"line":393,"column":2},"end":{"line":393,"column":3}},"loc":{"start":{"line":393,"column":88},"end":{"line":418,"column":3}},"line":393}},"branchMap":{"0":{"loc":{"start":{"line":39,"column":4},"end":{"line":44,"column":5}},"type":"if","locations":[{"start":{"line":39,"column":4},"end":{"line":44,"column":5}},{"start":{},"end":{}}],"line":39},"1":{"loc":{"start":{"line":40,"column":6},"end":{"line":41,"column":52}},"type":"binary-expr","locations":[{"start":{"line":40,"column":6},"end":{"line":40,"column":23}},{"start":{"line":41,"column":6},"end":{"line":41,"column":52}}],"line":40},"2":{"loc":{"start":{"line":55,"column":8},"end":{"line":56,"column":53}},"type":"binary-expr","locations":[{"start":{"line":55,"column":8},"end":{"line":55,"column":53}},{"start":{"line":56,"column":8},"end":{"line":56,"column":53}}],"line":55},"3":{"loc":{"start":{"line":105,"column":4},"end":{"line":379,"column":5}},"type":"if","locations":[{"start":{"line":105,"column":4},"end":{"line":379,"column":5}},{"start":{"line":131,"column":11},"end":{"line":379,"column":5}}],"line":105},"4":{"loc":{"start":{"line":107,"column":6},"end":{"line":124,"column":7}},"type":"if","locations":[{"start":{"line":107,"column":6},"end":{"line":124,"column":7}},{"start":{},"end":{}}],"line":107},"5":{"loc":{"start":{"line":112,"column":24},"end":{"line":122,"column":11}},"type":"cond-expr","locations":[{"start":{"line":112,"column":52},"end":{"line":117,"column":11}},{"start":{"line":117,"column":14},"end":{"line":122,"column":11}}],"line":112},"6":{"loc":{"start":{"line":131,"column":11},"end":{"line":379,"column":5}},"type":"if","locations":[{"start":{"line":131,"column":11},"end":{"line":379,"column":5}},{"start":{"line":157,"column":11},"end":{"line":379,"column":5}}],"line":131},"7":{"loc":{"start":{"line":133,"column":6},"end":{"line":150,"column":7}},"type":"if","locations":[{"start":{"line":133,"column":6},"end":{"line":150,"column":7}},{"start":{},"end":{}}],"line":133},"8":{"loc":{"start":{"line":138,"column":24},"end":{"line":148,"column":11}},"type":"cond-expr","locations":[{"start":{"line":138,"column":52},"end":{"line":143,"column":11}},{"start":{"line":143,"column":14},"end":{"line":148,"column":11}}],"line":138},"9":{"loc":{"start":{"line":157,"column":11},"end":{"line":379,"column":5}},"type":"if","locations":[{"start":{"line":157,"column":11},"end":{"line":379,"column":5}},{"start":{"line":164,"column":11},"end":{"line":379,"column":5}}],"line":157},"10":{"loc":{"start":{"line":164,"column":11},"end":{"line":379,"column":5}},"type":"if","locations":[{"start":{"line":164,"column":11},"end":{"line":379,"column":5}},{"start":{"line":171,"column":11},"end":{"line":379,"column":5}}],"line":164},"11":{"loc":{"start":{"line":171,"column":11},"end":{"line":379,"column":5}},"type":"if","locations":[{"start":{"line":171,"column":11},"end":{"line":379,"column":5}},{"start":{"line":178,"column":11},"end":{"line":379,"column":5}}],"line":171},"12":{"loc":{"start":{"line":178,"column":11},"end":{"line":379,"column":5}},"type":"if","locations":[{"start":{"line":178,"column":11},"end":{"line":379,"column":5}},{"start":{"line":185,"column":11},"end":{"line":379,"column":5}}],"line":178},"13":{"loc":{"start":{"line":185,"column":11},"end":{"line":379,"column":5}},"type":"if","locations":[{"start":{"line":185,"column":11},"end":{"line":379,"column":5}},{"start":{"line":192,"column":11},"end":{"line":379,"column":5}}],"line":185},"14":{"loc":{"start":{"line":192,"column":11},"end":{"line":379,"column":5}},"type":"if","locations":[{"start":{"line":192,"column":11},"end":{"line":379,"column":5}},{"start":{"line":199,"column":11},"end":{"line":379,"column":5}}],"line":192},"15":{"loc":{"start":{"line":199,"column":11},"end":{"line":379,"column":5}},"type":"if","locations":[{"start":{"line":199,"column":11},"end":{"line":379,"column":5}},{"start":{"line":206,"column":11},"end":{"line":379,"column":5}}],"line":199},"16":{"loc":{"start":{"line":206,"column":11},"end":{"line":379,"column":5}},"type":"if","locations":[{"start":{"line":206,"column":11},"end":{"line":379,"column":5}},{"start":{"line":213,"column":11},"end":{"line":379,"column":5}}],"line":206},"17":{"loc":{"start":{"line":213,"column":11},"end":{"line":379,"column":5}},"type":"if","locations":[{"start":{"line":213,"column":11},"end":{"line":379,"column":5}},{"start":{"line":220,"column":11},"end":{"line":379,"column":5}}],"line":213},"18":{"loc":{"start":{"line":220,"column":11},"end":{"line":379,"column":5}},"type":"if","locations":[{"start":{"line":220,"column":11},"end":{"line":379,"column":5}},{"start":{"line":227,"column":11},"end":{"line":379,"column":5}}],"line":220},"19":{"loc":{"start":{"line":227,"column":11},"end":{"line":379,"column":5}},"type":"if","locations":[{"start":{"line":227,"column":11},"end":{"line":379,"column":5}},{"start":{"line":234,"column":11},"end":{"line":379,"column":5}}],"line":227},"20":{"loc":{"start":{"line":234,"column":11},"end":{"line":379,"column":5}},"type":"if","locations":[{"start":{"line":234,"column":11},"end":{"line":379,"column":5}},{"start":{"line":241,"column":11},"end":{"line":379,"column":5}}],"line":234},"21":{"loc":{"start":{"line":241,"column":11},"end":{"line":379,"column":5}},"type":"if","locations":[{"start":{"line":241,"column":11},"end":{"line":379,"column":5}},{"start":{"line":248,"column":11},"end":{"line":379,"column":5}}],"line":241},"22":{"loc":{"start":{"line":248,"column":11},"end":{"line":379,"column":5}},"type":"if","locations":[{"start":{"line":248,"column":11},"end":{"line":379,"column":5}},{"start":{"line":255,"column":11},"end":{"line":379,"column":5}}],"line":248},"23":{"loc":{"start":{"line":255,"column":11},"end":{"line":379,"column":5}},"type":"if","locations":[{"start":{"line":255,"column":11},"end":{"line":379,"column":5}},{"start":{"line":262,"column":11},"end":{"line":379,"column":5}}],"line":255},"24":{"loc":{"start":{"line":262,"column":11},"end":{"line":379,"column":5}},"type":"if","locations":[{"start":{"line":262,"column":11},"end":{"line":379,"column":5}},{"start":{"line":269,"column":11},"end":{"line":379,"column":5}}],"line":262},"25":{"loc":{"start":{"line":269,"column":11},"end":{"line":379,"column":5}},"type":"if","locations":[{"start":{"line":269,"column":11},"end":{"line":379,"column":5}},{"start":{"line":276,"column":11},"end":{"line":379,"column":5}}],"line":269},"26":{"loc":{"start":{"line":276,"column":11},"end":{"line":379,"column":5}},"type":"if","locations":[{"start":{"line":276,"column":11},"end":{"line":379,"column":5}},{"start":{"line":283,"column":11},"end":{"line":379,"column":5}}],"line":276},"27":{"loc":{"start":{"line":283,"column":11},"end":{"line":379,"column":5}},"type":"if","locations":[{"start":{"line":283,"column":11},"end":{"line":379,"column":5}},{"start":{"line":290,"column":11},"end":{"line":379,"column":5}}],"line":283},"28":{"loc":{"start":{"line":290,"column":11},"end":{"line":379,"column":5}},"type":"if","locations":[{"start":{"line":290,"column":11},"end":{"line":379,"column":5}},{"start":{"line":297,"column":11},"end":{"line":379,"column":5}}],"line":290},"29":{"loc":{"start":{"line":297,"column":11},"end":{"line":379,"column":5}},"type":"if","locations":[{"start":{"line":297,"column":11},"end":{"line":379,"column":5}},{"start":{"line":304,"column":11},"end":{"line":379,"column":5}}],"line":297},"30":{"loc":{"start":{"line":304,"column":11},"end":{"line":379,"column":5}},"type":"if","locations":[{"start":{"line":304,"column":11},"end":{"line":379,"column":5}},{"start":{"line":311,"column":11},"end":{"line":379,"column":5}}],"line":304},"31":{"loc":{"start":{"line":311,"column":11},"end":{"line":379,"column":5}},"type":"if","locations":[{"start":{"line":311,"column":11},"end":{"line":379,"column":5}},{"start":{"line":318,"column":11},"end":{"line":379,"column":5}}],"line":311},"32":{"loc":{"start":{"line":318,"column":11},"end":{"line":379,"column":5}},"type":"if","locations":[{"start":{"line":318,"column":11},"end":{"line":379,"column":5}},{"start":{"line":325,"column":11},"end":{"line":379,"column":5}}],"line":318},"33":{"loc":{"start":{"line":325,"column":11},"end":{"line":379,"column":5}},"type":"if","locations":[{"start":{"line":325,"column":11},"end":{"line":379,"column":5}},{"start":{"line":332,"column":11},"end":{"line":379,"column":5}}],"line":325},"34":{"loc":{"start":{"line":332,"column":11},"end":{"line":379,"column":5}},"type":"if","locations":[{"start":{"line":332,"column":11},"end":{"line":379,"column":5}},{"start":{"line":339,"column":11},"end":{"line":379,"column":5}}],"line":332},"35":{"loc":{"start":{"line":339,"column":11},"end":{"line":379,"column":5}},"type":"if","locations":[{"start":{"line":339,"column":11},"end":{"line":379,"column":5}},{"start":{"line":346,"column":11},"end":{"line":379,"column":5}}],"line":339},"36":{"loc":{"start":{"line":346,"column":11},"end":{"line":379,"column":5}},"type":"if","locations":[{"start":{"line":346,"column":11},"end":{"line":379,"column":5}},{"start":{"line":353,"column":11},"end":{"line":379,"column":5}}],"line":346},"37":{"loc":{"start":{"line":355,"column":6},"end":{"line":372,"column":7}},"type":"if","locations":[{"start":{"line":355,"column":6},"end":{"line":372,"column":7}},{"start":{},"end":{}}],"line":355},"38":{"loc":{"start":{"line":360,"column":24},"end":{"line":370,"column":11}},"type":"cond-expr","locations":[{"start":{"line":360,"column":52},"end":{"line":365,"column":11}},{"start":{"line":365,"column":14},"end":{"line":370,"column":11}}],"line":360}},"s":{"0":0,"1":0,"2":0,"3":0,"4":0,"5":0,"6":0,"7":0,"8":0,"9":0,"10":0,"11":0,"12":0,"13":0,"14":0,"15":0,"16":0,"17":0,"18":0,"19":0,"20":0,"21":0,"22":0,"23":0,"24":0,"25":0,"26":0,"27":0,"28":0,"29":0,"30":0,"31":0,"32":0,"33":0,"34":0,"35":0,"36":0,"37":0,"38":0,"39":0,"40":0,"41":0,"42":0,"43":0,"44":0,"45":0,"46":0,"47":0,"48":0,"49":0,"50":0,"51":0,"52":0,"53":0,"54":0,"55":0,"56":0,"57":0,"58":0,"59":0,"60":0,"61":0,"62":0,"63":0,"64":0,"65":0,"66":0,"67":0,"68":0,"69":0,"70":0,"71":0,"72":0,"73":0,"74":0,"75":0,"76":0,"77":0,"78":0,"79":0,"80":0,"81":0,"82":0,"83":0,"84":0,"85":0,"86":0,"87":0,"88":0,"89":0,"90":0,"91":0,"92":0,"93":0,"94":0,"95":0,"96":0},"f":{"0":0,"1":0,"2":0,"3":0,"4":0,"5":0,"6":0},"b":{"0":[0,0],"1":[0,0],"2":[0,0],"3":[0,0],"4":[0,0],"5":[0,0],"6":[0,0],"7":[0,0],"8":[0,0],"9":[0,0],"10":[0,0],"11":[0,0],"12":[0,0],"13":[0,0],"14":[0,0],"15":[0,0],"16":[0,0],"17":[0,0],"18":[0,0],"19":[0,0],"20":[0,0],"21":[0,0],"22":[0,0],"23":[0,0],"24":[0,0],"25":[0,0],"26":[0,0],"27":[0,0],"28":[0,0],"29":[0,0],"30":[0,0],"31":[0,0],"32":[0,0],"33":[0,0],"34":[0,0],"35":[0,0],"36":[0,0],"37":[0,0],"38":[0,0]}}
}
