TN:
SF:src\components\AudioPlayer.tsx
FN:27,AudioPlayer
FN:40,(anonymous_1)
FN:55,(anonymous_2)
FN:65,(anonymous_3)
FN:69,(anonymous_4)
FN:73,(anonymous_5)
FNF:6
FNH:0
FNDA:0,AudioPlayer
FNDA:0,(anonymous_1)
FNDA:0,(anonymous_2)
FNDA:0,(anonymous_3)
FNDA:0,(anonymous_4)
FNDA:0,(anonymous_5)
DA:36,0
DA:37,0
DA:38,0
DA:40,0
DA:41,0
DA:42,0
DA:43,0
DA:45,0
DA:46,0
DA:51,0
DA:55,0
DA:56,0
DA:58,0
DA:59,0
DA:61,0
DA:65,0
DA:66,0
DA:69,0
DA:70,0
DA:73,0
DA:74,0
DA:75,0
DA:76,0
DA:79,0
DA:118,0
LF:25
LH:0
BRDA:33,0,0,0
BRDA:34,1,0,0
BRDA:41,2,0,0
BRDA:41,2,1,0
BRDA:51,3,0,0
BRDA:51,3,1,0
BRDA:51,3,2,0
BRDA:56,4,0,0
BRDA:56,4,1,0
BRDA:58,5,0,0
BRDA:58,5,1,0
BRDA:66,6,0,0
BRDA:66,6,1,0
BRDA:70,7,0,0
BRDA:70,7,1,0
BRDA:74,8,0,0
BRDA:74,8,1,0
BRDA:75,9,0,0
BRDA:75,9,1,0
BRDA:82,10,0,0
BRDA:82,10,1,0
BRDA:82,10,2,0
BRDA:84,11,0,0
BRDA:84,11,1,0
BRDA:88,12,0,0
BRDA:88,12,1,0
BRDA:90,13,0,0
BRDA:90,13,1,0
BRDA:95,14,0,0
BRDA:95,14,1,0
BRDA:100,15,0,0
BRDA:100,15,1,0
BRDA:102,16,0,0
BRDA:102,16,1,0
BRDA:109,17,0,0
BRDA:109,17,1,0
BRDA:109,17,2,0
BRF:37
BRH:0
end_of_record
TN:
SF:src\components\CategoryCard.tsx
FN:15,CategoryCard
FN:17,(anonymous_1)
FN:18,(anonymous_2)
FN:23,(anonymous_3)
FN:24,(anonymous_4)
FNF:5
FNH:0
FNDA:0,CategoryCard
FNDA:0,(anonymous_1)
FNDA:0,(anonymous_2)
FNDA:0,(anonymous_3)
FNDA:0,(anonymous_4)
DA:16,0
DA:17,0
DA:18,0
DA:19,0
DA:20,0
DA:21,0
DA:23,0
DA:24,0
DA:25,0
DA:26,0
DA:28,0
DA:31,0
DA:32,0
DA:47,0
LF:14
LH:0
BRDA:21,0,0,0
BRDA:21,0,1,0
BRDA:25,1,0,0
BRDA:25,1,1,0
BRDA:39,2,0,0
BRDA:39,2,1,0
BRDA:40,3,0,0
BRDA:40,3,1,0
BRF:8
BRH:0
end_of_record
TN:
SF:src\components\ErrorBoundary.tsx
FN:20,(anonymous_0)
FN:29,(anonymous_1)
FN:37,(anonymous_2)
FN:50,(anonymous_3)
FN:58,(anonymous_4)
FNF:5
FNH:5
FNDA:17,(anonymous_0)
FNDA:16,(anonymous_1)
FNDA:8,(anonymous_2)
FNDA:1,(anonymous_3)
FNDA:43,(anonymous_4)
DA:21,17
DA:22,17
DA:30,16
DA:39,8
DA:41,8
DA:50,17
DA:51,1
DA:59,43
DA:60,24
DA:61,3
DA:64,21
DA:87,19
DA:91,1
LF:13
LH:13
BRDA:59,0,0,24
BRDA:59,0,1,19
BRDA:60,1,0,3
BRDA:60,1,1,21
BRDA:72,2,0,21
BRDA:72,2,1,21
BRDA:72,2,2,21
BRF:7
BRH:7
end_of_record
TN:
SF:src\components\FontSizeModal.tsx
FN:17,(anonymous_0)
FN:28,(anonymous_1)
FN:35,(anonymous_2)
FN:42,(anonymous_3)
FN:46,(anonymous_4)
FN:51,(anonymous_5)
FNF:6
FNH:0
FNDA:0,(anonymous_0)
FNDA:0,(anonymous_1)
FNDA:0,(anonymous_2)
FNDA:0,(anonymous_3)
FNDA:0,(anonymous_4)
FNDA:0,(anonymous_5)
DA:17,0
DA:25,0
DA:28,0
DA:29,0
DA:30,0
DA:35,0
DA:36,0
DA:42,0
DA:43,0
DA:46,0
DA:47,0
DA:48,0
DA:51,0
DA:52,0
DA:53,0
DA:56,0
DA:58,0
DA:114,0
LF:18
LH:0
BRDA:29,0,0,0
BRDA:29,0,1,0
BRDA:36,1,0,0
BRDA:36,1,1,0
BRDA:56,2,0,0
BRDA:56,2,1,0
BRDA:68,3,0,0
BRDA:68,3,1,0
BRDA:96,4,0,0
BRDA:96,4,1,0
BRDA:104,5,0,0
BRDA:104,5,1,0
BRF:12
BRH:0
end_of_record
TN:
SF:src\components\LoadingStates.tsx
FN:13,(anonymous_0)
FN:31,(anonymous_1)
FN:51,(anonymous_2)
FN:68,(anonymous_3)
FN:70,(anonymous_4)
FN:87,(anonymous_5)
FN:119,(anonymous_6)
FN:138,(anonymous_7)
FN:317,useAsyncOperation
FN:326,(anonymous_9)
FN:334,(anonymous_10)
FN:369,(anonymous_11)
FNF:12
FNH:8
FNDA:5,(anonymous_0)
FNDA:58,(anonymous_1)
FNDA:1,(anonymous_2)
FNDA:3,(anonymous_3)
FNDA:16,(anonymous_4)
FNDA:7,(anonymous_5)
FNDA:3,(anonymous_6)
FNDA:6,(anonymous_7)
FNDA:0,useAsyncOperation
FNDA:0,(anonymous_9)
FNDA:0,(anonymous_10)
FNDA:0,(anonymous_11)
DA:13,1
DA:18,5
DA:31,1
DA:37,58
DA:51,1
DA:52,1
DA:68,1
DA:69,3
DA:71,16
DA:87,1
DA:92,7
DA:119,1
DA:120,3
DA:138,1
DA:146,6
DA:165,1
DA:318,0
DA:324,0
DA:326,0
DA:334,0
DA:336,0
DA:337,0
DA:339,0
DA:345,0
DA:346,0
DA:349,0
DA:351,0
DA:353,0
DA:359,0
DA:361,0
DA:362,0
DA:365,0
DA:369,0
DA:370,0
DA:377,0
LF:35
LH:16
BRDA:14,0,0,3
BRDA:15,1,0,4
BRDA:20,2,0,5
BRDA:20,2,1,1
BRDA:32,3,0,1
BRDA:33,4,0,2
BRDA:34,5,0,38
BRDA:35,6,0,2
BRDA:68,7,0,1
BRDA:89,8,0,6
BRDA:95,9,0,7
BRDA:95,9,1,1
BRDA:97,10,0,7
BRDA:97,10,1,4
BRDA:121,11,0,3
BRDA:121,11,1,1
BRDA:122,12,0,3
BRDA:122,12,1,1
BRDA:139,13,0,5
BRDA:151,14,0,6
BRDA:151,14,1,3
BRDA:151,14,2,2
BRDA:153,15,0,1
BRDA:153,15,1,1
BRDA:345,16,0,0
BRDA:345,16,1,0
BRDA:351,17,0,0
BRDA:351,17,1,0
BRDA:361,18,0,0
BRDA:361,18,1,0
BRF:30
BRH:24
end_of_record
TN:
SF:src\components\OfflineIndicator.tsx
FN:12,OfflineIndicator
FN:34,(anonymous_1)
FN:53,(anonymous_2)
FN:71,(anonymous_3)
FN:78,(anonymous_4)
FN:86,(anonymous_5)
FN:139,(anonymous_6)
FN:144,(anonymous_7)
FN:168,(anonymous_8)
FN:192,(anonymous_9)
FNF:10
FNH:0
FNDA:0,OfflineIndicator
FNDA:0,(anonymous_1)
FNDA:0,(anonymous_2)
FNDA:0,(anonymous_3)
FNDA:0,(anonymous_4)
FNDA:0,(anonymous_5)
FNDA:0,(anonymous_6)
FNDA:0,(anonymous_7)
FNDA:0,(anonymous_8)
FNDA:0,(anonymous_9)
DA:23,0
DA:25,0
DA:26,0
DA:28,0
DA:29,0
DA:30,0
DA:31,0
DA:34,0
DA:35,0
DA:37,0
DA:44,0
DA:53,0
DA:54,0
DA:55,0
DA:69,0
DA:71,0
DA:73,0
DA:78,0
DA:79,0
DA:86,0
DA:87,0
DA:88,0
DA:96,0
DA:97,0
DA:105,0
DA:106,0
DA:114,0
DA:115,0
DA:123,0
DA:124,0
DA:132,0
DA:135,0
DA:137,0
DA:139,0
DA:140,0
DA:141,0
DA:144,0
DA:145,0
DA:147,0
DA:148,0
DA:154,0
DA:157,0
DA:158,0
DA:159,0
DA:168,0
DA:169,0
DA:171,0
DA:172,0
DA:173,0
DA:174,0
DA:178,0
DA:188,0
DA:192,0
DA:193,0
DA:195,0
DA:196,0
DA:197,0
DA:198,0
DA:200,0
DA:201,0
DA:202,0
DA:205,0
DA:290,0
LF:63
LH:0
BRDA:35,0,0,0
BRDA:35,0,1,0
BRDA:35,1,0,0
BRDA:35,1,1,0
BRDA:35,1,2,0
BRDA:54,2,0,0
BRDA:54,2,1,0
BRDA:80,3,0,0
BRDA:80,3,1,0
BRDA:87,4,0,0
BRDA:87,4,1,0
BRDA:91,5,0,0
BRDA:91,5,1,0
BRDA:91,6,0,0
BRDA:91,6,1,0
BRDA:92,7,0,0
BRDA:92,7,1,0
BRDA:92,8,0,0
BRDA:92,8,1,0
BRDA:96,9,0,0
BRDA:96,9,1,0
BRDA:100,10,0,0
BRDA:100,10,1,0
BRDA:100,11,0,0
BRDA:100,11,1,0
BRDA:101,12,0,0
BRDA:101,12,1,0
BRDA:101,13,0,0
BRDA:101,13,1,0
BRDA:105,14,0,0
BRDA:105,14,1,0
BRDA:109,15,0,0
BRDA:109,15,1,0
BRDA:109,16,0,0
BRDA:109,16,1,0
BRDA:110,17,0,0
BRDA:110,17,1,0
BRDA:110,18,0,0
BRDA:110,18,1,0
BRDA:114,19,0,0
BRDA:114,19,1,0
BRDA:118,20,0,0
BRDA:118,20,1,0
BRDA:118,21,0,0
BRDA:118,21,1,0
BRDA:119,22,0,0
BRDA:119,22,1,0
BRDA:119,23,0,0
BRDA:119,23,1,0
BRDA:123,24,0,0
BRDA:123,24,1,0
BRDA:127,25,0,0
BRDA:127,25,1,0
BRDA:127,26,0,0
BRDA:127,26,1,0
BRDA:128,27,0,0
BRDA:128,27,1,0
BRDA:128,28,0,0
BRDA:128,28,1,0
BRDA:137,29,0,0
BRDA:137,29,1,0
BRDA:147,30,0,0
BRDA:147,30,1,0
BRDA:149,31,0,0
BRDA:149,31,1,0
BRDA:149,32,0,0
BRDA:149,32,1,0
BRDA:150,33,0,0
BRDA:150,33,1,0
BRDA:151,34,0,0
BRDA:151,34,1,0
BRDA:158,35,0,0
BRDA:158,35,1,0
BRDA:161,36,0,0
BRDA:161,36,1,0
BRDA:162,37,0,0
BRDA:162,37,1,0
BRDA:173,38,0,0
BRDA:173,38,1,0
BRDA:174,39,0,0
BRDA:174,39,1,0
BRDA:193,40,0,0
BRDA:193,40,1,0
BRDA:200,41,0,0
BRDA:200,41,1,0
BRDA:200,42,0,0
BRDA:200,42,1,0
BRDA:200,43,0,0
BRDA:200,43,1,0
BRDA:201,44,0,0
BRDA:201,44,1,0
BRDA:201,45,0,0
BRDA:201,45,1,0
BRDA:201,46,0,0
BRDA:201,46,1,0
BRDA:202,47,0,0
BRDA:202,47,1,0
BRDA:202,48,0,0
BRDA:202,48,1,0
BRDA:222,49,0,0
BRDA:222,49,1,0
BRDA:228,50,0,0
BRDA:228,50,1,0
BRDA:249,51,0,0
BRDA:249,51,1,0
BRDA:251,52,0,0
BRDA:251,52,1,0
BRDA:252,53,0,0
BRDA:252,53,1,0
BRDA:258,54,0,0
BRDA:258,54,1,0
BRDA:258,54,2,0
BRDA:265,55,0,0
BRDA:265,55,1,0
BRDA:266,56,0,0
BRDA:266,56,1,0
BRDA:278,57,0,0
BRDA:278,57,1,0
BRDA:279,58,0,0
BRDA:279,58,1,0
BRF:120
BRH:0
end_of_record
TN:
SF:src\components\Screen.tsx
FN:28,Screen
FN:83,ModalScreen
FN:103,TabScreen
FN:123,getStatusBarHeight
FNF:4
FNH:0
FNDA:0,Screen
FNDA:0,ModalScreen
FNDA:0,TabScreen
FNDA:0,getStatusBarHeight
DA:36,0
DA:42,0
DA:43,0
DA:51,0
DA:52,0
DA:57,0
DA:58,0
DA:61,0
DA:69,0
DA:88,0
DA:108,0
DA:124,0
DA:125,0
DA:127,0
DA:130,0
LF:15
LH:0
BRDA:31,0,0,0
BRDA:32,1,0,0
BRDA:33,2,0,0
BRDA:42,3,0,0
BRDA:42,3,1,0
BRDA:51,4,0,0
BRDA:51,4,1,0
BRDA:57,5,0,0
BRDA:57,5,1,0
BRDA:58,6,0,0
BRDA:58,6,1,0
BRDA:86,7,0,0
BRDA:106,8,0,0
BRDA:124,9,0,0
BRDA:124,9,1,0
BRDA:125,10,0,0
BRDA:125,10,1,0
BRF:17
BRH:0
end_of_record
TN:
SF:src\components\SimpleCharts.tsx
FN:19,(anonymous_0)
FN:25,(anonymous_1)
FN:43,(anonymous_2)
FN:66,(anonymous_3)
FNF:4
FNH:0
FNDA:0,(anonymous_0)
FNDA:0,(anonymous_1)
FNDA:0,(anonymous_2)
FNDA:0,(anonymous_3)
DA:19,0
DA:20,0
DA:25,0
DA:43,0
DA:44,0
DA:66,0
DA:67,0
DA:73,0
LF:8
LH:0
BRDA:23,0,0,0
BRDA:23,0,1,0
BRDA:47,1,0,0
BRDA:47,1,1,0
BRF:4
BRH:0
end_of_record
TN:
SF:src\components\SubCategoryCard.tsx
FN:28,SubCategoryCard
FN:37,(anonymous_1)
FN:45,(anonymous_2)
FN:54,(anonymous_3)
FN:190,SubCategoriesGrid
FN:210,(anonymous_5)
FN:260,SubCategoryListItem
FN:268,(anonymous_7)
FN:280,(anonymous_8)
FN:298,(anonymous_9)
FNF:10
FNH:0
FNDA:0,SubCategoryCard
FNDA:0,(anonymous_1)
FNDA:0,(anonymous_2)
FNDA:0,(anonymous_3)
FNDA:0,SubCategoriesGrid
FNDA:0,(anonymous_5)
FNDA:0,SubCategoryListItem
FNDA:0,(anonymous_7)
FNDA:0,(anonymous_8)
FNDA:0,(anonymous_9)
DA:18,0
DA:19,0
DA:34,0
DA:35,0
DA:37,0
DA:38,0
DA:42,0
DA:45,0
DA:47,0
DA:48,0
DA:51,0
DA:54,0
DA:55,0
DA:57,0
DA:63,0
DA:70,0
DA:71,0
DA:72,0
DA:74,0
DA:110,0
DA:200,0
DA:201,0
DA:202,0
DA:208,0
DA:211,0
DA:235,0
DA:265,0
DA:268,0
DA:270,0
DA:271,0
DA:274,0
DA:277,0
DA:280,0
DA:281,0
DA:292,0
DA:295,0
DA:298,0
DA:323,0
LF:38
LH:0
BRDA:31,0,0,0
BRDA:51,1,0,0
BRDA:51,1,1,0
BRDA:55,2,0,0
BRDA:55,2,1,0
BRDA:99,3,0,0
BRDA:99,3,1,0
BRDA:204,4,0,0
BRDA:204,4,1,0
BRDA:216,5,0,0
BRDA:216,5,1,0
BRDA:220,6,0,0
BRDA:220,6,1,0
BRDA:225,7,0,0
BRDA:225,7,1,0
BRDA:263,8,0,0
BRDA:274,9,0,0
BRDA:274,9,1,0
BRDA:292,10,0,0
BRDA:292,10,1,0
BRF:20
BRH:0
end_of_record
TN:
SF:src\components\TTSWarningModal.tsx
FN:28,TTSWarningModal
FN:80,(anonymous_1)
FNF:2
FNH:0
FNDA:0,TTSWarningModal
FNDA:0,(anonymous_1)
DA:37,0
DA:47,0
DA:81,0
DA:134,0
LF:4
LH:0
BRDA:38,0,0,0
BRDA:38,0,1,0
BRDA:39,1,0,0
BRDA:39,1,1,0
BRDA:40,2,0,0
BRDA:40,2,1,0
BRDA:41,3,0,0
BRDA:41,3,1,0
BRDA:42,4,0,0
BRDA:42,4,1,0
BRDA:75,5,0,0
BRDA:75,5,1,0
BRDA:75,5,2,0
BRDA:107,6,0,0
BRDA:107,6,1,0
BRF:15
BRH:0
end_of_record
TN:
SF:src\components\WebWrapper.tsx
FN:9,WebWrapper
FNF:1
FNH:0
FNDA:0,WebWrapper
DA:10,0
DA:11,0
DA:14,0
DA:23,0
LF:4
LH:0
BRDA:10,0,0,0
BRDA:10,0,1,0
BRF:2
BRH:0
end_of_record
TN:
SF:src\config\languages.config.ts
FN:368,(anonymous_0)
FN:369,(anonymous_1)
FN:375,(anonymous_2)
FN:376,(anonymous_3)
FN:382,(anonymous_4)
FN:383,(anonymous_5)
FN:389,(anonymous_6)
FN:394,(anonymous_7)
FNF:8
FNH:0
FNDA:0,(anonymous_0)
FNDA:0,(anonymous_1)
FNDA:0,(anonymous_2)
FNDA:0,(anonymous_3)
FNDA:0,(anonymous_4)
FNDA:0,(anonymous_5)
FNDA:0,(anonymous_6)
FNDA:0,(anonymous_7)
DA:10,0
DA:368,0
DA:369,0
DA:375,0
DA:376,0
DA:382,0
DA:383,0
DA:389,0
DA:394,0
DA:395,0
DA:396,0
LF:11
LH:0
BRF:0
BRH:0
end_of_record
TN:
SF:src\constants\AppConstants.ts
FNF:0
FNH:0
DA:6,1
DA:22,1
DA:32,1
DA:46,1
DA:67,1
DA:91,1
DA:102,1
DA:112,1
DA:124,1
DA:135,1
DA:146,1
DA:156,1
LF:12
LH:12
BRF:0
BRH:0
end_of_record
TN:
SF:src\constants\Colors.ts
FNF:0
FNH:0
DA:3,0
LF:1
LH:0
BRF:0
BRH:0
end_of_record
TN:
SF:src\constants\Design.ts
FNF:0
FNH:0
DA:9,0
DA:52,0
DA:70,0
DA:97,0
DA:134,0
DA:146,0
DA:264,0
LF:7
LH:0
BRF:0
BRH:0
end_of_record
TN:
SF:src\constants\Typography.ts
FN:357,(anonymous_0)
FN:372,(anonymous_1)
FN:381,(anonymous_2)
FN:389,(anonymous_3)
FN:402,(anonymous_4)
FN:411,(anonymous_5)
FNF:6
FNH:0
FNDA:0,(anonymous_0)
FNDA:0,(anonymous_1)
FNDA:0,(anonymous_2)
FNDA:0,(anonymous_3)
FNDA:0,(anonymous_4)
FNDA:0,(anonymous_5)
DA:6,0
DA:21,0
DA:56,0
DA:77,0
DA:91,0
DA:109,0
DA:123,0
DA:353,0
DA:358,0
DA:366,0
DA:372,0
DA:381,0
DA:390,0
DA:396,0
DA:403,0
DA:404,0
DA:405,0
DA:412,0
DA:415,0
DA:419,0
DA:421,0
LF:21
LH:0
BRDA:396,0,0,0
BRDA:396,0,1,0
BRDA:403,1,0,0
BRDA:403,1,1,0
BRDA:404,2,0,0
BRDA:404,2,1,0
BRDA:411,3,0,0
BRDA:412,4,0,0
BRDA:412,4,1,0
BRDA:412,4,2,0
BRDA:412,4,3,0
BRDA:412,4,4,0
BRDA:412,4,5,0
BRF:13
BRH:0
end_of_record
TN:
SF:src\contexts\ConfigContext.tsx
FN:29,(anonymous_0)
FN:36,(anonymous_1)
FN:40,(anonymous_2)
FN:77,(anonymous_3)
FN:118,(anonymous_4)
FN:150,(anonymous_5)
FNF:6
FNH:6
FNDA:24,(anonymous_0)
FNDA:10,(anonymous_1)
FNDA:10,(anonymous_2)
FNDA:4,(anonymous_3)
FNDA:2,(anonymous_4)
FNDA:25,(anonymous_5)
DA:19,1
DA:21,1
DA:22,1
DA:23,1
DA:29,1
DA:30,24
DA:31,24
DA:32,24
DA:33,24
DA:36,24
DA:37,10
DA:40,24
DA:41,10
DA:42,10
DA:49,10
DA:51,10
DA:53,2
DA:54,2
DA:55,1
DA:56,1
DA:59,1
DA:62,1
DA:63,1
DA:64,1
DA:68,8
DA:71,0
DA:73,10
DA:77,24
DA:78,4
DA:80,4
DA:81,4
DA:82,1
DA:85,3
DA:86,1
DA:90,2
DA:91,2
DA:92,2
DA:93,2
DA:97,2
DA:98,2
DA:101,2
DA:104,2
DA:109,2
DA:111,2
DA:113,2
DA:114,2
DA:118,24
DA:119,2
DA:120,2
DA:121,2
DA:122,2
DA:124,0
DA:125,0
DA:129,24
DA:139,24
DA:150,1
DA:151,25
DA:152,25
DA:153,2
DA:155,23
LF:60
LH:57
BRDA:51,0,0,2
BRDA:51,0,1,8
BRDA:54,1,0,1
BRDA:54,1,1,1
BRDA:81,2,0,1
BRDA:81,2,1,3
BRDA:85,3,0,1
BRDA:85,3,1,2
BRDA:91,4,0,2
BRDA:91,4,1,0
BRDA:120,5,0,1
BRDA:120,5,1,1
BRDA:152,6,0,2
BRDA:152,6,1,23
BRF:14
BRH:13
end_of_record
TN:
SF:src\contexts\LanguageContext.tsx
FN:5718,(anonymous_0)
FN:5730,(anonymous_1)
FN:5776,LanguageProvider
FN:5783,(anonymous_3)
FN:5787,(anonymous_4)
FN:5805,(anonymous_5)
FN:5816,(anonymous_6)
FN:5839,(anonymous_7)
FN:5850,(anonymous_8)
FN:5862,(anonymous_9)
FN:5871,(anonymous_10)
FN:5880,(anonymous_11)
FN:5927,useAppLanguage
FNF:13
FNH:0
FNDA:0,(anonymous_0)
FNDA:0,(anonymous_1)
FNDA:0,LanguageProvider
FNDA:0,(anonymous_3)
FNDA:0,(anonymous_4)
FNDA:0,(anonymous_5)
FNDA:0,(anonymous_6)
FNDA:0,(anonymous_7)
FNDA:0,(anonymous_8)
FNDA:0,(anonymous_9)
FNDA:0,(anonymous_10)
FNDA:0,(anonymous_11)
FNDA:0,useAppLanguage
DA:6,0
DA:7,0
DA:240,0
DA:5718,0
DA:5719,0
DA:5730,0
DA:5732,0
DA:5733,0
DA:5735,0
DA:5736,0
DA:5737,0
DA:5738,0
DA:5739,0
DA:5740,0
DA:5744,0
DA:5770,0
DA:5777,0
DA:5778,0
DA:5779,0
DA:5780,0
DA:5783,0
DA:5784,0
DA:5787,0
DA:5788,0
DA:5789,0
DA:5790,0
DA:5791,0
DA:5792,0
DA:5793,0
DA:5794,0
DA:5798,0
DA:5799,0
DA:5801,0
DA:5805,0
DA:5806,0
DA:5807,0
DA:5808,0
DA:5810,0
DA:5811,0
DA:5812,0
DA:5816,0
DA:5817,0
DA:5818,0
DA:5819,0
DA:5822,0
DA:5824,0
DA:5825,0
DA:5826,0
DA:5827,0
DA:5828,0
DA:5832,0
DA:5834,0
DA:5835,0
DA:5839,0
DA:5840,0
DA:5841,0
DA:5842,0
DA:5843,0
DA:5845,0
DA:5846,0
DA:5850,0
DA:5851,0
DA:5852,0
DA:5853,0
DA:5854,0
DA:5855,0
DA:5857,0
DA:5858,0
DA:5862,0
DA:5863,0
DA:5864,0
DA:5866,0
DA:5867,0
DA:5871,0
DA:5872,0
DA:5877,0
DA:5880,0
DA:5881,0
DA:5882,0
DA:5884,0
DA:5891,0
DA:5898,0
DA:5899,0
DA:5907,0
DA:5920,0
DA:5928,0
DA:5929,0
DA:5930,0
DA:5932,0
LF:89
LH:0
BRDA:5720,0,0,0
BRDA:5720,0,1,0
BRDA:5720,0,2,0
BRDA:5720,0,3,0
BRDA:5720,0,4,0
BRDA:5720,0,5,0
BRDA:5720,0,6,0
BRDA:5735,1,0,0
BRDA:5735,1,1,0
BRDA:5738,2,0,0
BRDA:5738,2,1,0
BRDA:5790,3,0,0
BRDA:5790,3,1,0
BRDA:5792,4,0,0
BRDA:5792,4,1,0
BRDA:5816,5,0,0
BRDA:5818,6,0,0
BRDA:5818,6,1,0
BRDA:5824,7,0,0
BRDA:5824,7,1,0
BRDA:5826,8,0,0
BRDA:5826,8,1,0
BRDA:5841,9,0,0
BRDA:5841,9,1,0
BRDA:5864,10,0,0
BRDA:5864,10,1,0
BRDA:5873,11,0,0
BRDA:5873,11,1,0
BRDA:5874,12,0,0
BRDA:5874,12,1,0
BRDA:5875,13,0,0
BRDA:5875,13,1,0
BRDA:5877,14,0,0
BRDA:5877,14,1,0
BRDA:5882,15,0,0
BRDA:5882,15,1,0
BRDA:5887,16,0,0
BRDA:5887,16,1,0
BRDA:5894,17,0,0
BRDA:5894,17,1,0
BRDA:5929,18,0,0
BRDA:5929,18,1,0
BRF:42
BRH:0
end_of_record
TN:
SF:src\contexts\OfflineDataContext.tsx
FN:39,OfflineDataProvider
FN:59,(anonymous_1)
FN:64,(anonymous_2)
FN:70,(anonymous_3)
FN:127,(anonymous_4)
FN:145,(anonymous_5)
FN:158,(anonymous_6)
FN:191,(anonymous_7)
FN:193,(anonymous_8)
FN:201,(anonymous_9)
FN:203,(anonymous_10)
FN:211,(anonymous_11)
FN:213,(anonymous_12)
FN:221,(anonymous_13)
FN:228,(anonymous_14)
FN:232,(anonymous_15)
FN:267,useOfflineData
FN:276,withOfflineData
FN:279,OfflineWrappedComponent
FNF:19
FNH:0
FNDA:0,OfflineDataProvider
FNDA:0,(anonymous_1)
FNDA:0,(anonymous_2)
FNDA:0,(anonymous_3)
FNDA:0,(anonymous_4)
FNDA:0,(anonymous_5)
FNDA:0,(anonymous_6)
FNDA:0,(anonymous_7)
FNDA:0,(anonymous_8)
FNDA:0,(anonymous_9)
FNDA:0,(anonymous_10)
FNDA:0,(anonymous_11)
FNDA:0,(anonymous_12)
FNDA:0,(anonymous_13)
FNDA:0,(anonymous_14)
FNDA:0,(anonymous_15)
FNDA:0,useOfflineData
FNDA:0,withOfflineData
FNDA:0,OfflineWrappedComponent
DA:33,0
DA:40,0
DA:41,0
DA:42,0
DA:43,0
DA:44,0
DA:46,0
DA:56,0
DA:59,0
DA:60,0
DA:64,0
DA:65,0
DA:66,0
DA:70,0
DA:71,0
DA:72,0
DA:74,0
DA:76,0
DA:77,0
DA:78,0
DA:79,0
DA:80,0
DA:84,0
DA:86,0
DA:88,0
DA:89,0
DA:90,0
DA:92,0
DA:93,0
DA:94,0
DA:95,0
DA:99,0
DA:105,0
DA:106,0
DA:107,0
DA:108,0
DA:110,0
DA:114,0
DA:117,0
DA:118,0
DA:119,0
DA:120,0
DA:122,0
DA:127,0
DA:128,0
DA:130,0
DA:131,0
DA:133,0
DA:134,0
DA:137,0
DA:138,0
DA:145,0
DA:153,0
DA:158,0
DA:159,0
DA:160,0
DA:161,0
DA:162,0
DA:165,0
DA:167,0
DA:169,0
DA:171,0
DA:176,0
DA:179,0
DA:181,0
DA:182,0
DA:186,0
DA:191,0
DA:192,0
DA:193,0
DA:195,0
DA:196,0
DA:201,0
DA:202,0
DA:203,0
DA:205,0
DA:206,0
DA:211,0
DA:212,0
DA:213,0
DA:215,0
DA:216,0
DA:221,0
DA:222,0
DA:223,0
DA:225,0
DA:227,0
DA:228,0
DA:231,0
DA:232,0
DA:233,0
DA:239,0
DA:240,0
DA:244,0
DA:260,0
DA:268,0
DA:269,0
DA:270,0
DA:272,0
DA:279,0
DA:280,0
DA:282,0
DA:283,0
DA:303,0
DA:304,0
DA:337,0
LF:106
LH:0
BRDA:50,0,0,0
BRDA:51,1,0,0
BRDA:52,2,0,0
BRDA:56,3,0,0
BRDA:56,3,1,0
BRDA:65,4,0,0
BRDA:65,4,1,0
BRDA:65,5,0,0
BRDA:65,5,1,0
BRDA:74,6,0,0
BRDA:74,6,1,0
BRDA:86,7,0,0
BRDA:86,7,1,0
BRDA:92,8,0,0
BRDA:92,8,1,0
BRDA:94,9,0,0
BRDA:94,9,1,0
BRDA:128,10,0,0
BRDA:128,10,1,0
BRDA:128,11,0,0
BRDA:128,11,1,0
BRDA:133,12,0,0
BRDA:133,12,1,0
BRDA:137,13,0,0
BRDA:137,13,1,0
BRDA:160,14,0,0
BRDA:160,14,1,0
BRDA:167,15,0,0
BRDA:167,15,1,0
BRDA:223,16,0,0
BRDA:223,16,1,0
BRDA:227,17,0,0
BRDA:227,17,1,0
BRDA:233,18,0,0
BRDA:233,18,1,0
BRDA:233,18,2,0
BRDA:233,18,3,0
BRDA:256,19,0,0
BRDA:256,19,1,0
BRDA:257,20,0,0
BRDA:257,20,1,0
BRDA:257,20,2,0
BRDA:269,21,0,0
BRDA:269,21,1,0
BRDA:282,22,0,0
BRDA:282,22,1,0
BRDA:288,23,0,0
BRDA:288,23,1,0
BRDA:290,24,0,0
BRDA:290,24,1,0
BRDA:294,25,0,0
BRDA:294,25,1,0
BRDA:303,26,0,0
BRDA:303,26,1,0
BRDA:309,27,0,0
BRDA:309,27,1,0
BRDA:316,28,0,0
BRDA:316,28,1,0
BRDA:324,29,0,0
BRDA:324,29,1,0
BRDA:328,30,0,0
BRDA:328,30,1,0
BRF:62
BRH:0
end_of_record
TN:
SF:src\data\audioMapping.ts
FN:318,getAudioSource
FN:323,hasAudioFile
FNF:2
FNH:0
FNDA:0,getAudioSource
FNDA:0,hasAudioFile
DA:9,0
DA:319,0
DA:320,0
DA:324,0
DA:325,0
LF:5
LH:0
BRDA:319,0,0,0
BRDA:319,0,1,0
BRDA:320,1,0,0
BRDA:320,1,1,0
BRDA:324,2,0,0
BRDA:324,2,1,0
BRF:6
BRH:0
end_of_record
TN:
SF:src\data\categories.ts
FN:8,getCategoryTranslation
FN:17,createCategory
FN:653,(anonymous_2)
FN:656,(anonymous_3)
FN:668,(anonymous_4)
FN:669,(anonymous_5)
FN:676,(anonymous_6)
FN:678,(anonymous_7)
FN:684,getCategoryName
FN:696,getSubcategoryName
FN:708,(anonymous_10)
FN:709,(anonymous_11)
FN:715,(anonymous_12)
FN:716,(anonymous_13)
FN:722,(anonymous_14)
FNF:15
FNH:0
FNDA:0,getCategoryTranslation
FNDA:0,createCategory
FNDA:0,(anonymous_2)
FNDA:0,(anonymous_3)
FNDA:0,(anonymous_4)
FNDA:0,(anonymous_5)
FNDA:0,(anonymous_6)
FNDA:0,(anonymous_7)
FNDA:0,getCategoryName
FNDA:0,getSubcategoryName
FNDA:0,(anonymous_10)
FNDA:0,(anonymous_11)
FNDA:0,(anonymous_12)
FNDA:0,(anonymous_13)
FNDA:0,(anonymous_14)
DA:9,0
DA:10,0
DA:13,0
DA:24,0
DA:26,0
DA:69,0
DA:103,0
DA:187,0
DA:221,0
DA:255,0
DA:279,0
DA:303,0
DA:357,0
DA:391,0
DA:415,0
DA:439,0
DA:463,0
DA:489,0
DA:543,0
DA:577,0
DA:623,0
DA:653,0
DA:654,0
DA:656,0
DA:657,0
DA:658,0
DA:662,0
DA:668,0
DA:669,0
DA:670,0
DA:676,0
DA:677,0
DA:678,0
DA:685,0
DA:686,0
DA:687,0
DA:688,0
DA:689,0
DA:697,0
DA:698,0
DA:699,0
DA:700,0
DA:701,0
DA:708,0
DA:709,0
DA:715,0
DA:716,0
DA:722,0
DA:723,0
DA:724,0
DA:726,0
LF:51
LH:0
BRDA:10,0,0,0
BRDA:10,0,1,0
BRDA:13,1,0,0
BRDA:13,1,1,0
BRDA:657,2,0,0
BRDA:657,2,1,0
BRDA:657,3,0,0
BRDA:657,3,1,0
BRDA:670,4,0,0
BRDA:670,4,1,0
BRDA:685,5,0,0
BRDA:685,5,1,0
BRDA:685,5,2,0
BRDA:685,5,3,0
BRDA:697,6,0,0
BRDA:697,6,1,0
BRDA:697,6,2,0
BRDA:697,6,3,0
BRF:18
BRH:0
end_of_record
TN:
SF:src\data\category-translations.ts
FNF:0
FNH:0
DA:40,0
LF:1
LH:0
BRF:0
BRH:0
end_of_record
TN:
SF:src\data\phrases.ts
FNF:0
FNH:0
DA:4,0
LF:1
LH:0
BRF:0
BRH:0
end_of_record
TN:
SF:src\data\languages\base.ts
FNF:0
FNH:0
DA:6,0
LF:1
LH:0
BRF:0
BRH:0
end_of_record
TN:
SF:src\data\languages\translations\arabic.ts
FNF:0
FNH:0
DA:3,0
LF:1
LH:0
BRF:0
BRH:0
end_of_record
TN:
SF:src\data\languages\translations\armenian.ts
FNF:0
FNH:0
DA:7,0
LF:1
LH:0
BRF:0
BRH:0
end_of_record
TN:
SF:src\data\languages\translations\azerbaijani.ts
FNF:0
FNH:0
DA:7,0
LF:1
LH:0
BRF:0
BRH:0
end_of_record
TN:
SF:src\data\languages\translations\chinese.ts
FNF:0
FNH:0
DA:6,0
LF:1
LH:0
BRF:0
BRH:0
end_of_record
TN:
SF:src\data\languages\translations\dutch.ts
FNF:0
FNH:0
DA:7,0
LF:1
LH:0
BRF:0
BRH:0
end_of_record
TN:
SF:src\data\languages\translations\english.ts
FNF:0
FNH:0
DA:6,0
LF:1
LH:0
BRF:0
BRH:0
end_of_record
TN:
SF:src\data\languages\translations\french.ts
FNF:0
FNH:0
DA:7,0
LF:1
LH:0
BRF:0
BRH:0
end_of_record
TN:
SF:src\data\languages\translations\georgian.ts
FNF:0
FNH:0
DA:7,0
LF:1
LH:0
BRF:0
BRH:0
end_of_record
TN:
SF:src\data\languages\translations\german.ts
FNF:0
FNH:0
DA:7,0
LF:1
LH:0
BRF:0
BRH:0
end_of_record
TN:
SF:src\data\languages\translations\hindi.ts
FNF:0
FNH:0
DA:3,0
LF:1
LH:0
BRF:0
BRH:0
end_of_record
TN:
SF:src\data\languages\translations\indonesian.ts
FNF:0
FNH:0
DA:3,0
LF:1
LH:0
BRF:0
BRH:0
end_of_record
TN:
SF:src\data\languages\translations\italian.ts
FNF:0
FNH:0
DA:7,0
LF:1
LH:0
BRF:0
BRH:0
end_of_record
TN:
SF:src\data\languages\translations\japanese.ts
FNF:0
FNH:0
DA:7,0
LF:1
LH:0
BRF:0
BRH:0
end_of_record
TN:
SF:src\data\languages\translations\kazakh.ts
FNF:0
FNH:0
DA:7,0
LF:1
LH:0
BRF:0
BRH:0
end_of_record
TN:
SF:src\data\languages\translations\korean.ts
FNF:0
FNH:0
DA:7,0
LF:1
LH:0
BRF:0
BRH:0
end_of_record
TN:
SF:src\data\languages\translations\kyrgyz.ts
FNF:0
FNH:0
DA:7,0
LF:1
LH:0
BRF:0
BRH:0
end_of_record
TN:
SF:src\data\languages\translations\malay.ts
FNF:0
FNH:0
DA:3,0
LF:1
LH:0
BRF:0
BRH:0
end_of_record
TN:
SF:src\data\languages\translations\pashto.ts
FNF:0
FNH:0
DA:7,0
LF:1
LH:0
BRF:0
BRH:0
end_of_record
TN:
SF:src\data\languages\translations\persian.ts
FNF:0
FNH:0
DA:3,0
LF:1
LH:0
BRF:0
BRH:0
end_of_record
TN:
SF:src\data\languages\translations\polish.ts
FNF:0
FNH:0
DA:7,0
LF:1
LH:0
BRF:0
BRH:0
end_of_record
TN:
SF:src\data\languages\translations\portuguese.ts
FNF:0
FNH:0
DA:7,0
LF:1
LH:0
BRF:0
BRH:0
end_of_record
TN:
SF:src\data\languages\translations\russian.ts
FNF:0
FNH:0
DA:6,0
LF:1
LH:0
BRF:0
BRH:0
end_of_record
TN:
SF:src\data\languages\translations\spanish.ts
FNF:0
FNH:0
DA:7,0
LF:1
LH:0
BRF:0
BRH:0
end_of_record
TN:
SF:src\data\languages\translations\tajik.ts
FNF:0
FNH:0
DA:7,0
LF:1
LH:0
BRF:0
BRH:0
end_of_record
TN:
SF:src\data\languages\translations\thai.ts
FNF:0
FNH:0
DA:7,0
LF:1
LH:0
BRF:0
BRH:0
end_of_record
TN:
SF:src\data\languages\translations\turkish.ts
FNF:0
FNH:0
DA:7,0
LF:1
LH:0
BRF:0
BRH:0
end_of_record
TN:
SF:src\data\languages\translations\ukrainian.ts
FNF:0
FNH:0
DA:7,0
LF:1
LH:0
BRF:0
BRH:0
end_of_record
TN:
SF:src\data\languages\translations\urdu.ts
FNF:0
FNH:0
DA:7,0
LF:1
LH:0
BRF:0
BRH:0
end_of_record
TN:
SF:src\data\languages\translations\uzbek.ts
FNF:0
FNH:0
DA:7,0
LF:1
LH:0
BRF:0
BRH:0
end_of_record
TN:
SF:src\data\languages\translations\vietnamese.ts
FNF:0
FNH:0
DA:7,0
LF:1
LH:0
BRF:0
BRH:0
end_of_record
TN:
SF:src\features\ai-assistants\components\AssistantCard.tsx
FN:18,(anonymous_0)
FN:20,(anonymous_1)
FN:62,adjustColor
FN:64,(anonymous_3)
FNF:4
FNH:0
FNDA:0,(anonymous_0)
FNDA:0,(anonymous_1)
FNDA:0,adjustColor
FNDA:0,(anonymous_3)
DA:18,0
DA:20,0
DA:22,0
DA:25,0
DA:64,0
DA:67,0
DA:68,0
DA:69,0
DA:70,0
DA:73,0
DA:74,0
DA:75,0
DA:77,0
DA:82,0
LF:14
LH:0
BRDA:39,0,0,0
BRDA:39,0,1,0
BRF:2
BRH:0
end_of_record
TN:
SF:src\features\ai-assistants\components\ChatBubble.tsx
FN:11,(anonymous_0)
FNF:1
FNH:0
FNDA:0,(anonymous_0)
DA:11,0
DA:12,0
DA:13,0
DA:15,0
DA:65,0
LF:5
LH:0
BRDA:19,0,0,0
BRDA:19,0,1,0
BRDA:20,1,0,0
BRDA:20,1,1,0
BRDA:24,2,0,0
BRDA:24,2,1,0
BRDA:34,3,0,0
BRDA:34,3,1,0
BRDA:40,4,0,0
BRDA:40,4,1,0
BRDA:56,5,0,0
BRDA:56,5,1,0
BRF:12
BRH:0
end_of_record
TN:
SF:src\features\ai-assistants\components\ChatScreen.tsx
FN:42,(anonymous_0)
FN:54,(anonymous_1)
FN:68,(anonymous_2)
FN:73,(anonymous_3)
FN:74,(anonymous_4)
FN:79,(anonymous_5)
FN:96,(anonymous_6)
FN:109,(anonymous_7)
FN:117,(anonymous_8)
FN:120,(anonymous_9)
FN:136,(anonymous_10)
FN:163,(anonymous_11)
FN:182,(anonymous_12)
FN:195,(anonymous_13)
FN:205,(anonymous_14)
FN:212,(anonymous_15)
FN:213,(anonymous_16)
FN:219,(anonymous_17)
FN:228,(anonymous_18)
FN:243,(anonymous_19)
FN:251,(anonymous_20)
FN:261,(anonymous_21)
FN:268,(anonymous_22)
FN:269,(anonymous_23)
FN:270,(anonymous_24)
FN:276,(anonymous_25)
FN:283,(anonymous_26)
FN:284,(anonymous_27)
FN:285,(anonymous_28)
FN:315,(anonymous_29)
FN:329,(anonymous_30)
FN:381,(anonymous_31)
FN:386,(anonymous_32)
FN:464,(anonymous_33)
FNF:34
FNH:0
FNDA:0,(anonymous_0)
FNDA:0,(anonymous_1)
FNDA:0,(anonymous_2)
FNDA:0,(anonymous_3)
FNDA:0,(anonymous_4)
FNDA:0,(anonymous_5)
FNDA:0,(anonymous_6)
FNDA:0,(anonymous_7)
FNDA:0,(anonymous_8)
FNDA:0,(anonymous_9)
FNDA:0,(anonymous_10)
FNDA:0,(anonymous_11)
FNDA:0,(anonymous_12)
FNDA:0,(anonymous_13)
FNDA:0,(anonymous_14)
FNDA:0,(anonymous_15)
FNDA:0,(anonymous_16)
FNDA:0,(anonymous_17)
FNDA:0,(anonymous_18)
FNDA:0,(anonymous_19)
FNDA:0,(anonymous_20)
FNDA:0,(anonymous_21)
FNDA:0,(anonymous_22)
FNDA:0,(anonymous_23)
FNDA:0,(anonymous_24)
FNDA:0,(anonymous_25)
FNDA:0,(anonymous_26)
FNDA:0,(anonymous_27)
FNDA:0,(anonymous_28)
FNDA:0,(anonymous_29)
FNDA:0,(anonymous_30)
FNDA:0,(anonymous_31)
FNDA:0,(anonymous_32)
FNDA:0,(anonymous_33)
DA:42,0
DA:43,0
DA:51,0
DA:54,0
DA:55,0
DA:56,0
DA:57,0
DA:58,0
DA:59,0
DA:60,0
DA:61,0
DA:62,0
DA:64,0
DA:65,0
DA:68,0
DA:69,0
DA:73,0
DA:74,0
DA:75,0
DA:79,0
DA:80,0
DA:81,0
DA:82,0
DA:84,0
DA:85,0
DA:88,0
DA:91,0
DA:92,0
DA:96,0
DA:97,0
DA:106,0
DA:109,0
DA:110,0
DA:117,0
DA:120,0
DA:121,0
DA:124,0
DA:125,0
DA:127,0
DA:136,0
DA:137,0
DA:139,0
DA:141,0
DA:147,0
DA:155,0
DA:163,0
DA:166,0
DA:175,0
DA:176,0
DA:178,0
DA:182,0
DA:183,0
DA:184,0
DA:196,0
DA:197,0
DA:198,0
DA:205,0
DA:206,0
DA:208,0
DA:212,0
DA:213,0
DA:219,0
DA:220,0
DA:221,0
DA:222,0
DA:223,0
DA:226,0
DA:227,0
DA:229,0
DA:230,0
DA:234,0
DA:239,0
DA:243,0
DA:244,0
DA:245,0
DA:246,0
DA:247,0
DA:250,0
DA:252,0
DA:253,0
DA:257,0
DA:258,0
DA:261,0
DA:262,0
DA:264,0
DA:268,0
DA:269,0
DA:270,0
DA:276,0
DA:277,0
DA:279,0
DA:283,0
DA:284,0
DA:285,0
DA:291,0
DA:315,0
DA:330,0
DA:381,0
DA:386,0
DA:464,0
DA:478,0
LF:101
LH:0
BRDA:82,0,0,0
BRDA:82,0,1,0
BRDA:121,1,0,0
BRDA:121,1,1,0
BRDA:121,2,0,0
BRDA:121,2,1,0
BRDA:185,3,0,0
BRDA:185,3,1,0
BRDA:186,4,0,0
BRDA:186,4,1,0
BRDA:189,5,0,0
BRDA:189,5,1,0
BRDA:193,6,0,0
BRDA:193,6,1,0
BRDA:209,7,0,0
BRDA:209,7,1,0
BRDA:210,8,0,0
BRDA:210,8,1,0
BRDA:214,9,0,0
BRDA:214,9,1,0
BRDA:221,10,0,0
BRDA:221,10,1,0
BRDA:222,11,0,0
BRDA:222,11,1,0
BRDA:222,12,0,0
BRDA:222,12,1,0
BRDA:229,13,0,0
BRDA:229,13,1,0
BRDA:245,14,0,0
BRDA:245,14,1,0
BRDA:246,15,0,0
BRDA:246,15,1,0
BRDA:246,16,0,0
BRDA:246,16,1,0
BRDA:252,17,0,0
BRDA:252,17,1,0
BRDA:258,18,0,0
BRDA:258,18,1,0
BRDA:258,19,0,0
BRDA:258,19,1,0
BRDA:265,20,0,0
BRDA:265,20,1,0
BRDA:266,21,0,0
BRDA:266,21,1,0
BRDA:268,22,0,0
BRDA:268,22,1,0
BRDA:269,23,0,0
BRDA:269,23,1,0
BRDA:270,24,0,0
BRDA:270,24,1,0
BRDA:271,25,0,0
BRDA:271,25,1,0
BRDA:280,26,0,0
BRDA:280,26,1,0
BRDA:281,27,0,0
BRDA:281,27,1,0
BRDA:286,28,0,0
BRDA:286,28,1,0
BRDA:300,29,0,0
BRDA:300,29,1,0
BRDA:301,30,0,0
BRDA:301,30,1,0
BRDA:338,31,0,0
BRDA:338,31,1,0
BRDA:366,32,0,0
BRDA:366,32,1,0
BRDA:366,32,2,0
BRDA:369,33,0,0
BRDA:369,33,1,0
BRDA:397,34,0,0
BRDA:397,34,1,0
BRDA:409,35,0,0
BRDA:409,35,1,0
BRDA:421,36,0,0
BRDA:421,36,1,0
BRDA:433,37,0,0
BRDA:433,37,1,0
BRDA:445,38,0,0
BRDA:445,38,1,0
BRDA:457,39,0,0
BRDA:457,39,1,0
BRDA:468,40,0,0
BRDA:468,40,1,0
BRDA:482,41,0,0
BRDA:482,41,1,0
BRF:85
BRH:0
end_of_record
TN:
SF:src\features\ai-assistants\components\FeedbackCard.tsx
FN:10,(anonymous_0)
FN:16,(anonymous_1)
FNF:2
FNH:0
FNDA:0,(anonymous_0)
FNDA:0,(anonymous_1)
DA:10,0
DA:16,0
DA:17,0
DA:19,0
DA:27,0
DA:35,0
DA:43,0
DA:51,0
DA:61,0
DA:63,0
DA:98,0
LF:11
LH:0
BRDA:17,0,0,0
BRDA:17,0,1,0
BRDA:17,0,2,0
BRDA:17,0,3,0
BRDA:17,0,4,0
BRDA:83,1,0,0
BRDA:83,1,1,0
BRF:7
BRH:0
end_of_record
TN:
SF:src\features\ai-assistants\screens\UniversalAIChatScreen.tsx
FN:22,(anonymous_0)
FN:26,(anonymous_1)
FNF:2
FNH:0
FNDA:0,(anonymous_0)
FNDA:0,(anonymous_1)
DA:22,0
DA:23,0
DA:26,0
LF:3
LH:0
BRF:0
BRH:0
end_of_record
TN:
SF:src\features\ai-assistants\types\ai-assistant.types.ts
FNF:0
FNH:0
DA:158,0
LF:1
LH:0
BRF:0
BRH:0
end_of_record
TN:
SF:src\features\favorites\screens\FavoritesHubScreen.tsx
FN:28,FavoritesHubScreen
FN:43,(anonymous_1)
FN:49,(anonymous_2)
FN:50,(anonymous_3)
FN:55,(anonymous_4)
FN:62,(anonymous_5)
FN:77,(anonymous_6)
FN:111,(anonymous_7)
FN:128,(anonymous_8)
FN:130,(anonymous_9)
FN:137,(anonymous_10)
FN:171,(anonymous_11)
FN:182,(anonymous_12)
FN:183,(anonymous_13)
FN:193,(anonymous_14)
FN:218,(anonymous_15)
FN:230,(anonymous_16)
FN:264,(anonymous_17)
FN:276,(anonymous_18)
FN:294,(anonymous_19)
FN:318,(anonymous_20)
FN:336,(anonymous_21)
FNF:22
FNH:0
FNDA:0,FavoritesHubScreen
FNDA:0,(anonymous_1)
FNDA:0,(anonymous_2)
FNDA:0,(anonymous_3)
FNDA:0,(anonymous_4)
FNDA:0,(anonymous_5)
FNDA:0,(anonymous_6)
FNDA:0,(anonymous_7)
FNDA:0,(anonymous_8)
FNDA:0,(anonymous_9)
FNDA:0,(anonymous_10)
FNDA:0,(anonymous_11)
FNDA:0,(anonymous_12)
FNDA:0,(anonymous_13)
FNDA:0,(anonymous_14)
FNDA:0,(anonymous_15)
FNDA:0,(anonymous_16)
FNDA:0,(anonymous_17)
FNDA:0,(anonymous_18)
FNDA:0,(anonymous_19)
FNDA:0,(anonymous_20)
FNDA:0,(anonymous_21)
DA:29,0
DA:30,0
DA:31,0
DA:33,0
DA:34,0
DA:35,0
DA:38,0
DA:39,0
DA:40,0
DA:43,0
DA:44,0
DA:48,0
DA:50,0
DA:51,0
DA:55,0
DA:56,0
DA:57,0
DA:58,0
DA:59,0
DA:62,0
DA:64,0
DA:65,0
DA:68,0
DA:69,0
DA:72,0
DA:73,0
DA:77,0
DA:78,0
DA:89,0
DA:111,0
DA:112,0
DA:128,0
DA:129,0
DA:131,0
DA:137,0
DA:171,0
DA:172,0
DA:182,0
DA:183,0
DA:184,0
DA:190,0
DA:193,0
DA:219,0
DA:220,0
DA:230,0
DA:231,0
DA:232,0
DA:234,0
DA:265,0
DA:266,0
DA:276,0
DA:277,0
DA:294,0
DA:295,0
DA:296,0
DA:305,0
DA:307,0
DA:318,0
DA:325,0
DA:336,0
DA:343,0
DA:346,0
DA:350,0
DA:372,0
LF:64
LH:0
BRDA:78,0,0,0
BRDA:78,0,1,0
BRDA:79,1,0,0
BRDA:79,1,1,0
BRDA:80,2,0,0
BRDA:80,2,1,0
BRDA:135,3,0,0
BRDA:135,3,1,0
BRDA:142,4,0,0
BRDA:142,4,1,0
BRDA:147,5,0,0
BRDA:147,5,1,0
BRDA:152,6,0,0
BRDA:152,6,1,0
BRDA:155,7,0,0
BRDA:155,7,1,0
BRDA:159,8,0,0
BRDA:159,8,1,0
BRDA:184,9,0,0
BRDA:184,9,1,0
BRDA:185,10,0,0
BRDA:185,10,1,0
BRDA:186,11,0,0
BRDA:186,11,1,0
BRDA:198,12,0,0
BRDA:198,12,1,0
BRDA:205,13,0,0
BRDA:205,13,1,0
BRDA:211,14,0,0
BRDA:211,14,1,0
BRDA:240,15,0,0
BRDA:240,15,1,0
BRDA:245,16,0,0
BRDA:245,16,1,0
BRDA:251,17,0,0
BRDA:251,17,1,0
BRDA:254,18,0,0
BRDA:254,18,1,0
BRDA:295,19,0,0
BRDA:295,19,1,0
BRDA:305,20,0,0
BRDA:305,20,1,0
BRDA:305,20,2,0
BRDA:305,20,3,0
BRDA:307,21,0,0
BRDA:307,21,1,0
BRDA:325,22,0,0
BRDA:325,22,1,0
BRDA:376,23,0,0
BRDA:376,23,1,0
BRF:50
BRH:0
end_of_record
TN:
SF:src\features\favorites\services\FavoritesService.ts
FN:30,(anonymous_0)
FN:61,(anonymous_1)
FN:85,(anonymous_2)
FN:98,(anonymous_3)
FN:115,(anonymous_4)
FN:122,(anonymous_5)
FN:132,(anonymous_6)
FN:135,(anonymous_7)
FN:142,(anonymous_8)
FN:153,(anonymous_9)
FN:154,(anonymous_10)
FN:162,(anonymous_11)
FN:173,(anonymous_12)
FN:186,(anonymous_13)
FN:203,(anonymous_14)
FN:204,(anonymous_15)
FN:210,(anonymous_16)
FN:228,(anonymous_17)
FN:246,(anonymous_18)
FN:249,(anonymous_19)
FN:260,(anonymous_20)
FN:267,(anonymous_21)
FN:268,(anonymous_22)
FN:278,(anonymous_23)
FN:291,(anonymous_24)
FN:308,(anonymous_25)
FN:323,(anonymous_26)
FN:324,(anonymous_27)
FN:331,(anonymous_28)
FN:342,(anonymous_29)
FN:344,(anonymous_30)
FN:345,(anonymous_31)
FN:364,(anonymous_32)
FN:386,(anonymous_33)
FN:412,(anonymous_34)
FN:419,(anonymous_35)
FN:431,(anonymous_36)
FNF:37
FNH:0
FNDA:0,(anonymous_0)
FNDA:0,(anonymous_1)
FNDA:0,(anonymous_2)
FNDA:0,(anonymous_3)
FNDA:0,(anonymous_4)
FNDA:0,(anonymous_5)
FNDA:0,(anonymous_6)
FNDA:0,(anonymous_7)
FNDA:0,(anonymous_8)
FNDA:0,(anonymous_9)
FNDA:0,(anonymous_10)
FNDA:0,(anonymous_11)
FNDA:0,(anonymous_12)
FNDA:0,(anonymous_13)
FNDA:0,(anonymous_14)
FNDA:0,(anonymous_15)
FNDA:0,(anonymous_16)
FNDA:0,(anonymous_17)
FNDA:0,(anonymous_18)
FNDA:0,(anonymous_19)
FNDA:0,(anonymous_20)
FNDA:0,(anonymous_21)
FNDA:0,(anonymous_22)
FNDA:0,(anonymous_23)
FNDA:0,(anonymous_24)
FNDA:0,(anonymous_25)
FNDA:0,(anonymous_26)
FNDA:0,(anonymous_27)
FNDA:0,(anonymous_28)
FNDA:0,(anonymous_29)
FNDA:0,(anonymous_30)
FNDA:0,(anonymous_31)
FNDA:0,(anonymous_32)
FNDA:0,(anonymous_33)
FNDA:0,(anonymous_34)
FNDA:0,(anonymous_35)
FNDA:0,(anonymous_36)
DA:22,0
DA:23,0
DA:24,0
DA:25,0
DA:31,0
DA:33,0
DA:35,0
DA:41,0
DA:42,0
DA:43,0
DA:44,0
DA:47,0
DA:49,0
DA:51,0
DA:52,0
DA:53,0
DA:54,0
DA:62,0
DA:63,0
DA:64,0
DA:66,0
DA:68,0
DA:74,0
DA:86,0
DA:87,0
DA:88,0
DA:90,0
DA:91,0
DA:99,0
DA:100,0
DA:104,0
DA:105,0
DA:107,0
DA:108,0
DA:116,0
DA:123,0
DA:125,0
DA:126,0
DA:133,0
DA:135,0
DA:136,0
DA:143,0
DA:144,0
DA:146,0
DA:154,0
DA:155,0
DA:163,0
DA:174,0
DA:175,0
DA:176,0
DA:178,0
DA:179,0
DA:187,0
DA:188,0
DA:192,0
DA:193,0
DA:195,0
DA:196,0
DA:204,0
DA:211,0
DA:213,0
DA:221,0
DA:222,0
DA:229,0
DA:231,0
DA:239,0
DA:240,0
DA:247,0
DA:249,0
DA:250,0
DA:254,0
DA:261,0
DA:268,0
DA:279,0
DA:280,0
DA:281,0
DA:283,0
DA:284,0
DA:292,0
DA:293,0
DA:297,0
DA:298,0
DA:300,0
DA:301,0
DA:309,0
DA:316,0
DA:317,0
DA:324,0
DA:325,0
DA:332,0
DA:343,0
DA:344,0
DA:345,0
DA:348,0
DA:365,0
DA:366,0
DA:372,0
DA:373,0
DA:374,0
DA:376,0
DA:378,0
DA:379,0
DA:387,0
DA:388,0
DA:390,0
DA:391,0
DA:392,0
DA:394,0
DA:395,0
DA:396,0
DA:398,0
DA:399,0
DA:400,0
DA:402,0
DA:404,0
DA:405,0
DA:417,0
DA:419,0
DA:420,0
DA:421,0
DA:422,0
DA:428,0
DA:431,0
DA:432,0
DA:436,0
DA:445,0
LF:126
LH:0
BRDA:31,0,0,0
BRDA:31,0,1,0
BRDA:64,1,0,0
BRDA:64,1,1,0
BRDA:66,2,0,0
BRDA:66,2,1,0
BRDA:88,3,0,0
BRDA:88,3,1,0
BRDA:123,4,0,0
BRDA:123,4,1,0
BRDA:133,5,0,0
BRDA:133,5,1,0
BRDA:143,6,0,0
BRDA:143,6,1,0
BRDA:176,7,0,0
BRDA:176,7,1,0
BRDA:211,8,0,0
BRDA:211,8,1,0
BRDA:229,9,0,0
BRDA:229,9,1,0
BRDA:247,10,0,0
BRDA:247,10,1,0
BRDA:250,11,0,0
BRDA:250,11,1,0
BRDA:250,11,2,0
BRDA:281,12,0,0
BRDA:281,12,1,0
BRDA:355,13,0,0
BRDA:355,13,1,0
BRDA:388,14,0,0
BRDA:388,14,1,0
BRDA:388,14,2,0
BRDA:420,15,0,0
BRDA:420,15,1,0
BRDA:423,16,0,0
BRDA:423,16,1,0
BRDA:432,17,0,0
BRDA:432,17,1,0
BRF:38
BRH:0
end_of_record
TN:
SF:src\features\favorites\types\favorites.types.ts
FNF:0
FNH:0
DA:114,0
DA:124,0
LF:2
LH:0
BRF:0
BRH:0
end_of_record
TN:
SF:src\features\text-translator\components\LanguagePicker.tsx
FN:29,LanguagePicker
FN:40,(anonymous_1)
FN:46,(anonymous_2)
FN:52,(anonymous_3)
FN:58,(anonymous_4)
FN:116,(anonymous_5)
FN:128,(anonymous_6)
FN:131,(anonymous_7)
FNF:8
FNH:0
FNDA:0,LanguagePicker
FNDA:0,(anonymous_1)
FNDA:0,(anonymous_2)
FNDA:0,(anonymous_3)
FNDA:0,(anonymous_4)
FNDA:0,(anonymous_5)
FNDA:0,(anonymous_6)
FNDA:0,(anonymous_7)
DA:37,0
DA:40,0
DA:41,0
DA:46,0
DA:47,0
DA:48,0
DA:49,0
DA:52,0
DA:53,0
DA:55,0
DA:58,0
DA:77,0
DA:116,0
DA:128,0
DA:131,0
DA:152,0
LF:16
LH:0
BRDA:35,0,0,0
BRDA:41,1,0,0
BRDA:41,1,1,0
BRDA:41,1,2,0
BRDA:57,2,0,0
BRDA:57,2,1,0
BRDA:63,3,0,0
BRDA:63,3,1,0
BRDA:66,4,0,0
BRDA:66,4,1,0
BRDA:70,5,0,0
BRDA:70,5,1,0
BRDA:114,6,0,0
BRDA:114,6,1,0
BRDA:144,7,0,0
BRDA:144,7,1,0
BRDA:156,8,0,0
BRDA:156,8,1,0
BRF:18
BRH:0
end_of_record
TN:
SF:src\features\text-translator\screens\TextTranslatorScreen.tsx
FN:38,TextTranslatorScreen
FN:55,(anonymous_1)
FN:60,(anonymous_2)
FN:98,(anonymous_3)
FN:105,(anonymous_4)
FN:123,(anonymous_5)
FN:124,(anonymous_6)
FN:135,(anonymous_7)
FN:143,(anonymous_8)
FN:175,(anonymous_9)
FN:198,(anonymous_10)
FN:257,(anonymous_11)
FN:310,(anonymous_12)
FN:319,(anonymous_13)
FNF:14
FNH:0
FNDA:0,TextTranslatorScreen
FNDA:0,(anonymous_1)
FNDA:0,(anonymous_2)
FNDA:0,(anonymous_3)
FNDA:0,(anonymous_4)
FNDA:0,(anonymous_5)
FNDA:0,(anonymous_6)
FNDA:0,(anonymous_7)
FNDA:0,(anonymous_8)
FNDA:0,(anonymous_9)
FNDA:0,(anonymous_10)
FNDA:0,(anonymous_11)
FNDA:0,(anonymous_12)
FNDA:0,(anonymous_13)
DA:39,0
DA:40,0
DA:41,0
DA:44,0
DA:45,0
DA:46,0
DA:47,0
DA:48,0
DA:49,0
DA:50,0
DA:51,0
DA:52,0
DA:55,0
DA:56,0
DA:60,0
DA:61,0
DA:62,0
DA:63,0
DA:66,0
DA:67,0
DA:68,0
DA:70,0
DA:71,0
DA:77,0
DA:78,0
DA:80,0
DA:82,0
DA:83,0
DA:84,0
DA:85,0
DA:86,0
DA:87,0
DA:91,0
DA:93,0
DA:98,0
DA:99,0
DA:100,0
DA:101,0
DA:105,0
DA:106,0
DA:108,0
DA:109,0
DA:110,0
DA:111,0
DA:112,0
DA:115,0
DA:118,0
DA:119,0
DA:123,0
DA:124,0
DA:127,0
DA:129,0
DA:130,0
DA:135,0
DA:136,0
DA:138,0
DA:139,0
DA:143,0
DA:144,0
DA:145,0
DA:146,0
DA:150,0
DA:151,0
DA:152,0
DA:155,0
DA:156,0
DA:157,0
DA:160,0
DA:161,0
DA:163,0
DA:175,0
DA:198,0
DA:257,0
DA:310,0
DA:319,0
DA:326,0
LF:76
LH:0
BRDA:61,0,0,0
BRDA:61,0,1,0
BRDA:83,1,0,0
BRDA:83,1,1,0
BRDA:84,2,0,0
BRDA:84,2,1,0
BRDA:84,3,0,0
BRDA:84,3,1,0
BRDA:86,4,0,0
BRDA:86,4,1,0
BRDA:106,5,0,0
BRDA:106,5,1,0
BRDA:109,6,0,0
BRDA:109,6,1,0
BRDA:118,7,0,0
BRDA:118,7,1,0
BRDA:121,8,0,0
BRDA:121,8,1,0
BRDA:122,9,0,0
BRDA:122,9,1,0
BRDA:136,10,0,0
BRDA:136,10,1,0
BRDA:144,11,0,0
BRDA:144,11,1,0
BRDA:186,12,0,0
BRDA:186,12,1,0
BRDA:187,13,0,0
BRDA:187,13,1,0
BRDA:201,14,0,0
BRDA:201,14,1,0
BRDA:202,15,0,0
BRDA:202,15,1,0
BRDA:221,16,0,0
BRDA:221,16,1,0
BRDA:237,17,0,0
BRDA:237,17,1,0
BRDA:241,18,0,0
BRDA:241,18,1,0
BRDA:241,18,2,0
BRDA:244,19,0,0
BRDA:244,19,1,0
BRDA:260,20,0,0
BRDA:260,20,1,0
BRDA:261,21,0,0
BRDA:261,21,1,0
BRDA:265,22,0,0
BRDA:265,22,1,0
BRDA:277,23,0,0
BRDA:277,23,1,0
BRDA:280,24,0,0
BRDA:280,24,1,0
BRDA:330,25,0,0
BRDA:330,25,1,0
BRF:53
BRH:0
end_of_record
TN:
SF:src\features\text-translator\services\TextTranslationService.ts
FN:29,(anonymous_0)
FN:46,(anonymous_1)
FN:95,(anonymous_2)
FN:115,(anonymous_3)
FN:122,(anonymous_4)
FN:129,(anonymous_5)
FN:143,(anonymous_6)
FN:145,(anonymous_7)
FN:156,(anonymous_8)
FN:158,(anonymous_9)
FN:172,(anonymous_10)
FN:173,(anonymous_11)
FN:179,(anonymous_12)
FN:195,(anonymous_13)
FN:207,(anonymous_14)
FN:222,(anonymous_15)
FN:236,(anonymous_16)
FN:243,(anonymous_17)
FN:256,(anonymous_18)
FN:265,(anonymous_19)
FN:270,(anonymous_20)
FN:271,(anonymous_21)
FN:284,(anonymous_22)
FNF:23
FNH:0
FNDA:0,(anonymous_0)
FNDA:0,(anonymous_1)
FNDA:0,(anonymous_2)
FNDA:0,(anonymous_3)
FNDA:0,(anonymous_4)
FNDA:0,(anonymous_5)
FNDA:0,(anonymous_6)
FNDA:0,(anonymous_7)
FNDA:0,(anonymous_8)
FNDA:0,(anonymous_9)
FNDA:0,(anonymous_10)
FNDA:0,(anonymous_11)
FNDA:0,(anonymous_12)
FNDA:0,(anonymous_13)
FNDA:0,(anonymous_14)
FNDA:0,(anonymous_15)
FNDA:0,(anonymous_16)
FNDA:0,(anonymous_17)
FNDA:0,(anonymous_18)
FNDA:0,(anonymous_19)
FNDA:0,(anonymous_20)
FNDA:0,(anonymous_21)
FNDA:0,(anonymous_22)
DA:12,0
DA:13,0
DA:14,0
DA:17,0
DA:18,0
DA:30,0
DA:32,0
DA:35,0
DA:37,0
DA:39,0
DA:51,0
DA:53,0
DA:54,0
DA:57,0
DA:58,0
DA:62,0
DA:63,0
DA:70,0
DA:81,0
DA:82,0
DA:85,0
DA:87,0
DA:88,0
DA:96,0
DA:98,0
DA:101,0
DA:102,0
DA:106,0
DA:108,0
DA:116,0
DA:123,0
DA:130,0
DA:131,0
DA:132,0
DA:133,0
DA:135,0
DA:136,0
DA:144,0
DA:145,0
DA:146,0
DA:148,0
DA:149,0
DA:157,0
DA:158,0
DA:159,0
DA:160,0
DA:161,0
DA:164,0
DA:165,0
DA:173,0
DA:180,0
DA:181,0
DA:182,0
DA:183,0
DA:184,0
DA:187,0
DA:188,0
DA:196,0
DA:197,0
DA:199,0
DA:200,0
DA:208,0
DA:209,0
DA:210,0
DA:211,0
DA:212,0
DA:215,0
DA:223,0
DA:224,0
DA:225,0
DA:226,0
DA:228,0
DA:229,0
DA:237,0
DA:244,0
DA:245,0
DA:246,0
DA:248,0
DA:249,0
DA:262,0
DA:263,0
DA:265,0
DA:266,0
DA:267,0
DA:270,0
DA:271,0
DA:273,0
DA:285,0
LF:88
LH:0
BRDA:53,0,0,0
BRDA:53,0,1,0
BRDA:53,1,0,0
BRDA:53,1,1,0
BRDA:57,2,0,0
BRDA:57,2,1,0
BRDA:81,3,0,0
BRDA:81,3,1,0
BRDA:101,4,0,0
BRDA:101,4,1,0
BRDA:122,5,0,0
BRDA:159,6,0,0
BRDA:159,6,1,0
BRDA:182,7,0,0
BRDA:182,7,1,0
BRDA:210,8,0,0
BRDA:210,8,1,0
BRDA:246,9,0,0
BRDA:246,9,1,0
BRDA:266,10,0,0
BRDA:266,10,1,0
BRDA:267,11,0,0
BRDA:267,11,1,0
BRDA:270,12,0,0
BRDA:270,12,1,0
BRDA:271,13,0,0
BRDA:271,13,1,0
BRF:27
BRH:0
end_of_record
TN:
SF:src\features\text-translator\types\text-translator.types.ts
FN:97,getLanguageByCode
FN:98,(anonymous_1)
FN:104,getSourceLanguages
FN:111,getTargetLanguages
FN:112,(anonymous_4)
FNF:5
FNH:0
FNDA:0,getLanguageByCode
FNDA:0,(anonymous_1)
FNDA:0,getSourceLanguages
FNDA:0,getTargetLanguages
FNDA:0,(anonymous_4)
DA:59,0
DA:98,0
DA:105,0
DA:112,0
LF:4
LH:0
BRF:0
BRH:0
end_of_record
TN:
SF:src\features\visual-translator\components\OCREngineSelector.tsx
FN:23,(anonymous_0)
FN:28,(anonymous_1)
FN:34,(anonymous_2)
FN:48,(anonymous_3)
FN:55,(anonymous_4)
FN:97,(anonymous_5)
FN:109,(anonymous_6)
FNF:7
FNH:0
FNDA:0,(anonymous_0)
FNDA:0,(anonymous_1)
FNDA:0,(anonymous_2)
FNDA:0,(anonymous_3)
FNDA:0,(anonymous_4)
FNDA:0,(anonymous_5)
FNDA:0,(anonymous_6)
DA:23,0
DA:24,0
DA:25,0
DA:26,0
DA:28,0
DA:29,0
DA:30,0
DA:34,0
DA:35,0
DA:36,0
DA:37,0
DA:38,0
DA:39,0
DA:40,0
DA:42,0
DA:44,0
DA:48,0
DA:49,0
DA:50,0
DA:51,0
DA:52,0
DA:55,0
DA:56,0
DA:57,0
DA:59,0
DA:60,0
DA:62,0
DA:63,0
DA:65,0
DA:68,0
DA:98,0
DA:99,0
DA:101,0
DA:109,0
DA:167,0
LF:35
LH:0
BRDA:29,0,0,0
BRDA:29,0,1,0
BRDA:56,1,0,0
BRDA:56,1,1,0
BRDA:59,2,0,0
BRDA:59,2,1,0
BRDA:62,3,0,0
BRDA:62,3,1,0
BRDA:90,4,0,0
BRDA:90,4,1,0
BRDA:106,5,0,0
BRDA:106,5,1,0
BRDA:107,6,0,0
BRDA:107,6,1,0
BRDA:109,7,0,0
BRDA:109,7,1,0
BRDA:121,8,0,0
BRDA:121,8,1,0
BRDA:129,9,0,0
BRDA:129,9,1,0
BRDA:138,10,0,0
BRDA:138,10,1,0
BRDA:141,11,0,0
BRDA:141,11,1,0
BRDA:143,12,0,0
BRDA:143,12,1,0
BRF:26
BRH:0
end_of_record
TN:
SF:src\features\visual-translator\screens\TranslationResultScreen.tsx
FN:32,TranslationResultScreen
FN:48,(anonymous_1)
FN:65,(anonymous_2)
FN:66,(anonymous_3)
FN:77,(anonymous_4)
FN:82,(anonymous_5)
FN:105,(anonymous_6)
FN:109,(anonymous_7)
FN:125,(anonymous_8)
FN:153,(anonymous_9)
FNF:10
FNH:0
FNDA:0,TranslationResultScreen
FNDA:0,(anonymous_1)
FNDA:0,(anonymous_2)
FNDA:0,(anonymous_3)
FNDA:0,(anonymous_4)
FNDA:0,(anonymous_5)
FNDA:0,(anonymous_6)
FNDA:0,(anonymous_7)
FNDA:0,(anonymous_8)
FNDA:0,(anonymous_9)
DA:33,0
DA:34,0
DA:35,0
DA:36,0
DA:37,0
DA:40,0
DA:42,0
DA:44,0
DA:45,0
DA:48,0
DA:49,0
DA:50,0
DA:51,0
DA:52,0
DA:53,0
DA:56,0
DA:60,0
DA:61,0
DA:65,0
DA:66,0
DA:69,0
DA:71,0
DA:72,0
DA:73,0
DA:77,0
DA:78,0
DA:79,0
DA:82,0
DA:83,0
DA:84,0
DA:86,0
DA:87,0
DA:90,0
DA:91,0
DA:94,0
DA:95,0
DA:97,0
DA:101,0
DA:105,0
DA:106,0
DA:109,0
DA:110,0
DA:122,0
DA:125,0
DA:126,0
DA:138,0
DA:141,0
DA:153,0
DA:289,0
LF:49
LH:0
BRDA:42,0,0,0
BRDA:42,0,1,0
BRDA:50,1,0,0
BRDA:50,1,1,0
BRDA:60,2,0,0
BRDA:60,2,1,0
BRDA:63,3,0,0
BRDA:63,3,1,0
BRDA:64,4,0,0
BRDA:64,4,1,0
BRDA:86,5,0,0
BRDA:86,5,1,0
BRDA:86,6,0,0
BRDA:86,6,1,0
BRDA:90,7,0,0
BRDA:90,7,1,0
BRDA:122,8,0,0
BRDA:122,8,1,0
BRDA:138,9,0,0
BRDA:138,9,1,0
BRDA:173,10,0,0
BRDA:173,10,1,0
BRDA:184,11,0,0
BRDA:184,11,1,0
BRDA:210,12,0,0
BRDA:210,12,1,0
BRDA:210,12,2,0
BRDA:224,13,0,0
BRDA:224,13,1,0
BRDA:224,13,2,0
BRDA:254,14,0,0
BRDA:254,14,1,0
BRDA:259,15,0,0
BRDA:259,15,1,0
BRDA:293,16,0,0
BRDA:293,16,1,0
BRF:36
BRH:0
end_of_record
TN:
SF:src\features\visual-translator\screens\VisualTranslatorHomeScreen.tsx
FN:33,VisualTranslatorHomeScreen
FN:43,(anonymous_1)
FN:47,(anonymous_2)
FN:59,(anonymous_3)
FN:88,(anonymous_4)
FN:117,(anonymous_5)
FN:221,(anonymous_6)
FN:287,(anonymous_7)
FN:361,(anonymous_8)
FN:362,(anonymous_9)
FN:369,getEngineName
FN:382,getEngineDescription
FN:403,(anonymous_12)
FNF:13
FNH:0
FNDA:0,VisualTranslatorHomeScreen
FNDA:0,(anonymous_1)
FNDA:0,(anonymous_2)
FNDA:0,(anonymous_3)
FNDA:0,(anonymous_4)
FNDA:0,(anonymous_5)
FNDA:0,(anonymous_6)
FNDA:0,(anonymous_7)
FNDA:0,(anonymous_8)
FNDA:0,(anonymous_9)
FNDA:0,getEngineName
FNDA:0,getEngineDescription
FNDA:0,(anonymous_12)
DA:34,0
DA:35,0
DA:36,0
DA:37,0
DA:38,0
DA:39,0
DA:40,0
DA:41,0
DA:43,0
DA:44,0
DA:47,0
DA:48,0
DA:49,0
DA:50,0
DA:52,0
DA:54,0
DA:55,0
DA:59,0
DA:60,0
DA:61,0
DA:69,0
DA:72,0
DA:73,0
DA:79,0
DA:80,0
DA:83,0
DA:84,0
DA:88,0
DA:89,0
DA:90,0
DA:98,0
DA:101,0
DA:102,0
DA:108,0
DA:109,0
DA:112,0
DA:113,0
DA:117,0
DA:118,0
DA:120,0
DA:122,0
DA:123,0
DA:127,0
DA:129,0
DA:132,0
DA:133,0
DA:136,0
DA:137,0
DA:144,0
DA:145,0
DA:148,0
DA:159,0
DA:160,0
DA:162,0
DA:168,0
DA:181,0
DA:183,0
DA:185,0
DA:186,0
DA:187,0
DA:188,0
DA:189,0
DA:190,0
DA:194,0
DA:196,0
DA:200,0
DA:201,0
DA:209,0
DA:221,0
DA:287,0
DA:361,0
DA:362,0
DA:370,0
DA:372,0
DA:374,0
DA:376,0
DA:378,0
DA:383,0
DA:385,0
DA:387,0
DA:389,0
DA:391,0
DA:403,0
DA:404,0
DA:415,0
LF:85
LH:0
BRDA:52,0,0,0
BRDA:52,0,1,0
BRDA:60,1,0,0
BRDA:60,1,1,0
BRDA:79,2,0,0
BRDA:79,2,1,0
BRDA:79,3,0,0
BRDA:79,3,1,0
BRDA:89,4,0,0
BRDA:89,4,1,0
BRDA:108,5,0,0
BRDA:108,5,1,0
BRDA:108,6,0,0
BRDA:108,6,1,0
BRDA:127,7,0,0
BRDA:127,7,1,0
BRDA:132,8,0,0
BRDA:132,8,1,0
BRDA:133,9,0,0
BRDA:133,9,1,0
BRDA:136,10,0,0
BRDA:136,10,1,0
BRDA:186,11,0,0
BRDA:186,11,1,0
BRDA:187,12,0,0
BRDA:187,12,1,0
BRDA:189,13,0,0
BRDA:189,13,1,0
BRDA:200,14,0,0
BRDA:200,14,1,0
BRDA:250,15,0,0
BRDA:250,15,1,0
BRDA:260,16,0,0
BRDA:260,16,1,0
BRDA:269,17,0,0
BRDA:269,17,1,0
BRDA:342,18,0,0
BRDA:342,18,1,0
BRDA:370,19,0,0
BRDA:370,19,1,0
BRDA:370,19,2,0
BRDA:370,19,3,0
BRDA:383,20,0,0
BRDA:383,20,1,0
BRDA:383,20,2,0
BRDA:383,20,3,0
BRDA:419,21,0,0
BRDA:419,21,1,0
BRF:48
BRH:0
end_of_record
TN:
SF:src\features\visual-translator\services\AIService.ts
FN:28,(anonymous_0)
FN:89,(anonymous_1)
FN:180,(anonymous_2)
FN:197,(anonymous_3)
FN:232,(anonymous_4)
FN:250,(anonymous_5)
FNF:6
FNH:0
FNDA:0,(anonymous_0)
FNDA:0,(anonymous_1)
FNDA:0,(anonymous_2)
FNDA:0,(anonymous_3)
FNDA:0,(anonymous_4)
FNDA:0,(anonymous_5)
DA:14,0
DA:17,0
DA:20,0
DA:21,0
DA:29,0
DA:30,0
DA:33,0
DA:36,0
DA:40,0
DA:41,0
DA:44,0
DA:52,0
DA:54,0
DA:55,0
DA:57,0
DA:58,0
DA:61,0
DA:64,0
DA:66,0
DA:67,0
DA:68,0
DA:69,0
DA:72,0
DA:74,0
DA:77,0
DA:78,0
DA:81,0
DA:90,0
DA:91,0
DA:93,0
DA:95,0
DA:107,0
DA:111,0
DA:112,0
DA:115,0
DA:126,0
DA:127,0
DA:130,0
DA:131,0
DA:138,0
DA:141,0
DA:142,0
DA:143,0
DA:145,0
DA:153,0
DA:154,0
DA:160,0
DA:163,0
DA:164,0
DA:165,0
DA:171,0
DA:181,0
DA:183,0
DA:187,0
DA:189,0
DA:190,0
DA:201,0
DA:207,0
DA:208,0
DA:211,0
DA:213,0
DA:217,0
DA:218,0
DA:221,0
DA:223,0
DA:226,0
DA:237,0
DA:251,0
LF:68
LH:0
BRDA:40,0,0,0
BRDA:40,0,1,0
BRDA:52,1,0,0
BRDA:52,1,1,0
BRDA:57,2,0,0
BRDA:57,2,1,0
BRDA:66,3,0,0
BRDA:66,3,1,0
BRDA:66,4,0,0
BRDA:66,4,1,0
BRDA:66,4,2,0
BRDA:77,5,0,0
BRDA:77,5,1,0
BRDA:77,6,0,0
BRDA:77,6,1,0
BRDA:111,7,0,0
BRDA:111,7,1,0
BRDA:126,8,0,0
BRDA:126,8,1,0
BRDA:141,9,0,0
BRDA:141,9,1,0
BRDA:141,10,0,0
BRDA:141,10,1,0
BRDA:211,11,0,0
BRDA:211,11,1,0
BRDA:221,12,0,0
BRDA:221,12,1,0
BRF:27
BRH:0
end_of_record
TN:
SF:src\features\visual-translator\services\GoogleVisionService.ts
FN:51,(anonymous_0)
FN:151,(anonymous_1)
FN:166,(anonymous_2)
FN:174,(anonymous_3)
FN:175,(anonymous_4)
FN:193,(anonymous_5)
FN:222,(anonymous_6)
FN:244,(anonymous_7)
FN:267,(anonymous_8)
FN:277,(anonymous_9)
FNF:10
FNH:0
FNDA:0,(anonymous_0)
FNDA:0,(anonymous_1)
FNDA:0,(anonymous_2)
FNDA:0,(anonymous_3)
FNDA:0,(anonymous_4)
FNDA:0,(anonymous_5)
FNDA:0,(anonymous_6)
FNDA:0,(anonymous_7)
FNDA:0,(anonymous_8)
FNDA:0,(anonymous_9)
DA:9,0
DA:52,0
DA:53,0
DA:54,0
DA:57,0
DA:58,0
DA:61,0
DA:64,0
DA:89,0
DA:90,0
DA:93,0
DA:94,0
DA:96,0
DA:97,0
DA:100,0
DA:103,0
DA:104,0
DA:108,0
DA:109,0
DA:113,0
DA:114,0
DA:116,0
DA:117,0
DA:120,0
DA:123,0
DA:126,0
DA:129,0
DA:132,0
DA:134,0
DA:143,0
DA:144,0
DA:152,0
DA:153,0
DA:156,0
DA:158,0
DA:159,0
DA:169,0
DA:170,0
DA:173,0
DA:174,0
DA:175,0
DA:177,0
DA:178,0
DA:179,0
DA:180,0
DA:182,0
DA:194,0
DA:195,0
DA:198,0
DA:200,0
DA:201,0
DA:202,0
DA:203,0
DA:205,0
DA:206,0
DA:216,0
DA:223,0
DA:224,0
DA:225,0
DA:226,0
DA:227,0
DA:228,0
DA:229,0
DA:230,0
DA:232,0
DA:238,0
DA:245,0
DA:246,0
DA:247,0
DA:249,0
DA:250,0
DA:251,0
DA:252,0
DA:253,0
DA:258,0
DA:261,0
DA:268,0
DA:269,0
DA:270,0
DA:271,0
DA:278,0
DA:279,0
DA:281,0
DA:283,0
DA:288,0
DA:290,0
LF:86
LH:0
BRDA:53,0,0,0
BRDA:53,0,1,0
BRDA:53,1,0,0
BRDA:53,1,1,0
BRDA:89,2,0,0
BRDA:89,2,1,0
BRDA:96,3,0,0
BRDA:96,3,1,0
BRDA:96,4,0,0
BRDA:96,4,1,0
BRDA:103,5,0,0
BRDA:103,5,1,0
BRDA:108,6,0,0
BRDA:108,6,1,0
BRDA:108,7,0,0
BRDA:108,7,1,0
BRDA:116,8,0,0
BRDA:116,8,1,0
BRDA:123,9,0,0
BRDA:123,9,1,0
BRDA:144,10,0,0
BRDA:144,10,1,0
BRDA:169,11,0,0
BRDA:169,11,1,0
BRDA:169,12,0,0
BRDA:169,12,1,0
BRDA:169,12,2,0
BRDA:174,13,0,0
BRDA:174,13,1,0
BRDA:175,14,0,0
BRDA:175,14,1,0
BRDA:194,15,0,0
BRDA:194,15,1,0
BRDA:205,16,0,0
BRDA:205,16,1,0
BRDA:205,17,0,0
BRDA:205,17,1,0
BRDA:216,18,0,0
BRDA:216,18,1,0
BRDA:224,19,0,0
BRDA:224,19,1,0
BRDA:226,20,0,0
BRDA:226,20,1,0
BRDA:228,21,0,0
BRDA:228,21,1,0
BRDA:245,22,0,0
BRDA:245,22,1,0
BRDA:251,23,0,0
BRDA:251,23,1,0
BRDA:258,24,0,0
BRDA:258,24,1,0
BRDA:268,25,0,0
BRDA:268,25,1,0
BRDA:269,26,0,0
BRDA:269,26,1,0
BRDA:270,27,0,0
BRDA:270,27,1,0
BRDA:278,28,0,0
BRDA:278,28,1,0
BRDA:278,29,0,0
BRDA:278,29,1,0
BRF:61
BRH:0
end_of_record
TN:
SF:src\features\visual-translator\services\OCRService.ts
FN:20,(anonymous_0)
FN:28,(anonymous_1)
FN:56,(anonymous_2)
FN:95,(anonymous_3)
FN:103,(anonymous_4)
FN:113,(anonymous_5)
FN:129,(anonymous_6)
FN:137,(anonymous_7)
FN:145,(anonymous_8)
FN:168,(anonymous_9)
FN:181,(anonymous_10)
FN:189,(anonymous_11)
FN:201,(anonymous_12)
FN:210,(anonymous_13)
FN:217,(anonymous_14)
FN:232,(anonymous_15)
FN:272,(anonymous_16)
FN:283,(anonymous_17)
FNF:18
FNH:0
FNDA:0,(anonymous_0)
FNDA:0,(anonymous_1)
FNDA:0,(anonymous_2)
FNDA:0,(anonymous_3)
FNDA:0,(anonymous_4)
FNDA:0,(anonymous_5)
FNDA:0,(anonymous_6)
FNDA:0,(anonymous_7)
FNDA:0,(anonymous_8)
FNDA:0,(anonymous_9)
FNDA:0,(anonymous_10)
FNDA:0,(anonymous_11)
FNDA:0,(anonymous_12)
FNDA:0,(anonymous_13)
FNDA:0,(anonymous_14)
FNDA:0,(anonymous_15)
FNDA:0,(anonymous_16)
FNDA:0,(anonymous_17)
DA:15,0
DA:18,0
DA:22,0
DA:29,0
DA:31,0
DA:32,0
DA:34,0
DA:37,0
DA:40,0
DA:43,0
DA:46,0
DA:49,0
DA:57,0
DA:60,0
DA:62,0
DA:63,0
DA:65,0
DA:66,0
DA:68,0
DA:70,0
DA:73,0
DA:76,0
DA:79,0
DA:80,0
DA:85,0
DA:97,0
DA:104,0
DA:106,0
DA:107,0
DA:110,0
DA:111,0
DA:113,0
DA:115,0
DA:116,0
DA:119,0
DA:120,0
DA:122,0
DA:124,0
DA:129,0
DA:137,0
DA:145,0
DA:158,0
DA:159,0
DA:169,0
DA:170,0
DA:171,0
DA:172,0
DA:173,0
DA:174,0
DA:175,0
DA:182,0
DA:183,0
DA:190,0
DA:191,0
DA:192,0
DA:194,0
DA:202,0
DA:203,0
DA:204,0
DA:211,0
DA:218,0
DA:219,0
DA:220,0
DA:221,0
DA:222,0
DA:225,0
DA:233,0
DA:266,0
DA:273,0
DA:274,0
DA:276,0
DA:284,0
LF:72
LH:0
BRDA:32,0,0,0
BRDA:32,0,1,0
BRDA:32,0,2,0
BRDA:32,0,3,0
BRDA:63,1,0,0
BRDA:63,1,1,0
BRDA:68,2,0,0
BRDA:68,2,1,0
BRDA:68,2,2,0
BRDA:87,3,0,0
BRDA:87,3,1,0
BRDA:106,4,0,0
BRDA:106,4,1,0
BRDA:106,5,0,0
BRDA:106,5,1,0
BRDA:115,6,0,0
BRDA:115,6,1,0
BRDA:132,7,0,0
BRDA:132,7,1,0
BRDA:133,8,0,0
BRDA:133,8,1,0
BRDA:134,9,0,0
BRDA:134,9,1,0
BRDA:135,10,0,0
BRDA:135,10,1,0
BRDA:140,11,0,0
BRDA:140,11,1,0
BRDA:141,12,0,0
BRDA:141,12,1,0
BRDA:142,13,0,0
BRDA:142,13,1,0
BRDA:143,14,0,0
BRDA:143,14,1,0
BRDA:148,15,0,0
BRDA:148,15,1,0
BRDA:149,16,0,0
BRDA:149,16,1,0
BRDA:150,17,0,0
BRDA:150,17,1,0
BRDA:151,18,0,0
BRDA:151,18,1,0
BRDA:169,19,0,0
BRDA:169,19,1,0
BRDA:170,20,0,0
BRDA:170,20,1,0
BRDA:171,21,0,0
BRDA:171,21,1,0
BRDA:172,22,0,0
BRDA:172,22,1,0
BRDA:173,23,0,0
BRDA:173,23,1,0
BRDA:174,24,0,0
BRDA:174,24,1,0
BRDA:182,25,0,0
BRDA:182,25,1,0
BRDA:182,26,0,0
BRDA:182,26,1,0
BRDA:220,27,0,0
BRDA:220,27,1,0
BRDA:220,28,0,0
BRDA:220,28,1,0
BRDA:274,29,0,0
BRDA:274,29,1,0
BRF:63
BRH:0
end_of_record
TN:
SF:src\features\visual-translator\services\OCRSpaceService.ts
FN:44,(anonymous_0)
FN:125,(anonymous_1)
FN:140,(anonymous_2)
FN:160,(anonymous_3)
FN:185,(anonymous_4)
FNF:5
FNH:0
FNDA:0,(anonymous_0)
FNDA:0,(anonymous_1)
FNDA:0,(anonymous_2)
FNDA:0,(anonymous_3)
FNDA:0,(anonymous_4)
DA:9,0
DA:13,0
DA:45,0
DA:46,0
DA:47,0
DA:50,0
DA:53,0
DA:69,0
DA:70,0
DA:73,0
DA:74,0
DA:77,0
DA:78,0
DA:81,0
DA:84,0
DA:85,0
DA:88,0
DA:91,0
DA:92,0
DA:95,0
DA:97,0
DA:98,0
DA:101,0
DA:104,0
DA:107,0
DA:109,0
DA:117,0
DA:118,0
DA:126,0
DA:127,0
DA:130,0
DA:132,0
DA:133,0
DA:142,0
DA:143,0
DA:146,0
DA:147,0
DA:150,0
DA:151,0
DA:154,0
DA:165,0
DA:166,0
DA:167,0
DA:169,0
DA:172,0
DA:173,0
DA:176,0
DA:177,0
DA:179,0
DA:186,0
DA:188,0
DA:191,0
DA:193,0
LF:53
LH:0
BRDA:56,0,0,0
BRDA:56,0,1,0
BRDA:69,1,0,0
BRDA:69,1,1,0
BRDA:77,2,0,0
BRDA:77,2,1,0
BRDA:78,3,0,0
BRDA:78,3,1,0
BRDA:80,4,0,0
BRDA:80,4,1,0
BRDA:84,5,0,0
BRDA:84,5,1,0
BRDA:84,6,0,0
BRDA:84,6,1,0
BRDA:91,7,0,0
BRDA:91,7,1,0
BRDA:92,8,0,0
BRDA:92,8,1,0
BRDA:95,9,0,0
BRDA:95,9,1,0
BRDA:97,10,0,0
BRDA:97,10,1,0
BRDA:118,11,0,0
BRDA:118,11,1,0
BRDA:142,12,0,0
BRDA:142,12,1,0
BRDA:146,13,0,0
BRDA:146,13,1,0
BRDA:150,14,0,0
BRDA:150,14,1,0
BRDA:166,15,0,0
BRDA:166,15,1,0
BRDA:172,16,0,0
BRDA:172,16,1,0
BRDA:173,17,0,0
BRDA:173,17,1,0
BRDA:176,18,0,0
BRDA:176,18,1,0
BRDA:177,19,0,0
BRDA:177,19,1,0
BRDA:191,20,0,0
BRDA:191,20,1,0
BRF:42
BRH:0
end_of_record
TN:
SF:src\features\visual-translator\services\TranslationService.ts
FN:23,(anonymous_0)
FN:66,(anonymous_1)
FN:102,(anonymous_2)
FN:138,(anonymous_3)
FN:163,(anonymous_4)
FN:191,(anonymous_5)
FN:216,(anonymous_6)
FN:253,(anonymous_7)
FN:275,(anonymous_8)
FN:291,translateText
FNF:10
FNH:0
FNDA:0,(anonymous_0)
FNDA:0,(anonymous_1)
FNDA:0,(anonymous_2)
FNDA:0,(anonymous_3)
FNDA:0,(anonymous_4)
FNDA:0,(anonymous_5)
FNDA:0,(anonymous_6)
FNDA:0,(anonymous_7)
FNDA:0,(anonymous_8)
FNDA:0,translateText
DA:10,0
DA:11,0
DA:17,0
DA:18,0
DA:28,0
DA:30,0
DA:31,0
DA:32,0
DA:35,0
DA:37,0
DA:44,0
DA:45,0
DA:48,0
DA:50,0
DA:51,0
DA:54,0
DA:56,0
DA:58,0
DA:59,0
DA:71,0
DA:72,0
DA:85,0
DA:86,0
DA:89,0
DA:91,0
DA:93,0
DA:94,0
DA:108,0
DA:109,0
DA:113,0
DA:114,0
DA:116,0
DA:118,0
DA:119,0
DA:121,0
DA:123,0
DA:125,0
DA:127,0
DA:128,0
DA:139,0
DA:141,0
DA:143,0
DA:144,0
DA:147,0
DA:148,0
DA:149,0
DA:152,0
DA:154,0
DA:155,0
DA:165,0
DA:168,0
DA:180,0
DA:181,0
DA:185,0
DA:192,0
DA:220,0
DA:226,0
DA:227,0
DA:230,0
DA:232,0
DA:236,0
DA:237,0
DA:242,0
DA:244,0
DA:247,0
DA:254,0
DA:256,0
DA:258,0
DA:259,0
DA:262,0
DA:265,0
DA:266,0
DA:276,0
DA:285,0
DA:296,0
LF:75
LH:0
BRDA:30,0,0,0
BRDA:30,0,1,0
BRDA:44,1,0,0
BRDA:44,1,1,0
BRDA:50,2,0,0
BRDA:50,2,1,0
BRDA:51,3,0,0
BRDA:51,3,1,0
BRDA:85,4,0,0
BRDA:85,4,1,0
BRDA:108,5,0,0
BRDA:108,5,1,0
BRDA:108,6,0,0
BRDA:108,6,1,0
BRDA:147,7,0,0
BRDA:147,7,1,0
BRDA:147,8,0,0
BRDA:147,8,1,0
BRDA:149,9,0,0
BRDA:149,9,1,0
BRDA:180,10,0,0
BRDA:180,10,1,0
BRDA:185,11,0,0
BRDA:185,11,1,0
BRDA:256,12,0,0
BRDA:256,12,1,0
BRDA:265,13,0,0
BRDA:265,13,1,0
BRF:28
BRH:0
end_of_record
TN:
SF:src\features\visual-translator\types\visual-translator.types.ts
FNF:0
FNH:0
LF:0
LH:0
BRF:0
BRH:0
end_of_record
TN:
SF:src\features\voice-translator\screens\VoiceTranslatorScreen.tsx
FN:33,VoiceTranslatorScreen
FN:57,(anonymous_1)
FN:61,(anonymous_2)
FN:65,(anonymous_3)
FN:70,(anonymous_4)
FN:81,(anonymous_5)
FN:87,(anonymous_6)
FN:93,(anonymous_7)
FN:112,(anonymous_8)
FN:139,(anonymous_9)
FN:152,(anonymous_10)
FN:178,(anonymous_11)
FN:192,(anonymous_12)
FN:202,(anonymous_13)
FN:212,(anonymous_14)
FN:218,(anonymous_15)
FN:226,(anonymous_16)
FN:235,(anonymous_17)
FN:247,(anonymous_18)
FN:272,(anonymous_19)
FN:290,(anonymous_20)
FN:306,(anonymous_21)
FN:484,(anonymous_22)
FN:485,(anonymous_23)
FN:499,(anonymous_24)
FN:500,(anonymous_25)
FN:521,LanguageModal
FN:543,(anonymous_27)
FN:550,(anonymous_28)
FNF:29
FNH:0
FNDA:0,VoiceTranslatorScreen
FNDA:0,(anonymous_1)
FNDA:0,(anonymous_2)
FNDA:0,(anonymous_3)
FNDA:0,(anonymous_4)
FNDA:0,(anonymous_5)
FNDA:0,(anonymous_6)
FNDA:0,(anonymous_7)
FNDA:0,(anonymous_8)
FNDA:0,(anonymous_9)
FNDA:0,(anonymous_10)
FNDA:0,(anonymous_11)
FNDA:0,(anonymous_12)
FNDA:0,(anonymous_13)
FNDA:0,(anonymous_14)
FNDA:0,(anonymous_15)
FNDA:0,(anonymous_16)
FNDA:0,(anonymous_17)
FNDA:0,(anonymous_18)
FNDA:0,(anonymous_19)
FNDA:0,(anonymous_20)
FNDA:0,(anonymous_21)
FNDA:0,(anonymous_22)
FNDA:0,(anonymous_23)
FNDA:0,(anonymous_24)
FNDA:0,(anonymous_25)
FNDA:0,LanguageModal
FNDA:0,(anonymous_27)
FNDA:0,(anonymous_28)
DA:34,0
DA:35,0
DA:36,0
DA:39,0
DA:40,0
DA:41,0
DA:42,0
DA:43,0
DA:44,0
DA:45,0
DA:46,0
DA:47,0
DA:48,0
DA:51,0
DA:52,0
DA:53,0
DA:54,0
DA:57,0
DA:58,0
DA:61,0
DA:62,0
DA:65,0
DA:66,0
DA:67,0
DA:70,0
DA:71,0
DA:72,0
DA:73,0
DA:74,0
DA:77,0
DA:81,0
DA:82,0
DA:83,0
DA:84,0
DA:87,0
DA:88,0
DA:93,0
DA:94,0
DA:96,0
DA:112,0
DA:113,0
DA:131,0
DA:132,0
DA:133,0
DA:134,0
DA:139,0
DA:140,0
DA:142,0
DA:143,0
DA:146,0
DA:147,0
DA:148,0
DA:154,0
DA:155,0
DA:157,0
DA:162,0
DA:166,0
DA:167,0
DA:168,0
DA:171,0
DA:172,0
DA:173,0
DA:178,0
DA:179,0
DA:180,0
DA:181,0
DA:182,0
DA:183,0
DA:185,0
DA:186,0
DA:187,0
DA:192,0
DA:193,0
DA:195,0
DA:196,0
DA:197,0
DA:198,0
DA:202,0
DA:203,0
DA:205,0
DA:206,0
DA:207,0
DA:208,0
DA:212,0
DA:213,0
DA:214,0
DA:218,0
DA:219,0
DA:220,0
DA:221,0
DA:222,0
DA:226,0
DA:227,0
DA:228,0
DA:229,0
DA:230,0
DA:231,0
DA:235,0
DA:236,0
DA:238,0
DA:240,0
DA:242,0
DA:247,0
DA:248,0
DA:250,0
DA:252,0
DA:254,0
DA:256,0
DA:258,0
DA:260,0
DA:264,0
DA:272,0
DA:290,0
DA:306,0
DA:484,0
DA:486,0
DA:487,0
DA:488,0
DA:489,0
DA:490,0
DA:499,0
DA:501,0
DA:502,0
DA:503,0
DA:522,0
DA:524,0
DA:544,0
DA:550,0
DA:569,0
DA:809,0
LF:130
LH:0
BRDA:40,0,0,0
BRDA:40,0,1,0
BRDA:72,1,0,0
BRDA:72,1,1,0
BRDA:72,2,0,0
BRDA:72,2,1,0
BRDA:94,3,0,0
BRDA:94,3,1,0
BRDA:140,4,0,0
BRDA:140,4,1,0
BRDA:147,5,0,0
BRDA:147,5,1,0
BRDA:154,6,0,0
BRDA:154,6,1,0
BRDA:193,7,0,0
BRDA:193,7,1,0
BRDA:203,8,0,0
BRDA:203,8,1,0
BRDA:236,9,0,0
BRDA:236,9,1,0
BRDA:236,9,2,0
BRDA:248,10,0,0
BRDA:248,10,1,0
BRDA:248,10,2,0
BRDA:248,10,3,0
BRDA:248,10,4,0
BRDA:248,10,5,0
BRDA:320,11,0,0
BRDA:320,11,1,0
BRDA:387,12,0,0
BRDA:387,12,1,0
BRDA:388,13,0,0
BRDA:388,13,1,0
BRDA:393,14,0,0
BRDA:393,14,1,0
BRDA:397,15,0,0
BRDA:397,15,1,0
BRDA:407,16,0,0
BRDA:407,16,1,0
BRDA:422,17,0,0
BRDA:422,17,1,0
BRDA:432,18,0,0
BRDA:432,18,1,0
BRDA:448,19,0,0
BRDA:448,19,1,0
BRDA:463,20,0,0
BRDA:463,20,1,0
BRDA:463,20,2,0
BRDA:471,21,0,0
BRDA:471,21,1,0
BRDA:471,21,2,0
BRDA:548,22,0,0
BRDA:548,22,1,0
BRDA:557,23,0,0
BRDA:557,23,1,0
BRDA:834,24,0,0
BRDA:834,24,1,0
BRDA:865,25,0,0
BRDA:865,25,1,0
BRF:59
BRH:0
end_of_record
TN:
SF:src\features\voice-translator\services\VoiceTranslatorService.ts
FN:24,(anonymous_0)
FN:36,(anonymous_1)
FN:64,(anonymous_2)
FN:85,(anonymous_3)
FN:104,(anonymous_4)
FN:121,(anonymous_5)
FN:131,(anonymous_6)
FN:134,(anonymous_7)
FN:154,(anonymous_8)
FN:169,(anonymous_9)
FN:176,(anonymous_10)
FN:183,(anonymous_11)
FN:200,(anonymous_12)
FNF:13
FNH:0
FNDA:0,(anonymous_0)
FNDA:0,(anonymous_1)
FNDA:0,(anonymous_2)
FNDA:0,(anonymous_3)
FNDA:0,(anonymous_4)
FNDA:0,(anonymous_5)
FNDA:0,(anonymous_6)
FNDA:0,(anonymous_7)
FNDA:0,(anonymous_8)
FNDA:0,(anonymous_9)
FNDA:0,(anonymous_10)
FNDA:0,(anonymous_11)
FNDA:0,(anonymous_12)
DA:18,0
DA:19,0
DA:25,0
DA:26,0
DA:27,0
DA:29,0
DA:37,0
DA:39,0
DA:41,0
DA:43,0
DA:46,0
DA:48,0
DA:49,0
DA:53,0
DA:55,0
DA:56,0
DA:65,0
DA:66,0
DA:67,0
DA:70,0
DA:71,0
DA:73,0
DA:74,0
DA:75,0
DA:86,0
DA:87,0
DA:88,0
DA:89,0
DA:92,0
DA:93,0
DA:94,0
DA:105,0
DA:106,0
DA:107,0
DA:108,0
DA:111,0
DA:112,0
DA:122,0
DA:123,0
DA:124,0
DA:127,0
DA:132,0
DA:135,0
DA:136,0
DA:140,0
DA:142,0
DA:143,0
DA:144,0
DA:155,0
DA:156,0
DA:157,0
DA:158,0
DA:161,0
DA:162,0
DA:170,0
DA:177,0
DA:184,0
DA:185,0
DA:186,0
DA:187,0
DA:188,0
DA:189,0
DA:190,0
DA:192,0
DA:201,0
DA:246,0
LF:66
LH:0
BRDA:41,0,0,0
BRDA:41,0,1,0
BRDA:46,1,0,0
BRDA:46,1,1,0
BRDA:66,2,0,0
BRDA:66,2,1,0
BRDA:87,3,0,0
BRDA:87,3,1,0
BRDA:106,4,0,0
BRDA:106,4,1,0
BRDA:123,5,0,0
BRDA:123,5,1,0
BRDA:156,6,0,0
BRDA:156,6,1,0
BRDA:246,7,0,0
BRDA:246,7,1,0
BRF:16
BRH:0
end_of_record
TN:
SF:src\hooks\useAdvancedSearch.ts
FN:34,useAdvancedSearch
FN:40,(anonymous_1)
FN:66,(anonymous_2)
FN:95,(anonymous_3)
FN:130,(anonymous_4)
FN:162,(anonymous_5)
FN:168,(anonymous_6)
FN:177,(anonymous_7)
FN:181,(anonymous_8)
FN:194,(anonymous_9)
FN:206,(anonymous_10)
FN:211,(anonymous_11)
FN:227,(anonymous_12)
FN:242,(anonymous_13)
FN:254,(anonymous_14)
FN:255,(anonymous_15)
FN:263,(anonymous_16)
FN:270,(anonymous_17)
FN:281,(anonymous_18)
FN:295,(anonymous_19)
FN:305,(anonymous_20)
FN:336,(anonymous_21)
FN:341,(anonymous_22)
FN:358,(anonymous_23)
FN:362,(anonymous_24)
FN:365,(anonymous_25)
FN:367,(anonymous_26)
FN:371,(anonymous_27)
FN:380,(anonymous_28)
FN:394,(anonymous_29)
FN:395,(anonymous_30)
FN:401,(anonymous_31)
FN:408,(anonymous_32)
FN:443,useSearchFilters
FN:450,(anonymous_34)
FN:451,(anonymous_35)
FN:457,(anonymous_36)
FN:458,(anonymous_37)
FN:465,(anonymous_38)
FN:469,(anonymous_39)
FNF:40
FNH:0
FNDA:0,useAdvancedSearch
FNDA:0,(anonymous_1)
FNDA:0,(anonymous_2)
FNDA:0,(anonymous_3)
FNDA:0,(anonymous_4)
FNDA:0,(anonymous_5)
FNDA:0,(anonymous_6)
FNDA:0,(anonymous_7)
FNDA:0,(anonymous_8)
FNDA:0,(anonymous_9)
FNDA:0,(anonymous_10)
FNDA:0,(anonymous_11)
FNDA:0,(anonymous_12)
FNDA:0,(anonymous_13)
FNDA:0,(anonymous_14)
FNDA:0,(anonymous_15)
FNDA:0,(anonymous_16)
FNDA:0,(anonymous_17)
FNDA:0,(anonymous_18)
FNDA:0,(anonymous_19)
FNDA:0,(anonymous_20)
FNDA:0,(anonymous_21)
FNDA:0,(anonymous_22)
FNDA:0,(anonymous_23)
FNDA:0,(anonymous_24)
FNDA:0,(anonymous_25)
FNDA:0,(anonymous_26)
FNDA:0,(anonymous_27)
FNDA:0,(anonymous_28)
FNDA:0,(anonymous_29)
FNDA:0,(anonymous_30)
FNDA:0,(anonymous_31)
FNDA:0,(anonymous_32)
FNDA:0,useSearchFilters
FNDA:0,(anonymous_34)
FNDA:0,(anonymous_35)
FNDA:0,(anonymous_36)
FNDA:0,(anonymous_37)
FNDA:0,(anonymous_38)
FNDA:0,(anonymous_39)
DA:36,0
DA:40,0
DA:43,0
DA:44,0
DA:45,0
DA:46,0
DA:47,0
DA:50,0
DA:51,0
DA:60,0
DA:61,0
DA:66,0
DA:67,0
DA:69,0
DA:71,0
DA:74,0
DA:76,0
DA:84,0
DA:86,0
DA:87,0
DA:95,0
DA:99,0
DA:100,0
DA:101,0
DA:104,0
DA:105,0
DA:107,0
DA:109,0
DA:121,0
DA:124,0
DA:127,0
DA:129,0
DA:130,0
DA:131,0
DA:136,0
DA:137,0
DA:141,0
DA:142,0
DA:145,0
DA:147,0
DA:148,0
DA:151,0
DA:152,0
DA:153,0
DA:155,0
DA:162,0
DA:166,0
DA:168,0
DA:169,0
DA:170,0
DA:171,0
DA:172,0
DA:177,0
DA:181,0
DA:182,0
DA:187,0
DA:194,0
DA:195,0
DA:196,0
DA:199,0
DA:202,0
DA:206,0
DA:208,0
DA:211,0
DA:212,0
DA:213,0
DA:223,0
DA:227,0
DA:230,0
DA:231,0
DA:232,0
DA:241,0
DA:242,0
DA:243,0
DA:245,0
DA:254,0
DA:255,0
DA:256,0
DA:257,0
DA:259,0
DA:262,0
DA:263,0
DA:270,0
DA:271,0
DA:276,0
DA:278,0
DA:279,0
DA:281,0
DA:282,0
DA:283,0
DA:284,0
DA:285,0
DA:289,0
DA:295,0
DA:297,0
DA:298,0
DA:299,0
DA:305,0
DA:306,0
DA:308,0
DA:309,0
DA:312,0
DA:313,0
DA:316,0
DA:317,0
DA:318,0
DA:319,0
DA:321,0
DA:330,0
DA:336,0
DA:341,0
DA:358,0
DA:362,0
DA:364,0
DA:365,0
DA:366,0
DA:367,0
DA:370,0
DA:371,0
DA:374,0
DA:380,0
DA:381,0
DA:382,0
DA:384,0
DA:386,0
DA:387,0
DA:394,0
DA:395,0
DA:401,0
DA:402,0
DA:403,0
DA:404,0
DA:408,0
DA:409,0
DA:410,0
DA:411,0
DA:413,0
DA:417,0
DA:444,0
DA:450,0
DA:451,0
DA:457,0
DA:458,0
DA:459,0
DA:460,0
DA:461,0
DA:465,0
DA:466,0
DA:469,0
DA:470,0
DA:473,0
LF:151
LH:0
BRDA:74,0,0,0
BRDA:74,0,1,0
BRDA:97,1,0,0
BRDA:99,2,0,0
BRDA:99,2,1,0
BRDA:110,3,0,0
BRDA:110,3,1,0
BRDA:113,4,0,0
BRDA:113,4,1,0
BRDA:114,5,0,0
BRDA:114,5,1,0
BRDA:116,6,0,0
BRDA:116,6,1,0
BRDA:129,7,0,0
BRDA:129,7,1,0
BRDA:136,8,0,0
BRDA:136,8,1,0
BRDA:166,9,0,0
BRDA:166,9,1,0
BRDA:166,9,2,0
BRDA:166,9,3,0
BRDA:166,9,4,0
BRDA:195,10,0,0
BRDA:195,10,1,0
BRDA:195,11,0,0
BRDA:195,11,1,0
BRDA:212,12,0,0
BRDA:212,12,1,0
BRDA:212,13,0,0
BRDA:212,13,1,0
BRDA:231,14,0,0
BRDA:231,14,1,0
BRDA:231,15,0,0
BRDA:231,15,1,0
BRDA:243,16,0,0
BRDA:243,16,1,0
BRDA:243,17,0,0
BRDA:243,17,1,0
BRDA:256,18,0,0
BRDA:256,18,1,0
BRDA:273,19,0,0
BRDA:273,19,1,0
BRDA:283,20,0,0
BRDA:283,20,1,0
BRDA:283,21,0,0
BRDA:283,21,1,0
BRDA:289,22,0,0
BRDA:289,22,1,0
BRDA:299,23,0,0
BRDA:299,23,1,0
BRDA:318,24,0,0
BRDA:318,24,1,0
BRDA:345,25,0,0
BRDA:345,25,1,0
BRDA:364,26,0,0
BRDA:364,26,1,0
BRDA:366,27,0,0
BRDA:366,27,1,0
BRDA:380,28,0,0
BRDA:409,29,0,0
BRDA:409,29,1,0
BRF:61
BRH:0
end_of_record
TN:
SF:src\hooks\useAnimations.ts
FN:20,useAnimations
FN:37,(anonymous_1)
FN:97,(anonymous_2)
FN:100,(anonymous_3)
FN:107,(anonymous_4)
FN:115,(anonymous_5)
FN:118,(anonymous_6)
FN:125,(anonymous_7)
FN:133,(anonymous_8)
FN:137,(anonymous_9)
FN:144,(anonymous_10)
FN:152,(anonymous_11)
FN:156,(anonymous_12)
FN:163,(anonymous_13)
FN:171,(anonymous_14)
FN:175,(anonymous_15)
FN:182,(anonymous_16)
FN:190,(anonymous_17)
FN:193,(anonymous_18)
FN:207,(anonymous_19)
FN:215,(anonymous_20)
FN:218,(anonymous_21)
FN:225,(anonymous_22)
FN:233,(anonymous_23)
FN:244,(anonymous_24)
FN:245,(anonymous_25)
FN:258,(anonymous_26)
FN:259,(anonymous_27)
FN:267,(anonymous_28)
FN:271,(anonymous_29)
FN:298,(anonymous_30)
FN:306,(anonymous_31)
FN:309,(anonymous_32)
FN:326,(anonymous_33)
FN:333,(anonymous_34)
FN:341,(anonymous_35)
FN:342,(anonymous_36)
FN:365,(anonymous_37)
FN:371,(anonymous_38)
FN:399,(anonymous_39)
FN:413,(anonymous_40)
FN:421,(anonymous_41)
FN:473,useButtonAnimation
FN:476,(anonymous_43)
FNF:44
FNH:0
FNDA:0,useAnimations
FNDA:0,(anonymous_1)
FNDA:0,(anonymous_2)
FNDA:0,(anonymous_3)
FNDA:0,(anonymous_4)
FNDA:0,(anonymous_5)
FNDA:0,(anonymous_6)
FNDA:0,(anonymous_7)
FNDA:0,(anonymous_8)
FNDA:0,(anonymous_9)
FNDA:0,(anonymous_10)
FNDA:0,(anonymous_11)
FNDA:0,(anonymous_12)
FNDA:0,(anonymous_13)
FNDA:0,(anonymous_14)
FNDA:0,(anonymous_15)
FNDA:0,(anonymous_16)
FNDA:0,(anonymous_17)
FNDA:0,(anonymous_18)
FNDA:0,(anonymous_19)
FNDA:0,(anonymous_20)
FNDA:0,(anonymous_21)
FNDA:0,(anonymous_22)
FNDA:0,(anonymous_23)
FNDA:0,(anonymous_24)
FNDA:0,(anonymous_25)
FNDA:0,(anonymous_26)
FNDA:0,(anonymous_27)
FNDA:0,(anonymous_28)
FNDA:0,(anonymous_29)
FNDA:0,(anonymous_30)
FNDA:0,(anonymous_31)
FNDA:0,(anonymous_32)
FNDA:0,(anonymous_33)
FNDA:0,(anonymous_34)
FNDA:0,(anonymous_35)
FNDA:0,(anonymous_36)
FNDA:0,(anonymous_37)
FNDA:0,(anonymous_38)
FNDA:0,(anonymous_39)
FNDA:0,(anonymous_40)
FNDA:0,(anonymous_41)
FNDA:0,useButtonAnimation
FNDA:0,(anonymous_43)
DA:13,0
DA:22,0
DA:23,0
DA:24,0
DA:25,0
DA:26,0
DA:27,0
DA:30,0
DA:31,0
DA:36,0
DA:46,0
DA:47,0
DA:48,0
DA:50,0
DA:51,0
DA:53,0
DA:54,0
DA:56,0
DA:57,0
DA:59,0
DA:60,0
DA:62,0
DA:63,0
DA:65,0
DA:66,0
DA:69,0
DA:71,0
DA:72,0
DA:74,0
DA:75,0
DA:77,0
DA:78,0
DA:81,0
DA:82,0
DA:84,0
DA:85,0
DA:87,0
DA:88,0
DA:96,0
DA:98,0
DA:100,0
DA:101,0
DA:107,0
DA:114,0
DA:116,0
DA:118,0
DA:119,0
DA:125,0
DA:132,0
DA:134,0
DA:135,0
DA:137,0
DA:138,0
DA:144,0
DA:151,0
DA:153,0
DA:154,0
DA:156,0
DA:157,0
DA:163,0
DA:170,0
DA:175,0
DA:176,0
DA:182,0
DA:189,0
DA:191,0
DA:193,0
DA:194,0
DA:207,0
DA:214,0
DA:216,0
DA:218,0
DA:219,0
DA:220,0
DA:225,0
DA:232,0
DA:234,0
DA:235,0
DA:237,0
DA:243,0
DA:245,0
DA:246,0
DA:247,0
DA:249,0
DA:258,0
DA:259,0
DA:266,0
DA:268,0
DA:269,0
DA:271,0
DA:272,0
DA:298,0
DA:305,0
DA:307,0
DA:309,0
DA:310,0
DA:326,0
DA:333,0
DA:334,0
DA:335,0
DA:336,0
DA:338,0
DA:342,0
DA:343,0
DA:365,0
DA:371,0
DA:372,0
DA:373,0
DA:374,0
DA:376,0
DA:399,0
DA:400,0
DA:413,0
DA:414,0
DA:415,0
DA:416,0
DA:417,0
DA:418,0
DA:421,0
DA:422,0
DA:424,0
DA:438,0
DA:474,0
DA:476,0
DA:477,0
DA:491,0
LF:126
LH:0
BRDA:38,0,0,0
BRDA:46,1,0,0
BRDA:46,1,1,0
BRDA:48,2,0,0
BRDA:48,2,1,0
BRDA:48,2,2,0
BRDA:48,2,3,0
BRDA:48,2,4,0
BRDA:48,2,5,0
BRDA:71,3,0,0
BRDA:71,3,1,0
BRDA:72,4,0,0
BRDA:72,4,1,0
BRDA:72,4,2,0
BRDA:72,4,3,0
BRDA:72,4,4,0
BRDA:72,4,5,0
BRDA:97,5,0,0
BRDA:115,6,0,0
BRDA:133,7,0,0
BRDA:152,8,0,0
BRDA:172,9,0,0
BRDA:173,10,0,0
BRDA:191,11,0,0
BRDA:191,11,1,0
BRDA:215,12,0,0
BRDA:233,13,0,0
BRDA:234,14,0,0
BRDA:234,14,1,0
BRDA:244,15,0,0
BRDA:268,16,0,0
BRDA:268,16,1,0
BRDA:307,17,0,0
BRDA:307,17,1,0
BRDA:333,18,0,0
BRF:35
BRH:0
end_of_record
TN:
SF:src\hooks\useAppLanguage.ts
FN:147,(anonymous_0)
FN:160,(anonymous_1)
FN:168,useAppLanguage
FN:175,(anonymous_3)
FN:179,(anonymous_4)
FN:218,(anonymous_5)
FN:233,(anonymous_6)
FN:258,(anonymous_7)
FN:270,(anonymous_8)
FN:280,(anonymous_9)
FN:293,(anonymous_10)
FN:322,(anonymous_11)
FN:327,(anonymous_12)
FN:342,(anonymous_13)
FN:354,(anonymous_14)
FNF:15
FNH:0
FNDA:0,(anonymous_0)
FNDA:0,(anonymous_1)
FNDA:0,useAppLanguage
FNDA:0,(anonymous_3)
FNDA:0,(anonymous_4)
FNDA:0,(anonymous_5)
FNDA:0,(anonymous_6)
FNDA:0,(anonymous_7)
FNDA:0,(anonymous_8)
FNDA:0,(anonymous_9)
FNDA:0,(anonymous_10)
FNDA:0,(anonymous_11)
FNDA:0,(anonymous_12)
FNDA:0,(anonymous_13)
FNDA:0,(anonymous_14)
DA:5,0
DA:6,0
DA:64,0
DA:147,0
DA:148,0
DA:160,0
DA:169,0
DA:170,0
DA:171,0
DA:172,0
DA:175,0
DA:176,0
DA:179,0
DA:180,0
DA:181,0
DA:182,0
DA:184,0
DA:185,0
DA:188,0
DA:190,0
DA:191,0
DA:192,0
DA:193,0
DA:194,0
DA:196,0
DA:198,0
DA:200,0
DA:201,0
DA:205,0
DA:208,0
DA:209,0
DA:210,0
DA:212,0
DA:214,0
DA:218,0
DA:219,0
DA:220,0
DA:221,0
DA:224,0
DA:225,0
DA:227,0
DA:228,0
DA:229,0
DA:233,0
DA:234,0
DA:236,0
DA:237,0
DA:240,0
DA:242,0
DA:243,0
DA:244,0
DA:245,0
DA:246,0
DA:250,0
DA:252,0
DA:253,0
DA:258,0
DA:259,0
DA:260,0
DA:261,0
DA:262,0
DA:264,0
DA:265,0
DA:270,0
DA:271,0
DA:272,0
DA:274,0
DA:275,0
DA:280,0
DA:281,0
DA:286,0
DA:293,0
DA:294,0
DA:295,0
DA:297,0
DA:304,0
DA:311,0
DA:313,0
DA:322,0
DA:323,0
DA:327,0
DA:328,0
DA:329,0
DA:330,0
DA:331,0
DA:332,0
DA:333,0
DA:335,0
DA:336,0
DA:337,0
DA:342,0
DA:343,0
DA:354,0
DA:355,0
DA:356,0
DA:358,0
DA:359,0
DA:362,0
DA:363,0
DA:364,0
DA:365,0
DA:366,0
DA:368,0
DA:370,0
DA:371,0
DA:372,0
DA:376,0
LF:107
LH:0
BRDA:149,0,0,0
BRDA:149,0,1,0
BRDA:149,0,2,0
BRDA:149,0,3,0
BRDA:149,0,4,0
BRDA:149,0,5,0
BRDA:149,0,6,0
BRDA:163,1,0,0
BRDA:163,1,1,0
BRDA:184,2,0,0
BRDA:184,2,1,0
BRDA:188,3,0,0
BRDA:188,3,1,0
BRDA:190,4,0,0
BRDA:190,4,1,0
BRDA:192,5,0,0
BRDA:192,5,1,0
BRDA:220,6,0,0
BRDA:220,6,1,0
BRDA:233,7,0,0
BRDA:236,8,0,0
BRDA:236,8,1,0
BRDA:242,9,0,0
BRDA:242,9,1,0
BRDA:244,10,0,0
BRDA:244,10,1,0
BRDA:260,11,0,0
BRDA:260,11,1,0
BRDA:272,12,0,0
BRDA:272,12,1,0
BRDA:282,13,0,0
BRDA:282,13,1,0
BRDA:283,14,0,0
BRDA:283,14,1,0
BRDA:284,15,0,0
BRDA:284,15,1,0
BRDA:286,16,0,0
BRDA:286,16,1,0
BRDA:295,17,0,0
BRDA:295,17,1,0
BRDA:358,18,0,0
BRDA:358,18,1,0
BRDA:363,19,0,0
BRDA:363,19,1,0
BRF:44
BRH:0
end_of_record
TN:
SF:src\hooks\useAsyncOperation.ts
FN:12,useAsyncOperation
FN:21,(anonymous_1)
FN:29,(anonymous_2)
FN:64,(anonymous_3)
FNF:4
FNH:0
FNDA:0,useAsyncOperation
FNDA:0,(anonymous_1)
FNDA:0,(anonymous_2)
FNDA:0,(anonymous_3)
DA:13,0
DA:19,0
DA:21,0
DA:29,0
DA:31,0
DA:32,0
DA:34,0
DA:40,0
DA:41,0
DA:44,0
DA:46,0
DA:48,0
DA:54,0
DA:56,0
DA:57,0
DA:60,0
DA:64,0
DA:65,0
DA:72,0
LF:19
LH:0
BRDA:40,0,0,0
BRDA:40,0,1,0
BRDA:46,1,0,0
BRDA:46,1,1,0
BRDA:56,2,0,0
BRDA:56,2,1,0
BRF:6
BRH:0
end_of_record
TN:
SF:src\hooks\useAudio.ts
FN:11,useAudio
FN:20,(anonymous_1)
FN:26,(anonymous_2)
FN:40,(anonymous_3)
FN:49,(anonymous_4)
FN:62,(anonymous_5)
FN:66,(anonymous_6)
FN:76,(anonymous_7)
FN:107,(anonymous_8)
FN:108,(anonymous_9)
FN:125,(anonymous_10)
FN:126,(anonymous_11)
FN:137,(anonymous_12)
FN:189,(anonymous_13)
FN:234,(anonymous_14)
FN:260,(anonymous_15)
FN:309,(anonymous_16)
FN:312,(anonymous_17)
FN:315,(anonymous_18)
FN:334,(anonymous_19)
FNF:20
FNH:0
FNDA:0,useAudio
FNDA:0,(anonymous_1)
FNDA:0,(anonymous_2)
FNDA:0,(anonymous_3)
FNDA:0,(anonymous_4)
FNDA:0,(anonymous_5)
FNDA:0,(anonymous_6)
FNDA:0,(anonymous_7)
FNDA:0,(anonymous_8)
FNDA:0,(anonymous_9)
FNDA:0,(anonymous_10)
FNDA:0,(anonymous_11)
FNDA:0,(anonymous_12)
FNDA:0,(anonymous_13)
FNDA:0,(anonymous_14)
FNDA:0,(anonymous_15)
FNDA:0,(anonymous_16)
FNDA:0,(anonymous_17)
FNDA:0,(anonymous_18)
FNDA:0,(anonymous_19)
DA:12,0
DA:13,0
DA:14,0
DA:15,0
DA:20,0
DA:21,0
DA:22,0
DA:23,0
DA:26,0
DA:27,0
DA:30,0
DA:32,0
DA:33,0
DA:40,0
DA:43,0
DA:49,0
DA:50,0
DA:52,0
DA:53,0
DA:55,0
DA:62,0
DA:63,0
DA:65,0
DA:68,0
DA:76,0
DA:77,0
DA:79,0
DA:83,0
DA:103,0
DA:107,0
DA:108,0
DA:109,0
DA:110,0
DA:118,0
DA:121,0
DA:125,0
DA:126,0
DA:127,0
DA:128,0
DA:130,0
DA:137,0
DA:138,0
DA:183,0
DA:189,0
DA:190,0
DA:224,0
DA:234,0
DA:235,0
DA:237,0
DA:238,0
DA:241,0
DA:242,0
DA:243,0
DA:245,0
DA:248,0
DA:249,0
DA:251,0
DA:252,0
DA:257,0
DA:260,0
DA:261,0
DA:262,0
DA:263,0
DA:267,0
DA:268,0
DA:269,0
DA:270,0
DA:275,0
DA:276,0
DA:279,0
DA:281,0
DA:283,0
DA:286,0
DA:287,0
DA:289,0
DA:290,0
DA:291,0
DA:292,0
DA:295,0
DA:298,0
DA:301,0
DA:302,0
DA:303,0
DA:305,0
DA:310,0
DA:313,0
DA:316,0
DA:317,0
DA:321,0
DA:324,0
DA:325,0
DA:326,0
DA:327,0
DA:334,0
DA:335,0
DA:336,0
DA:337,0
DA:338,0
DA:339,0
DA:341,0
DA:342,0
DA:343,0
DA:345,0
DA:349,0
LF:104
LH:0
BRDA:50,0,0,0
BRDA:50,0,1,0
BRDA:53,1,0,0
BRDA:53,1,1,0
BRDA:63,2,0,0
BRDA:63,2,1,0
BRDA:79,3,0,0
BRDA:79,3,1,0
BRDA:83,4,0,0
BRDA:83,4,1,0
BRDA:127,5,0,0
BRDA:127,5,1,0
BRDA:183,6,0,0
BRDA:183,6,1,0
BRDA:224,7,0,0
BRDA:224,7,1,0
BRDA:235,8,0,0
BRDA:235,8,1,0
BRDA:235,9,0,0
BRDA:235,9,1,0
BRDA:241,10,0,0
BRDA:241,10,1,0
BRDA:248,11,0,0
BRDA:248,11,1,0
BRDA:248,12,0,0
BRDA:248,12,1,0
BRDA:251,13,0,0
BRDA:251,13,1,0
BRDA:261,14,0,0
BRDA:261,14,1,0
BRDA:261,15,0,0
BRDA:261,15,1,0
BRDA:281,16,0,0
BRDA:281,16,1,0
BRDA:289,17,0,0
BRDA:289,17,1,0
BRDA:336,18,0,0
BRDA:336,18,1,0
BRF:38
BRH:0
end_of_record
TN:
SF:src\hooks\useAudioMultilingual.ts
FN:16,useAudioMultilingual
FN:22,(anonymous_1)
FN:23,(anonymous_2)
FN:40,(anonymous_3)
FN:41,(anonymous_4)
FN:55,(anonymous_5)
FN:91,(anonymous_6)
FN:179,(anonymous_7)
FN:183,(anonymous_8)
FN:187,(anonymous_9)
FN:203,(anonymous_10)
FNF:11
FNH:0
FNDA:0,useAudioMultilingual
FNDA:0,(anonymous_1)
FNDA:0,(anonymous_2)
FNDA:0,(anonymous_3)
FNDA:0,(anonymous_4)
FNDA:0,(anonymous_5)
FNDA:0,(anonymous_6)
FNDA:0,(anonymous_7)
FNDA:0,(anonymous_8)
FNDA:0,(anonymous_9)
FNDA:0,(anonymous_10)
DA:17,0
DA:18,0
DA:19,0
DA:22,0
DA:23,0
DA:24,0
DA:25,0
DA:33,0
DA:36,0
DA:40,0
DA:41,0
DA:42,0
DA:43,0
DA:45,0
DA:55,0
DA:61,0
DA:62,0
DA:63,0
DA:66,0
DA:67,0
DA:70,0
DA:71,0
DA:72,0
DA:74,0
DA:79,0
DA:80,0
DA:82,0
DA:83,0
DA:88,0
DA:91,0
DA:92,0
DA:93,0
DA:94,0
DA:98,0
DA:99,0
DA:100,0
DA:101,0
DA:103,0
DA:110,0
DA:111,0
DA:112,0
DA:115,0
DA:116,0
DA:118,0
DA:121,0
DA:122,0
DA:125,0
DA:127,0
DA:128,0
DA:129,0
DA:131,0
DA:132,0
DA:133,0
DA:135,0
DA:136,0
DA:137,0
DA:139,0
DA:140,0
DA:141,0
DA:143,0
DA:144,0
DA:145,0
DA:147,0
DA:148,0
DA:149,0
DA:151,0
DA:152,0
DA:153,0
DA:155,0
DA:156,0
DA:157,0
DA:159,0
DA:160,0
DA:161,0
DA:163,0
DA:164,0
DA:165,0
DA:167,0
DA:168,0
DA:169,0
DA:171,0
DA:172,0
DA:175,0
DA:180,0
DA:181,0
DA:184,0
DA:185,0
DA:188,0
DA:189,0
DA:194,0
DA:195,0
DA:196,0
DA:203,0
DA:204,0
DA:205,0
DA:206,0
DA:207,0
DA:208,0
DA:210,0
DA:211,0
DA:212,0
DA:213,0
DA:215,0
DA:219,0
LF:104
LH:0
BRDA:42,0,0,0
BRDA:42,0,1,0
BRDA:61,1,0,0
BRDA:61,1,1,0
BRDA:61,2,0,0
BRDA:61,2,1,0
BRDA:70,3,0,0
BRDA:70,3,1,0
BRDA:79,4,0,0
BRDA:79,4,1,0
BRDA:79,5,0,0
BRDA:79,5,1,0
BRDA:82,6,0,0
BRDA:82,6,1,0
BRDA:92,7,0,0
BRDA:92,7,1,0
BRDA:92,8,0,0
BRDA:92,8,1,0
BRDA:111,9,0,0
BRDA:111,9,1,0
BRDA:125,10,0,0
BRDA:125,10,1,0
BRDA:125,10,2,0
BRDA:125,10,3,0
BRDA:125,10,4,0
BRDA:125,10,5,0
BRDA:125,10,6,0
BRDA:125,10,7,0
BRDA:125,10,8,0
BRDA:125,10,9,0
BRDA:125,10,10,0
BRDA:125,10,11,0
BRDA:205,11,0,0
BRDA:205,11,1,0
BRF:34
BRH:0
end_of_record
TN:
SF:src\hooks\useErrorHandler.ts
FN:13,useErrorHandler
FN:17,(anonymous_1)
FN:37,(anonymous_2)
FN:52,(anonymous_3)
FN:62,(anonymous_4)
FN:76,(anonymous_5)
FN:90,(anonymous_6)
FN:114,(anonymous_7)
FN:135,(anonymous_8)
FNF:9
FNH:0
FNDA:0,useErrorHandler
FNDA:0,(anonymous_1)
FNDA:0,(anonymous_2)
FNDA:0,(anonymous_3)
FNDA:0,(anonymous_4)
FNDA:0,(anonymous_5)
FNDA:0,(anonymous_6)
FNDA:0,(anonymous_7)
FNDA:0,(anonymous_8)
DA:17,0
DA:18,0
DA:25,0
DA:31,0
DA:37,0
DA:38,0
DA:42,0
DA:43,0
DA:49,0
DA:52,0
DA:62,0
DA:63,0
DA:65,0
DA:70,0
DA:76,0
DA:77,0
DA:79,0
DA:84,0
DA:90,0
DA:95,0
DA:96,0
DA:98,0
DA:100,0
DA:101,0
DA:107,0
DA:114,0
DA:120,0
DA:121,0
DA:122,0
DA:124,0
DA:126,0
DA:127,0
DA:128,0
DA:131,0
DA:134,0
DA:135,0
DA:139,0
DA:142,0
LF:38
LH:0
BRDA:19,0,0,0
BRDA:19,0,1,0
BRDA:25,1,0,0
BRDA:25,1,1,0
BRDA:42,2,0,0
BRDA:42,2,1,0
BRDA:54,3,0,0
BRDA:54,3,1,0
BRDA:93,4,0,0
BRDA:100,5,0,0
BRDA:100,5,1,0
BRDA:116,6,0,0
BRDA:117,7,0,0
BRDA:126,8,0,0
BRDA:126,8,1,0
BRF:15
BRH:0
end_of_record
TN:
SF:src\hooks\useFavorites.ts
FN:9,useFavorites
FN:14,(anonymous_1)
FN:32,(anonymous_2)
FN:36,(anonymous_3)
FN:49,(anonymous_4)
FN:53,(anonymous_5)
FN:64,(anonymous_6)
FN:67,(anonymous_7)
FN:76,(anonymous_8)
FN:84,(anonymous_9)
FN:85,(anonymous_10)
FN:88,(anonymous_11)
FNF:12
FNH:0
FNDA:0,useFavorites
FNDA:0,(anonymous_1)
FNDA:0,(anonymous_2)
FNDA:0,(anonymous_3)
FNDA:0,(anonymous_4)
FNDA:0,(anonymous_5)
FNDA:0,(anonymous_6)
FNDA:0,(anonymous_7)
FNDA:0,(anonymous_8)
FNDA:0,(anonymous_9)
FNDA:0,(anonymous_10)
FNDA:0,(anonymous_11)
DA:7,0
DA:10,0
DA:11,0
DA:12,0
DA:14,0
DA:15,0
DA:16,0
DA:17,0
DA:19,0
DA:20,0
DA:22,0
DA:23,0
DA:26,0
DA:28,0
DA:32,0
DA:33,0
DA:36,0
DA:37,0
DA:39,0
DA:40,0
DA:41,0
DA:42,0
DA:45,0
DA:49,0
DA:50,0
DA:53,0
DA:54,0
DA:56,0
DA:57,0
DA:59,0
DA:60,0
DA:64,0
DA:65,0
DA:67,0
DA:68,0
DA:70,0
DA:71,0
DA:76,0
DA:77,0
DA:78,0
DA:80,0
DA:84,0
DA:85,0
DA:88,0
DA:89,0
DA:91,0
DA:92,0
DA:94,0
DA:95,0
DA:99,0
LF:50
LH:0
BRDA:19,0,0,0
BRDA:19,0,1,0
BRDA:20,1,0,0
BRDA:20,1,1,0
BRDA:39,2,0,0
BRDA:39,2,1,0
BRDA:54,3,0,0
BRDA:54,3,1,0
BRDA:59,4,0,0
BRDA:59,4,1,0
BRDA:65,5,0,0
BRDA:65,5,1,0
BRDA:70,6,0,0
BRDA:70,6,1,0
BRDA:77,7,0,0
BRDA:77,7,1,0
BRDA:91,8,0,0
BRDA:91,8,1,0
BRF:18
BRH:0
end_of_record
TN:
SF:src\hooks\useHistory.ts
FN:79,(anonymous_0)
FN:82,(anonymous_1)
FN:89,(anonymous_2)
FN:93,(anonymous_3)
FN:97,useHistory
FN:108,(anonymous_5)
FN:112,(anonymous_6)
FN:130,(anonymous_7)
FN:149,(anonymous_8)
FN:157,(anonymous_9)
FN:165,(anonymous_10)
FN:173,(anonymous_11)
FN:189,(anonymous_12)
FN:220,(anonymous_13)
FN:233,(anonymous_14)
FN:291,(anonymous_15)
FN:352,(anonymous_16)
FN:373,(anonymous_17)
FN:388,(anonymous_18)
FN:391,(anonymous_19)
FN:392,(anonymous_20)
FN:394,(anonymous_21)
FN:398,(anonymous_22)
FN:399,(anonymous_23)
FN:401,(anonymous_24)
FN:416,(anonymous_25)
FN:417,(anonymous_26)
FN:422,(anonymous_27)
FN:429,(anonymous_28)
FN:430,(anonymous_29)
FN:438,(anonymous_30)
FN:452,(anonymous_31)
FN:466,(anonymous_32)
FN:468,(anonymous_33)
FN:469,(anonymous_34)
FN:499,(anonymous_35)
FN:500,(anonymous_36)
FNF:37
FNH:0
FNDA:0,(anonymous_0)
FNDA:0,(anonymous_1)
FNDA:0,(anonymous_2)
FNDA:0,(anonymous_3)
FNDA:0,useHistory
FNDA:0,(anonymous_5)
FNDA:0,(anonymous_6)
FNDA:0,(anonymous_7)
FNDA:0,(anonymous_8)
FNDA:0,(anonymous_9)
FNDA:0,(anonymous_10)
FNDA:0,(anonymous_11)
FNDA:0,(anonymous_12)
FNDA:0,(anonymous_13)
FNDA:0,(anonymous_14)
FNDA:0,(anonymous_15)
FNDA:0,(anonymous_16)
FNDA:0,(anonymous_17)
FNDA:0,(anonymous_18)
FNDA:0,(anonymous_19)
FNDA:0,(anonymous_20)
FNDA:0,(anonymous_21)
FNDA:0,(anonymous_22)
FNDA:0,(anonymous_23)
FNDA:0,(anonymous_24)
FNDA:0,(anonymous_25)
FNDA:0,(anonymous_26)
FNDA:0,(anonymous_27)
FNDA:0,(anonymous_28)
FNDA:0,(anonymous_29)
FNDA:0,(anonymous_30)
FNDA:0,(anonymous_31)
FNDA:0,(anonymous_32)
FNDA:0,(anonymous_33)
FNDA:0,(anonymous_34)
FNDA:0,(anonymous_35)
FNDA:0,(anonymous_36)
DA:7,0
DA:8,0
DA:9,0
DA:10,0
DA:59,0
DA:79,0
DA:82,0
DA:83,0
DA:84,0
DA:85,0
DA:86,0
DA:89,0
DA:90,0
DA:93,0
DA:94,0
DA:98,0
DA:99,0
DA:100,0
DA:101,0
DA:102,0
DA:103,0
DA:105,0
DA:108,0
DA:109,0
DA:112,0
DA:113,0
DA:114,0
DA:117,0
DA:123,0
DA:124,0
DA:126,0
DA:129,0
DA:130,0
DA:132,0
DA:135,0
DA:136,0
DA:138,0
DA:142,0
DA:144,0
DA:149,0
DA:150,0
DA:151,0
DA:152,0
DA:157,0
DA:158,0
DA:159,0
DA:160,0
DA:165,0
DA:166,0
DA:167,0
DA:168,0
DA:173,0
DA:174,0
DA:176,0
DA:184,0
DA:185,0
DA:189,0
DA:190,0
DA:192,0
DA:193,0
DA:195,0
DA:201,0
DA:202,0
DA:203,0
DA:206,0
DA:213,0
DA:214,0
DA:216,0
DA:220,0
DA:221,0
DA:222,0
DA:225,0
DA:226,0
DA:230,0
DA:231,0
DA:233,0
DA:236,0
DA:238,0
DA:240,0
DA:241,0
DA:242,0
DA:251,0
DA:252,0
DA:255,0
DA:256,0
DA:267,0
DA:268,0
DA:271,0
DA:272,0
DA:275,0
DA:276,0
DA:283,0
DA:287,0
DA:291,0
DA:298,0
DA:301,0
DA:302,0
DA:303,0
DA:305,0
DA:306,0
DA:309,0
DA:310,0
DA:311,0
DA:313,0
DA:315,0
DA:317,0
DA:318,0
DA:320,0
DA:324,0
DA:325,0
DA:329,0
DA:330,0
DA:331,0
DA:339,0
DA:340,0
DA:341,0
DA:343,0
DA:344,0
DA:345,0
DA:351,0
DA:352,0
DA:354,0
DA:355,0
DA:356,0
DA:357,0
DA:359,0
DA:361,0
DA:369,0
DA:373,0
DA:374,0
DA:377,0
DA:378,0
DA:379,0
DA:380,0
DA:383,0
DA:384,0
DA:388,0
DA:389,0
DA:392,0
DA:394,0
DA:398,0
DA:399,0
DA:400,0
DA:401,0
DA:403,0
DA:416,0
DA:417,0
DA:418,0
DA:419,0
DA:420,0
DA:422,0
DA:423,0
DA:426,0
DA:429,0
DA:430,0
DA:434,0
DA:438,0
DA:439,0
DA:440,0
DA:441,0
DA:442,0
DA:444,0
DA:452,0
DA:453,0
DA:461,0
DA:462,0
DA:466,0
DA:468,0
DA:470,0
DA:474,0
DA:499,0
DA:500,0
LF:172
LH:0
BRDA:123,0,0,0
BRDA:123,0,1,0
BRDA:124,1,0,0
BRDA:124,1,1,0
BRDA:129,2,0,0
BRDA:129,2,1,0
BRDA:135,3,0,0
BRDA:135,3,1,0
BRDA:136,4,0,0
BRDA:136,4,1,0
BRDA:151,5,0,0
BRDA:151,5,1,0
BRDA:159,6,0,0
BRDA:159,6,1,0
BRDA:167,7,0,0
BRDA:167,7,1,0
BRDA:174,8,0,0
BRDA:174,8,1,0
BRDA:190,9,0,0
BRDA:190,9,1,0
BRDA:225,10,0,0
BRDA:225,10,1,0
BRDA:230,11,0,0
BRDA:230,11,1,0
BRDA:238,12,0,0
BRDA:238,12,1,0
BRDA:246,13,0,0
BRDA:246,13,1,0
BRDA:258,14,0,0
BRDA:258,14,1,0
BRDA:261,15,0,0
BRDA:261,15,1,0
BRDA:267,16,0,0
BRDA:267,16,1,0
BRDA:275,17,0,0
BRDA:275,17,1,0
BRDA:275,18,0,0
BRDA:275,18,1,0
BRDA:278,19,0,0
BRDA:278,19,1,0
BRDA:279,20,0,0
BRDA:279,20,1,0
BRDA:302,21,0,0
BRDA:302,21,1,0
BRDA:313,22,0,0
BRDA:313,22,1,0
BRDA:315,23,0,0
BRDA:315,23,1,0
BRDA:318,24,0,0
BRDA:318,24,1,0
BRDA:324,25,0,0
BRDA:324,25,1,0
BRDA:329,26,0,0
BRDA:329,26,1,0
BRDA:329,27,0,0
BRDA:329,27,1,0
BRDA:330,28,0,0
BRDA:330,28,1,0
BRDA:340,29,0,0
BRDA:340,29,1,0
BRDA:354,30,0,0
BRDA:354,30,1,0
BRDA:356,31,0,0
BRDA:356,31,1,0
BRDA:363,32,0,0
BRDA:363,32,1,0
BRDA:378,33,0,0
BRDA:378,33,1,0
BRDA:378,34,0,0
BRDA:378,34,1,0
BRDA:388,35,0,0
BRDA:405,36,0,0
[...]
DA:217,0
LF:57
LH:0
BRDA:41,0,0,0
BRDA:41,0,1,0
BRDA:48,1,0,0
BRDA:48,1,1,0
BRDA:57,2,0,0
BRDA:57,2,1,0
BRDA:60,3,0,0
BRDA:60,3,1,0
BRDA:77,4,0,0
BRDA:77,4,1,0
BRDA:104,5,0,0
BRDA:104,5,1,0
BRDA:127,6,0,0
BRDA:127,6,1,0
BRDA:151,7,0,0
BRDA:151,7,1,0
BRDA:168,8,0,0
BRDA:168,8,1,0
BRDA:195,9,0,0
BRDA:195,9,1,0
BRDA:196,10,0,0
BRDA:196,10,1,0
BRDA:198,11,0,0
BRDA:198,11,1,0
BRDA:199,12,0,0
BRDA:199,12,1,0
BRF:26
BRH:0
end_of_record
TN:
SF:src\utils\AppUtils.ts
FN:13,(anonymous_0)
FN:26,(anonymous_1)
FN:43,(anonymous_2)
FN:60,(anonymous_3)
FN:69,(anonymous_4)
FN:78,(anonymous_5)
FN:95,(anonymous_6)
FN:103,(anonymous_7)
FN:111,(anonymous_8)
FN:118,(anonymous_9)
FN:126,(anonymous_10)
FN:136,(anonymous_11)
FN:150,(anonymous_12)
FN:171,(anonymous_13)
FN:192,(anonymous_14)
FN:205,(anonymous_15)
FN:217,(anonymous_16)
FN:223,(anonymous_17)
FN:236,(anonymous_18)
FN:240,(anonymous_19)
FN:253,(anonymous_20)
FN:260,(anonymous_21)
FN:284,(anonymous_22)
FN:289,(anonymous_23)
FN:294,(anonymous_24)
FN:299,(anonymous_25)
FN:311,(anonymous_26)
FN:324,(anonymous_27)
FN:330,(anonymous_28)
FN:332,(anonymous_29)
FN:339,(anonymous_30)
FN:345,(anonymous_31)
FN:362,(anonymous_32)
FN:370,(anonymous_33)
FN:377,(anonymous_34)
FN:384,(anonymous_35)
FN:391,(anonymous_36)
FNF:37
FNH:0
FNDA:0,(anonymous_0)
FNDA:0,(anonymous_1)
FNDA:0,(anonymous_2)
FNDA:0,(anonymous_3)
FNDA:0,(anonymous_4)
FNDA:0,(anonymous_5)
FNDA:0,(anonymous_6)
FNDA:0,(anonymous_7)
FNDA:0,(anonymous_8)
FNDA:0,(anonymous_9)
FNDA:0,(anonymous_10)
FNDA:0,(anonymous_11)
FNDA:0,(anonymous_12)
FNDA:0,(anonymous_13)
FNDA:0,(anonymous_14)
FNDA:0,(anonymous_15)
FNDA:0,(anonymous_16)
FNDA:0,(anonymous_17)
FNDA:0,(anonymous_18)
FNDA:0,(anonymous_19)
FNDA:0,(anonymous_20)
FNDA:0,(anonymous_21)
FNDA:0,(anonymous_22)
FNDA:0,(anonymous_23)
FNDA:0,(anonymous_24)
FNDA:0,(anonymous_25)
FNDA:0,(anonymous_26)
FNDA:0,(anonymous_27)
FNDA:0,(anonymous_28)
FNDA:0,(anonymous_29)
FNDA:0,(anonymous_30)
FNDA:0,(anonymous_31)
FNDA:0,(anonymous_32)
FNDA:0,(anonymous_33)
FNDA:0,(anonymous_34)
FNDA:0,(anonymous_35)
FNDA:0,(anonymous_36)
DA:9,0
DA:14,0
DA:15,0
DA:20,0
DA:27,0
DA:28,0
DA:29,0
DA:31,0
DA:32,0
DA:33,0
DA:34,0
DA:36,0
DA:44,0
DA:45,0
DA:46,0
DA:47,0
DA:48,0
DA:49,0
DA:51,0
DA:52,0
DA:53,0
DA:54,0
DA:61,0
DA:62,0
DA:63,0
DA:70,0
DA:71,0
DA:72,0
DA:79,0
DA:80,0
DA:81,0
DA:82,0
DA:83,0
DA:84,0
DA:91,0
DA:96,0
DA:97,0
DA:104,0
DA:105,0
DA:112,0
DA:119,0
DA:120,0
DA:128,0
DA:129,0
DA:130,0
DA:137,0
DA:138,0
DA:139,0
DA:146,0
DA:151,0
DA:152,0
DA:155,0
DA:157,0
DA:158,0
DA:161,0
DA:162,0
DA:165,0
DA:172,0
DA:173,0
DA:176,0
DA:178,0
DA:179,0
DA:182,0
DA:183,0
DA:186,0
DA:193,0
DA:194,0
DA:201,0
DA:206,0
DA:207,0
DA:208,0
DA:209,0
DA:211,0
DA:218,0
DA:219,0
DA:222,0
DA:223,0
DA:224,0
DA:225,0
DA:226,0
DA:228,0
DA:229,0
DA:240,0
DA:241,0
DA:242,0
DA:243,0
DA:245,0
DA:246,0
DA:260,0
DA:261,0
DA:262,0
DA:263,0
DA:265,0
DA:266,0
DA:268,0
DA:269,0
DA:272,0
DA:280,0
DA:284,0
DA:289,0
DA:294,0
DA:300,0
DA:311,0
DA:320,0
DA:330,0
DA:331,0
DA:332,0
DA:343,0
DA:345,0
DA:346,0
DA:347,0
DA:348,0
DA:349,0
DA:358,0
DA:364,0
DA:371,0
DA:378,0
DA:385,0
DA:392,0
DA:399,0
LF:120
LH:0
BRDA:13,0,0,0
BRDA:31,1,0,0
BRDA:31,1,1,0
BRDA:33,2,0,0
BRDA:33,2,1,0
BRDA:43,3,0,0
BRDA:51,4,0,0
BRDA:51,4,1,0
BRDA:52,5,0,0
BRDA:52,5,1,0
BRDA:53,6,0,0
BRDA:53,6,1,0
BRDA:69,7,0,0
BRDA:78,8,0,0
BRDA:81,9,0,0
BRDA:81,9,1,0
BRDA:96,10,0,0
BRDA:96,10,1,0
BRDA:104,11,0,0
BRDA:104,11,1,0
BRDA:104,12,0,0
BRDA:104,12,1,0
BRDA:130,13,0,0
BRDA:130,13,1,0
BRDA:137,14,0,0
BRDA:137,14,1,0
BRDA:151,15,0,0
BRDA:151,15,1,0
BRDA:151,16,0,0
BRDA:151,16,1,0
BRDA:157,17,0,0
BRDA:157,17,1,0
BRDA:161,18,0,0
BRDA:161,18,1,0
BRDA:172,19,0,0
BRDA:172,19,1,0
BRDA:172,20,0,0
BRDA:172,20,1,0
BRDA:178,21,0,0
BRDA:178,21,1,0
BRDA:182,22,0,0
BRDA:182,22,1,0
BRDA:218,23,0,0
BRDA:218,23,1,0
BRDA:225,24,0,0
BRDA:225,24,1,0
BRDA:242,25,0,0
BRDA:242,25,1,0
BRDA:265,26,0,0
BRDA:265,26,1,0
BRDA:266,27,0,0
BRDA:266,27,1,0
BRDA:268,28,0,0
BRDA:268,28,1,0
BRDA:269,29,0,0
BRDA:269,29,1,0
BRDA:312,30,0,0
BRDA:312,30,1,0
BRDA:313,31,0,0
BRDA:313,31,1,0
BRDA:347,32,0,0
BRDA:347,32,1,0
BRF:62
BRH:0
end_of_record
TN:
SF:src\utils\ColorUtils.ts
FN:12,(anonymous_0)
FN:27,(anonymous_1)
FN:38,(anonymous_2)
FN:50,(anonymous_3)
FNF:4
FNH:0
FNDA:0,(anonymous_0)
FNDA:0,(anonymous_1)
FNDA:0,(anonymous_2)
FNDA:0,(anonymous_3)
DA:6,0
DA:14,0
DA:17,0
DA:18,0
DA:21,0
DA:28,0
DA:29,0
DA:30,0
DA:32,0
DA:39,0
DA:40,0
DA:41,0
DA:42,0
DA:44,0
DA:51,0
DA:52,0
DA:53,0
DA:54,0
DA:56,0
LF:19
LH:0
BRF:0
BRH:0
end_of_record
TN:
SF:src\utils\ErrorHandler.ts
FN:27,(anonymous_0)
FN:44,(anonymous_1)
FN:59,(anonymous_2)
FN:75,(anonymous_3)
FN:92,(anonymous_4)
FN:102,(anonymous_5)
FN:120,(anonymous_6)
FN:124,(anonymous_7)
FN:128,(anonymous_8)
FN:132,(anonymous_9)
FN:139,(anonymous_10)
FN:143,(anonymous_11)
FN:154,(anonymous_12)
FN:161,(anonymous_13)
FN:168,(anonymous_14)
FN:173,(anonymous_15)
FN:179,(anonymous_16)
FN:191,(anonymous_17)
FN:219,(anonymous_18)
FN:257,(anonymous_19)
FN:279,(anonymous_20)
FN:291,(anonymous_21)
FN:292,(anonymous_22)
FN:309,withErrorHandling
FN:313,(anonymous_24)
FN:326,withSyncErrorHandling
FN:330,(anonymous_26)
FN:343,safeAsync
FN:360,safeSync
FNF:29
FNH:0
FNDA:0,(anonymous_0)
FNDA:0,(anonymous_1)
FNDA:0,(anonymous_2)
FNDA:0,(anonymous_3)
FNDA:0,(anonymous_4)
FNDA:0,(anonymous_5)
FNDA:0,(anonymous_6)
FNDA:0,(anonymous_7)
FNDA:0,(anonymous_8)
FNDA:0,(anonymous_9)
FNDA:0,(anonymous_10)
FNDA:0,(anonymous_11)
FNDA:0,(anonymous_12)
FNDA:0,(anonymous_13)
FNDA:0,(anonymous_14)
FNDA:0,(anonymous_15)
FNDA:0,(anonymous_16)
FNDA:0,(anonymous_17)
FNDA:0,(anonymous_18)
FNDA:0,(anonymous_19)
FNDA:0,(anonymous_20)
FNDA:0,(anonymous_21)
FNDA:0,(anonymous_22)
FNDA:0,withErrorHandling
FNDA:0,(anonymous_24)
FNDA:0,withSyncErrorHandling
FNDA:0,(anonymous_26)
FNDA:0,safeAsync
FNDA:0,safeSync
DA:33,0
DA:34,0
DA:35,0
DA:36,0
DA:37,0
DA:38,0
DA:45,0
DA:60,0
DA:62,0
DA:64,0
DA:66,0
DA:68,0
DA:76,0
DA:85,0
DA:86,0
DA:87,0
DA:93,0
DA:94,0
DA:96,0
DA:103,0
DA:106,0
DA:109,0
DA:112,0
DA:114,0
DA:121,0
DA:125,0
DA:129,0
DA:133,0
DA:140,0
DA:143,0
DA:144,0
DA:145,0
DA:146,0
DA:155,0
DA:162,0
DA:173,0
DA:174,0
DA:175,0
DA:178,0
DA:179,0
DA:181,0
DA:192,0
DA:193,0
DA:196,0
DA:197,0
DA:198,0
DA:204,0
DA:205,0
DA:208,0
DA:220,0
DA:221,0
DA:223,0
DA:225,0
DA:228,0
DA:230,0
DA:233,0
DA:235,0
DA:238,0
DA:240,0
DA:243,0
DA:244,0
DA:247,0
DA:248,0
DA:251,0
DA:258,0
DA:266,0
DA:267,0
DA:269,0
DA:280,0
DA:283,0
DA:284,0
DA:292,0
DA:293,0
DA:294,0
DA:296,0
DA:313,0
DA:314,0
DA:315,0
DA:317,0
DA:318,0
DA:330,0
DA:331,0
DA:332,0
DA:334,0
DA:335,0
DA:348,0
DA:349,0
DA:351,0
DA:352,0
DA:353,0
DA:365,0
DA:366,0
DA:368,0
DA:369,0
DA:370,0
DA:375,0
LF:96
LH:0
BRDA:29,0,0,0
BRDA:60,1,0,0
BRDA:60,1,1,0
BRDA:60,1,2,0
BRDA:60,1,3,0
BRDA:68,2,0,0
BRDA:68,2,1,0
BRDA:93,3,0,0
BRDA:93,3,1,0
BRDA:145,4,0,0
BRDA:145,4,1,0
BRDA:154,5,0,0
BRDA:174,6,0,0
BRDA:174,6,1,0
BRDA:192,7,0,0
BRDA:192,7,1,0
BRDA:196,8,0,0
BRDA:196,8,1,0
BRDA:204,9,0,0
BRDA:204,9,1,0
BRDA:223,10,0,0
BRDA:223,10,1,0
BRDA:223,11,0,0
BRDA:223,11,1,0
BRDA:223,11,2,0
BRDA:223,11,3,0
BRDA:228,12,0,0
BRDA:228,12,1,0
BRDA:228,13,0,0
BRDA:228,13,1,0
BRDA:228,13,2,0
BRDA:233,14,0,0
BRDA:233,14,1,0
BRDA:233,15,0,0
BRDA:233,15,1,0
BRDA:233,15,2,0
BRDA:233,15,3,0
BRDA:238,16,0,0
BRDA:238,16,1,0
BRDA:238,17,0,0
BRDA:238,17,1,0
BRDA:238,17,2,0
BRDA:243,18,0,0
BRDA:243,18,1,0
BRDA:243,19,0,0
BRDA:243,19,1,0
BRDA:247,20,0,0
BRDA:247,20,1,0
BRDA:247,21,0,0
BRDA:247,21,1,0
BRDA:266,22,0,0
BRDA:266,22,1,0
BRDA:266,23,0,0
BRDA:266,23,1,0
BRDA:283,24,0,0
BRDA:283,24,1,0
BRF:56
BRH:0
end_of_record
TN:
SF:src\utils\ResponsiveUtils.ts
FN:22,(anonymous_0)
FN:31,(anonymous_1)
FN:41,(anonymous_2)
FN:79,(anonymous_3)
FN:161,(anonymous_4)
FN:165,(anonymous_5)
FN:172,(anonymous_6)
FNF:7
FNH:0
FNDA:0,(anonymous_0)
FNDA:0,(anonymous_1)
FNDA:0,(anonymous_2)
FNDA:0,(anonymous_3)
FNDA:0,(anonymous_4)
FNDA:0,(anonymous_5)
FNDA:0,(anonymous_6)
DA:4,0
DA:5,0
DA:8,0
DA:11,0
DA:12,0
DA:22,0
DA:23,0
DA:24,0
DA:31,0
DA:32,0
DA:33,0
DA:41,0
DA:42,0
DA:43,0
DA:49,0
DA:75,0
DA:80,0
DA:81,0
DA:82,0
DA:83,0
DA:161,0
DA:162,0
DA:165,0
DA:166,0
DA:172,0
DA:173,0
LF:26
LH:0
BRDA:41,0,0,0
BRDA:55,1,0,0
BRDA:55,1,1,0
BRDA:56,2,0,0
BRDA:56,2,1,0
BRDA:61,3,0,0
BRDA:61,3,1,0
BRDA:80,4,0,0
BRDA:80,4,1,0
BRDA:80,5,0,0
BRDA:80,5,1,0
BRDA:81,6,0,0
BRDA:81,6,1,0
BRDA:82,7,0,0
BRDA:82,7,1,0
BRDA:102,8,0,0
BRDA:102,8,1,0
BRDA:103,9,0,0
BRDA:103,9,1,0
BRDA:111,10,0,0
BRDA:111,10,1,0
BRDA:112,11,0,0
BRDA:112,11,1,0
BRDA:113,12,0,0
BRDA:113,12,1,0
BRDA:172,13,0,0
BRF:26
BRH:0
end_of_record
TN:
SF:src\utils\SafeStorage.ts
FN:16,(anonymous_0)
FN:55,(anonymous_1)
FN:86,(anonymous_2)
FN:115,(anonymous_3)
FN:132,(anonymous_4)
FN:134,(anonymous_5)
FN:154,(anonymous_6)
FN:171,(anonymous_7)
FN:187,(anonymous_8)
FN:232,(anonymous_9)
FN:233,(anonymous_10)
FNF:11
FNH:11
FNDA:10,(anonymous_0)
FNDA:13,(anonymous_1)
FNDA:3,(anonymous_2)
FNDA:4,(anonymous_3)
FNDA:2,(anonymous_4)
FNDA:4,(anonymous_5)
FNDA:4,(anonymous_6)
FNDA:2,(anonymous_7)
FNDA:2,(anonymous_8)
FNDA:25,(anonymous_9)
FNDA:25,(anonymous_10)
DA:12,1
DA:13,1
DA:17,10
DA:19,10
DA:20,23
DA:21,23
DA:23,4
DA:24,2
DA:30,2
DA:31,2
DA:37,19
DA:38,19
DA:41,19
DA:42,13
DA:47,6
DA:56,13
DA:58,13
DA:59,24
DA:60,24
DA:61,24
DA:63,8
DA:69,16
DA:70,16
DA:73,16
DA:74,11
DA:79,5
DA:87,3
DA:89,3
DA:90,4
DA:91,4
DA:93,3
DA:99,1
DA:100,1
DA:102,1
DA:103,1
DA:108,0
DA:116,4
DA:117,4
DA:118,2
DA:123,2
DA:133,2
DA:134,4
DA:139,2
DA:141,1
DA:146,1
DA:155,4
DA:156,4
DA:157,4
DA:159,4
DA:160,2
DA:161,0
DA:163,0
DA:165,4
DA:166,4
DA:172,2
DA:173,2
DA:174,1
DA:179,1
DA:192,2
DA:194,2
DA:195,2
DA:202,0
DA:203,0
DA:206,0
DA:207,0
DA:208,0
DA:209,0
DA:210,0
DA:211,0
DA:212,0
DA:220,0
DA:221,0
DA:225,0
DA:233,25
LF:74
LH:59
BRDA:23,0,0,2
BRDA:23,0,1,2
BRDA:41,1,0,13
BRDA:41,1,1,6
BRDA:73,2,0,11
BRDA:73,2,1,5
BRDA:102,3,0,1
BRDA:102,3,1,0
BRDA:194,4,0,2
BRDA:194,4,1,0
BRDA:203,5,0,0
BRDA:203,5,1,0
BRDA:207,6,0,0
BRDA:207,6,1,0
BRDA:207,7,0,0
BRDA:207,7,1,0
BRDA:211,8,0,0
BRDA:211,8,1,0
BRDA:220,9,0,0
BRDA:220,9,1,0
BRF:20
BRH:8
end_of_record
TN:
SF:src\utils\SearchEngine.ts
FN:35,(anonymous_0)
FN:45,(anonymous_1)
FN:53,(anonymous_2)
FN:73,(anonymous_3)
FN:77,(anonymous_4)
FN:92,(anonymous_5)
FN:107,(anonymous_6)
FN:119,(anonymous_7)
FN:126,(anonymous_8)
FN:170,(anonymous_9)
FN:182,(anonymous_10)
FN:189,(anonymous_11)
FN:194,(anonymous_12)
FN:202,(anonymous_13)
FN:216,(anonymous_14)
FN:221,(anonymous_15)
FN:229,(anonymous_16)
FN:231,(anonymous_17)
FN:244,(anonymous_18)
FN:250,(anonymous_19)
FN:258,(anonymous_20)
FN:260,(anonymous_21)
FN:274,(anonymous_22)
FN:278,(anonymous_23)
FN:279,(anonymous_24)
FN:291,(anonymous_25)
FN:301,(anonymous_26)
FN:317,(anonymous_27)
FN:326,(anonymous_28)
FN:328,(anonymous_29)
FN:350,(anonymous_30)
FN:365,(anonymous_31)
FN:393,(anonymous_32)
FN:400,(anonymous_33)
FN:401,(anonymous_34)
FN:403,(anonymous_35)
FN:417,(anonymous_36)
FN:419,(anonymous_37)
FN:424,(anonymous_38)
FN:430,(anonymous_39)
FN:432,(anonymous_40)
FN:438,(anonymous_41)
FN:439,(anonymous_42)
FN:448,(anonymous_43)
FN:457,(anonymous_44)
FN:473,(anonymous_45)
FN:483,(anonymous_46)
FN:498,(anonymous_47)
FN:499,(anonymous_48)
FN:501,(anonymous_49)
FN:508,(anonymous_50)
FN:509,(anonymous_51)
FN:527,(anonymous_52)
FN:552,(anonymous_53)
FN:553,(anonymous_54)
FN:554,(anonymous_55)
FN:555,(anonymous_56)
FN:557,(anonymous_57)
FN:564,(anonymous_58)
FN:582,(anonymous_59)
FN:589,(anonymous_60)
FN:599,(anonymous_61)
FN:616,(anonymous_62)
FN:627,(anonymous_63)
FN:641,(anonymous_64)
FN:643,(anonymous_65)
FN:648,(anonymous_66)
FN:649,(anonymous_67)
FN:650,(anonymous_68)
FN:657,(anonymous_69)
FN:668,(anonymous_70)
FN:670,(anonymous_71)
FN:671,(anonymous_72)
FN:682,createSearchEngine
FN:698,getPhraseDifficulty
FN:699,(anonymous_75)
FNF:76
FNH:58
FNDA:28,(anonymous_0)
FNDA:30,(anonymous_1)
FNDA:170,(anonymous_2)
FNDA:680,(anonymous_3)
FNDA:2070,(anonymous_4)
FNDA:680,(anonymous_5)
FNDA:936,(anonymous_6)
FNDA:680,(anonymous_7)
FNDA:18,(anonymous_8)
FNDA:4,(anonymous_9)
FNDA:5,(anonymous_10)
FNDA:15,(anonymous_11)
FNDA:85,(anonymous_12)
FNDA:340,(anonymous_13)
FNDA:15,(anonymous_14)
FNDA:85,(anonymous_15)
FNDA:340,(anonymous_16)
FNDA:469,(anonymous_17)
FNDA:15,(anonymous_18)
FNDA:85,(anonymous_19)
FNDA:340,(anonymous_20)
FNDA:469,(anonymous_21)
FNDA:15,(anonymous_22)
FNDA:21,(anonymous_23)
FNDA:121,(anonymous_24)
FNDA:15,(anonymous_25)
FNDA:120,(anonymous_26)
FNDA:469,(anonymous_27)
FNDA:469,(anonymous_28)
FNDA:1991,(anonymous_29)
FNDA:1020,(anonymous_30)
FNDA:38,(anonymous_31)
FNDA:3,(anonymous_32)
FNDA:12,(anonymous_33)
FNDA:48,(anonymous_34)
FNDA:66,(anonymous_35)
FNDA:2,(anonymous_36)
FNDA:12,(anonymous_37)
FNDA:2,(anonymous_38)
FNDA:0,(anonymous_39)
FNDA:2,(anonymous_40)
FNDA:2,(anonymous_41)
FNDA:4,(anonymous_42)
FNDA:8,(anonymous_43)
FNDA:3,(anonymous_44)
FNDA:2,(anonymous_45)
FNDA:0,(anonymous_46)
FNDA:0,(anonymous_47)
FNDA:0,(anonymous_48)
FNDA:0,(anonymous_49)
FNDA:0,(anonymous_50)
FNDA:0,(anonymous_51)
FNDA:0,(anonymous_52)
FNDA:0,(anonymous_53)
FNDA:0,(anonymous_54)
FNDA:0,(anonymous_55)
FNDA:0,(anonymous_56)
FNDA:0,(anonymous_57)
FNDA:0,(anonymous_58)
FNDA:0,(anonymous_59)
FNDA:0,(anonymous_60)
FNDA:0,(anonymous_61)
FNDA:2,(anonymous_62)
FNDA:2,(anonymous_63)
FNDA:0,(anonymous_64)
FNDA:1,(anonymous_65)
FNDA:1,(anonymous_66)
FNDA:6,(anonymous_67)
FNDA:2,(anonymous_68)
FNDA:6,(anonymous_69)
FNDA:2,(anonymous_70)
FNDA:8,(anonymous_71)
FNDA:48,(anonymous_72)
FNDA:1,createSearchEngine
FNDA:5,getPhraseDifficulty
FNDA:14,(anonymous_75)
DA:36,28
DA:37,28
DA:38,28
DA:46,30
DA:53,30
DA:55,170
DA:58,170
DA:61,170
DA:64,170
DA:67,30
DA:75,680
DA:77,680
DA:78,2070
DA:79,1476
DA:81,2070
DA:82,2070
DA:83,1476
DA:93,680
DA:94,680
DA:97,680
DA:98,170
DA:99,312
DA:100,312
DA:101,142
DA:107,936
DA:108,680
DA:111,680
DA:113,680
DA:120,680
DA:127,18
DA:138,15
DA:140,15
DA:141,15
DA:144,15
DA:147,15
DA:150,15
DA:153,15
DA:154,15
DA:158,15
DA:159,0
DA:163,15
DA:164,0
DA:168,15
DA:169,15
DA:170,1
DA:171,4
DA:176,15
DA:177,0
DA:181,15
DA:182,5
DA:194,15
DA:195,85
DA:202,85
DA:203,340
DA:204,20
DA:205,20
DA:207,20
DA:221,15
DA:222,85
DA:229,85
DA:230,340
DA:231,340
DA:232,469
DA:233,5
DA:234,5
DA:250,15
DA:251,85
DA:258,85
DA:259,340
DA:260,340
DA:261,469
DA:262,469
DA:263,12
DA:264,12
DA:276,15
DA:278,15
DA:279,21
DA:280,121
DA:281,1
DA:282,1
DA:292,15
DA:295,15
DA:301,15
DA:302,120
DA:303,0
DA:305,120
DA:306,6
DA:310,15
DA:318,469
DA:319,469
DA:320,469
DA:327,469
DA:328,1991
DA:330,2496
DA:331,1991
DA:333,469
DA:334,1522
DA:335,6575
DA:336,6575
DA:344,469
DA:351,1020
DA:352,1020
DA:353,18
DA:357,1002
DA:359,492
DA:373,38
DA:374,38
DA:376,38
DA:378,16
DA:379,16
DA:381,22
DA:394,3
DA:396,2
DA:397,2
DA:400,2
DA:401,12
DA:402,48
DA:403,48
DA:404,66
DA:405,2
DA:411,2
DA:419,2
DA:420,12
DA:424,2
DA:429,2
DA:430,0
DA:432,2
DA:439,4
DA:445,2
DA:446,2
DA:448,8
DA:449,2
DA:451,2
DA:458,3
DA:474,2
DA:475,2
DA:476,2
DA:485,0
DA:498,0
DA:499,0
DA:501,0
DA:502,0
DA:507,0
DA:508,0
DA:509,0
DA:510,0
DA:529,0
DA:552,0
DA:553,0
DA:554,0
DA:555,0
DA:556,0
DA:558,0
DA:564,0
DA:565,0
DA:583,0
DA:586,0
DA:587,0
DA:589,0
DA:590,0
DA:591,0
DA:593,0
DA:594,0
DA:599,0
DA:600,0
DA:601,0
DA:604,0
DA:605,0
DA:607,0
DA:608,0
DA:617,2
DA:619,1
DA:623,1
DA:624,1
DA:625,1
DA:627,1
DA:628,2
DA:629,2
DA:631,2
DA:632,2
DA:634,2
DA:635,0
DA:640,1
DA:641,0
DA:643,1
DA:646,1
DA:648,1
DA:649,6
DA:650,2
DA:653,1
DA:657,1
DA:658,6
DA:660,1
DA:662,1
DA:670,2
DA:671,48
DA:672,8
DA:675,2
DA:683,1
DA:699,14
DA:700,5
DA:703,4
DA:721,4
DA:722,4
DA:723,12
DA:724,4
DA:728,0
LF:207
LH:166
BRDA:78,0,0,1476
BRDA:78,0,1,594
BRDA:82,1,0,1476
BRDA:82,1,1,594
BRDA:97,2,0,170
BRDA:97,2,1,510
BRDA:100,3,0,142
BRDA:100,3,1,170
BRDA:126,4,0,11
BRDA:127,5,0,3
BRDA:127,5,1,15
BRDA:130,6,0,12
BRDA:133,7,0,15
BRDA:134,8,0,14
BRDA:135,9,0,15
BRDA:136,10,0,15
BRDA:137,11,0,15
BRDA:153,12,0,15
BRDA:153,12,1,0
BRDA:158,13,0,0
BRDA:158,13,1,15
BRDA:163,14,0,0
BRDA:163,14,1,15
BRDA:169,15,0,1
BRDA:169,15,1,14
BRDA:176,16,0,0
BRDA:176,16,1,15
BRDA:176,17,0,15
BRDA:176,17,1,0
BRDA:203,18,0,20
BRDA:203,18,1,320
BRDA:205,19,0,9
BRDA:205,19,1,11
BRDA:232,20,0,5
BRDA:232,20,1,464
BRDA:232,21,0,469
BRDA:232,21,1,13
BRDA:262,22,0,12
BRDA:262,22,1,457
BRDA:280,23,0,1
BRDA:280,23,1,120
BRDA:302,24,0,0
BRDA:302,24,1,120
BRDA:305,25,0,6
BRDA:305,25,1,114
BRDA:320,26,0,0
BRDA:320,26,1,469
BRDA:335,27,0,192
BRDA:335,27,1,6383
BRDA:352,28,0,18
BRDA:352,28,1,1002
BRDA:357,29,0,510
BRDA:357,29,1,492
BRDA:376,30,0,16
BRDA:376,30,1,22
BRDA:393,31,0,2
BRDA:394,32,0,1
BRDA:394,32,1,2
BRDA:404,33,0,2
BRDA:404,33,1,64
BRDA:404,34,0,66
BRDA:404,34,1,2
BRDA:417,35,0,1
BRDA:420,36,0,12
BRDA:420,36,1,4
BRDA:499,37,0,0
BRDA:499,37,1,0
BRDA:502,38,0,0
BRDA:502,38,1,0
BRDA:502,38,2,0
BRDA:507,39,0,0
BRDA:507,39,1,0
BRDA:553,40,0,0
BRDA:553,40,1,0
BRDA:556,41,0,0
BRDA:556,41,1,0
BRDA:558,42,0,0
BRDA:558,42,1,0
BRDA:558,42,2,0
BRDA:583,43,0,0
BRDA:583,43,1,0
BRDA:583,44,0,0
BRDA:583,44,1,0
BRDA:590,45,0,0
BRDA:590,45,1,0
BRDA:591,46,0,0
BRDA:591,46,1,0
BRDA:593,47,0,0
BRDA:593,47,1,0
BRDA:594,48,0,0
BRDA:594,48,1,0
BRDA:600,49,0,0
BRDA:600,49,1,0
BRDA:601,50,0,0
BRDA:601,50,1,0
BRDA:607,51,0,0
BRDA:607,51,1,0
BRDA:616,52,0,0
BRDA:616,53,0,0
BRDA:617,54,0,1
BRDA:617,54,1,1
BRDA:617,55,0,2
BRDA:617,55,1,2
BRDA:628,56,0,2
BRDA:628,56,1,0
BRDA:629,57,0,2
BRDA:629,57,1,1
BRDA:631,58,0,2
BRDA:631,58,1,0
BRDA:632,59,0,2
BRDA:632,59,1,2
BRDA:634,60,0,0
BRDA:634,60,1,2
BRDA:635,61,0,0
BRDA:635,61,1,0
BRDA:658,62,0,6
BRDA:658,62,1,4
BRDA:668,63,0,0
BRDA:700,64,0,1
BRDA:700,64,1,4
BRDA:723,65,0,4
BRDA:723,65,1,8
BRDA:723,66,0,12
BRDA:723,66,1,12
BRF:124
BRH:77
end_of_record
TN:
SF:src\utils\TTSChecker.ts
FN:36,(anonymous_0)
FN:50,(anonymous_1)
FN:54,(anonymous_2)
FN:59,(anonymous_3)
FN:97,(anonymous_4)
FN:385,(anonymous_5)
FN:393,(anonymous_6)
FNF:7
FNH:0
FNDA:0,(anonymous_0)
FNDA:0,(anonymous_1)
FNDA:0,(anonymous_2)
FNDA:0,(anonymous_3)
FNDA:0,(anonymous_4)
FNDA:0,(anonymous_5)
FNDA:0,(anonymous_6)
DA:29,0
DA:30,0
DA:31,0
DA:38,0
DA:39,0
DA:43,0
DA:46,0
DA:47,0
DA:50,0
DA:51,0
DA:54,0
DA:55,0
DA:59,0
DA:60,0
DA:63,0
DA:74,0
DA:75,0
DA:77,0
DA:79,0
DA:82,0
DA:103,0
DA:105,0
DA:107,0
DA:108,0
DA:126,0
DA:131,0
DA:133,0
DA:134,0
DA:152,0
DA:157,0
DA:159,0
DA:164,0
DA:166,0
DA:171,0
DA:173,0
DA:178,0
DA:180,0
DA:185,0
DA:187,0
DA:192,0
DA:194,0
DA:199,0
DA:201,0
DA:206,0
DA:208,0
DA:213,0
DA:215,0
DA:220,0
DA:222,0
DA:227,0
DA:229,0
DA:234,0
DA:236,0
DA:241,0
DA:243,0
DA:248,0
DA:250,0
DA:255,0
DA:257,0
DA:262,0
DA:264,0
DA:269,0
DA:271,0
DA:276,0
DA:278,0
DA:283,0
DA:285,0
DA:290,0
DA:292,0
DA:297,0
DA:299,0
DA:304,0
DA:306,0
DA:311,0
DA:313,0
DA:318,0
DA:320,0
DA:325,0
DA:327,0
DA:332,0
DA:334,0
DA:339,0
DA:341,0
DA:346,0
DA:348,0
DA:355,0
DA:356,0
DA:374,0
DA:386,0
DA:387,0
DA:394,0
DA:395,0
DA:401,0
DA:407,0
DA:413,0
DA:415,0
DA:416,0
LF:97
LH:0
BRDA:39,0,0,0
BRDA:39,0,1,0
BRDA:40,1,0,0
BRDA:40,1,1,0
BRDA:55,2,0,0
BRDA:55,2,1,0
BRDA:105,3,0,0
BRDA:105,3,1,0
BRDA:107,4,0,0
BRDA:107,4,1,0
BRDA:112,5,0,0
BRDA:112,5,1,0
BRDA:131,6,0,0
BRDA:131,6,1,0
BRDA:133,7,0,0
BRDA:133,7,1,0
BRDA:138,8,0,0
BRDA:138,8,1,0
BRDA:157,9,0,0
BRDA:157,9,1,0
BRDA:164,10,0,0
BRDA:164,10,1,0
BRDA:171,11,0,0
BRDA:171,11,1,0
BRDA:178,12,0,0
BRDA:178,12,1,0
BRDA:185,13,0,0
BRDA:185,13,1,0
BRDA:192,14,0,0
BRDA:192,14,1,0
BRDA:199,15,0,0
BRDA:199,15,1,0
BRDA:206,16,0,0
BRDA:206,16,1,0
BRDA:213,17,0,0
BRDA:213,17,1,0
BRDA:220,18,0,0
BRDA:220,18,1,0
BRDA:227,19,0,0
BRDA:227,19,1,0
BRDA:234,20,0,0
BRDA:234,20,1,0
BRDA:241,21,0,0
BRDA:241,21,1,0
BRDA:248,22,0,0
BRDA:248,22,1,0
BRDA:255,23,0,0
BRDA:255,23,1,0
BRDA:262,24,0,0
BRDA:262,24,1,0
BRDA:269,25,0,0
BRDA:269,25,1,0
BRDA:276,26,0,0
BRDA:276,26,1,0
BRDA:283,27,0,0
BRDA:283,27,1,0
BRDA:290,28,0,0
BRDA:290,28,1,0
BRDA:297,29,0,0
BRDA:297,29,1,0
BRDA:304,30,0,0
BRDA:304,30,1,0
BRDA:311,31,0,0
BRDA:311,31,1,0
BRDA:318,32,0,0
BRDA:318,32,1,0
BRDA:325,33,0,0
BRDA:325,33,1,0
BRDA:332,34,0,0
BRDA:332,34,1,0
BRDA:339,35,0,0
BRDA:339,35,1,0
BRDA:346,36,0,0
BRDA:346,36,1,0
BRDA:355,37,0,0
BRDA:355,37,1,0
BRDA:360,38,0,0
BRDA:360,38,1,0
BRF:78
BRH:0
end_of_record
